SF:/home/user/tickets/scripts/cleanup.ts
FN:5,throwCollectedErrors
FN:12,collectCleanupErrors
FN:27,runCleanups
FN:35,removeIfPresent
FN:43,withCleanup
FN:86,releaseWhenStarted
FN:103,failAfterCleanups
FNDA:4,throwCollectedErrors
FNDA:4,collectCleanupErrors
FNDA:4,runCleanups
FNDA:0,removeIfPresent
FNDA:0,withCleanup
FNDA:0,releaseWhenStarted
FNDA:0,failAfterCleanups
FNF:7
FNH:3
BRDA:6,1,0,0
BRDA:7,1,1,0
BRDA:16,2,0,8
BRDA:19,2,1,0
BRF:4
BRH:1
DA:1,1
DA:5,1
DA:6,0
DA:7,0
DA:8,0
DA:9,0
DA:10,1
DA:12,1
DA:13,1
DA:15,5
DA:16,5
DA:17,13
DA:18,13
DA:19,0
DA:20,0
DA:21,0
DA:22,13
DA:23,5
DA:24,1
DA:27,1
DA:28,1
DA:30,5
DA:31,5
DA:32,1
DA:35,0
DA:36,0
DA:37,0
DA:39,0
DA:40,0
DA:43,0
DA:44,0
DA:45,0
DA:47,0
DA:53,0
DA:54,0
DA:55,0
DA:56,0
DA:57,0
DA:59,0
DA:60,0
DA:61,0
DA:62,0
DA:63,0
DA:64,0
DA:66,0
DA:68,0
DA:69,0
DA:70,0
DA:86,0
DA:87,0
DA:88,0
DA:92,0
DA:93,0
DA:94,0
DA:96,0
DA:97,0
DA:98,0
DA:99,0
DA:100,0
DA:101,0
DA:103,0
DA:104,0
DA:105,0
DA:106,0
LH:17
LF:64
end_of_record
SF:/home/user/tickets/scripts/environment-values.ts
FN:19,delete
FN:22,get
FN:23,set
FN:28,setEnvironmentValue
FN:37,applyEnvironment
FN:47,environmentTasks
FNDA:0,delete
FNDA:0,get
FNDA:0,set
FNDA:0,setEnvironmentValue
FNDA:0,applyEnvironment
FNDA:0,environmentTasks
FNF:6
FNH:0
BRF:0
BRH:0
DA:1,1
DA:16,1
DA:18,1
DA:19,0
DA:20,0
DA:21,0
DA:22,0
DA:23,0
DA:24,0
DA:25,0
DA:26,1
DA:28,0
DA:29,0
DA:30,0
DA:31,0
DA:33,0
DA:34,0
DA:35,0
DA:37,0
DA:38,0
DA:39,0
DA:41,0
DA:42,0
DA:43,0
DA:44,0
DA:46,0
DA:47,0
DA:48,0
DA:49,0
DA:50,0
DA:51,0
DA:53,0
DA:54,0
DA:55,0
DA:56,0
DA:57,0
LH:4
LF:36
end_of_record
SF:/home/user/tickets/scripts/not-found.ts
FN:5,rethrowUnlessNotFound
FNDA:0,rethrowUnlessNotFound
FNF:1
FNH:0
BRF:0
BRH:0
DA:5,0
DA:6,0
DA:7,0
LH:0
LF:3
end_of_record
SF:/home/user/tickets/src/fp.ts
FN:95,pipe
FN:105,filter
FN:113,map
FN:121,flatMap
FN:130,partition
FN:140,mapNotNullish
FN:146,firstProblem
FN:159,reduce
FN:167,sort
FN:172,sortStrings
FN:179,unique
FN:186,uniqueBy
FN:196,groupToMap
FN:207,requiredMapValue
FN:220,isNullish
FN:223,isNotNullish
FN:226,compact
FN:240,firstMatch
FN:254,once
FN:270,lazyRef
FN:275,get
FN:282,set
FN:305,bracket
FN:319,asString
FN:334,sumOf
FN:350,sumByKey
FN:361,identity
FN:366,mapBy
FN:374,mapById
FN:380,fieldById
FN:392,extendedBy
FN:400,chunk
FN:408,mapParallel
FN:429,collectionCache
FN:472,ttlCache
FN:478,clear
FN:481,get
FN:490,set
FN:493,size
FNDA:0,pipe
FNDA:1,filter
FNDA:0,map
FNDA:0,flatMap
FNDA:0,partition
FNDA:0,mapNotNullish
FNDA:0,firstProblem
FNDA:10,reduce
FNDA:1,sort
FNDA:0,sortStrings
FNDA:9,unique
FNDA:0,uniqueBy
FNDA:0,groupToMap
FNDA:0,requiredMapValue
FNDA:0,isNullish
FNDA:0,isNotNullish
FNDA:0,compact
FNDA:0,firstMatch
FNDA:6,once
FNDA:43,lazyRef
FNDA:153,get
FNDA:171,set
FNDA:0,bracket
FNDA:0,asString
FNDA:3,sumOf
FNDA:0,sumByKey
FNDA:1,identity
FNDA:6,mapBy
FNDA:6,mapById
FNDA:0,fieldById
FNDA:1,extendedBy
FNDA:0,chunk
FNDA:13,mapParallel
FNDA:0,collectionCache
FNDA:8,ttlCache
FNDA:56,clear
FNDA:0,get
FNDA:0,set
FNDA:0,size
FNF:39
FNH:16
BRDA:258,23,0,2
BRDA:276,25,0,25
BRDA:283,26,0,101
BRDA:285,26,1,70
BRDA:369,36,0,1
BRF:5
BRH:5
DA:10,1
DA:11,1
DA:12,1
DA:13,1
DA:14,1
DA:15,1
DA:16,1
DA:17,1
DA:95,0
DA:96,0
DA:98,0
DA:99,0
DA:104,0
DA:105,0
DA:106,0
DA:107,0
DA:112,0
DA:113,0
DA:114,0
DA:115,0
DA:120,0
DA:121,0
DA:122,0
DA:123,0
DA:129,0
DA:130,0
DA:131,0
DA:132,0
DA:139,0
DA:140,0
DA:141,0
DA:142,0
DA:145,0
DA:146,0
DA:147,0
DA:148,0
DA:149,0
DA:150,0
DA:151,0
DA:152,0
DA:153,0
DA:158,1
DA:159,1
DA:160,1
DA:161,1
DA:166,0
DA:167,0
DA:168,0
DA:169,0
DA:172,0
DA:173,0
DA:179,1
DA:185,0
DA:186,0
DA:187,0
DA:188,0
DA:195,0
DA:196,0
DA:197,0
DA:198,0
DA:199,0
DA:200,0
DA:201,0
DA:202,0
DA:207,0
DA:208,0
DA:209,0
DA:210,0
DA:212,0
DA:213,0
DA:214,0
DA:215,0
DA:220,0
DA:221,0
DA:223,0
DA:224,0
DA:226,0
DA:227,0
DA:240,0
DA:241,0
DA:243,0
DA:244,0
DA:245,0
DA:246,0
DA:247,0
DA:248,0
DA:254,1
DA:255,7
DA:256,7
DA:257,7
DA:258,13
DA:259,15
DA:260,15
DA:261,15
DA:262,13
DA:263,7
DA:264,1
DA:270,1
DA:271,1
DA:273,44
DA:274,44
DA:275,44
DA:276,197
DA:277,222
DA:278,222
DA:279,222
DA:280,197
DA:281,44
DA:282,44
DA:283,215
DA:284,316
DA:285,215
DA:286,285
DA:287,285
DA:288,285
DA:289,44
DA:290,176
DA:291,1
DA:304,0
DA:305,0
DA:306,0
DA:307,0
DA:308,0
DA:309,0
DA:310,0
DA:311,0
DA:312,0
DA:313,0
DA:319,0
DA:320,0
DA:326,0
DA:333,0
DA:334,0
DA:335,0
DA:336,0
DA:342,0
DA:349,0
DA:350,0
DA:351,0
DA:352,0
DA:353,0
DA:354,0
DA:355,0
DA:356,0
DA:357,0
DA:358,0
DA:361,1
DA:365,1
DA:366,1
DA:367,1
DA:368,13
DA:369,13
DA:370,13
DA:371,1
DA:374,1
DA:375,1
DA:376,1
DA:379,0
DA:380,0
DA:381,0
DA:382,0
DA:384,0
DA:391,0
DA:392,0
DA:393,0
DA:399,0
DA:400,0
DA:401,0
DA:402,0
DA:407,1
DA:408,1
DA:409,1
DA:410,1
DA:429,0
DA:430,0
DA:431,0
DA:432,0
DA:434,0
DA:435,0
DA:437,0
DA:438,0
DA:439,0
DA:440,0
DA:441,0
DA:442,0
DA:443,0
DA:444,0
DA:445,0
DA:446,0
DA:447,0
DA:448,0
DA:449,0
DA:450,0
DA:451,0
DA:452,0
DA:453,0
DA:454,0
DA:455,0
DA:456,0
DA:457,0
DA:472,1
DA:473,1
DA:474,1
DA:476,9
DA:477,9
DA:478,9
DA:479,65
DA:480,9
DA:481,0
DA:482,0
DA:483,0
DA:484,0
DA:485,0
DA:486,0
DA:487,0
DA:488,0
DA:489,0
DA:490,0
DA:491,0
DA:492,0
DA:493,0
DA:494,9
DA:495,1
LH:70
LF:223
end_of_record
SF:/home/user/tickets/src/locales/manifest.ts
FN:93,messagesFrom
FN:291,system
FNDA:71,messagesFrom
FNDA:0,system
FNF:2
FNH:1
BRDA:87,1,0,71
BRF:1
BRH:1
DA:1,3
DA:6,1
DA:7,1
DA:8,1
DA:9,1
DA:10,1
DA:11,1
DA:12,1
DA:13,1
DA:14,1
DA:15,1
DA:16,1
DA:17,1
DA:18,1
DA:19,1
DA:20,1
DA:21,1
DA:22,1
DA:23,1
DA:24,1
DA:25,1
DA:26,1
DA:27,1
DA:28,1
DA:29,1
DA:30,1
DA:31,1
DA:32,1
DA:33,1
DA:34,1
DA:35,1
DA:36,1
DA:37,1
DA:38,1
DA:39,1
DA:40,1
DA:41,1
DA:42,1
DA:43,1
DA:44,1
DA:45,1
DA:46,1
DA:47,1
DA:48,1
DA:49,1
DA:50,1
DA:51,1
DA:52,1
DA:53,1
DA:54,1
DA:55,1
DA:56,1
DA:57,1
DA:58,1
DA:59,1
DA:60,1
DA:61,1
DA:62,1
DA:63,1
DA:64,1
DA:65,1
DA:66,1
DA:67,1
DA:68,1
DA:69,1
DA:70,1
DA:71,1
DA:72,1
DA:73,1
DA:74,1
DA:75,1
DA:76,1
DA:77,1
DA:78,1
DA:79,1
DA:84,1
DA:85,1
DA:86,1
DA:87,1
DA:92,1
DA:93,1
DA:94,1
DA:95,1
DA:98,1
DA:99,1
DA:100,8
DA:102,1
DA:103,8
DA:105,1
DA:106,8
DA:108,1
DA:109,8
DA:111,1
DA:112,8
DA:114,1
DA:115,8
DA:117,1
DA:118,8
DA:120,1
DA:121,8
DA:123,1
DA:124,8
DA:126,1
DA:127,8
DA:129,1
DA:130,8
DA:132,1
DA:133,8
DA:135,1
DA:136,8
DA:138,1
DA:139,8
DA:141,1
DA:142,8
DA:144,1
DA:145,8
DA:147,1
DA:148,8
DA:150,8
DA:151,1
DA:152,8
DA:154,1
DA:155,8
DA:157,1
DA:158,8
DA:160,1
DA:161,8
DA:163,1
DA:164,8
DA:166,1
DA:167,8
DA:169,1
DA:170,8
DA:172,1
DA:173,8
DA:175,1
DA:176,8
DA:178,1
DA:179,8
DA:181,1
DA:182,8
DA:184,1
DA:185,8
DA:187,1
DA:188,8
DA:190,1
DA:191,8
DA:193,1
DA:194,8
DA:196,1
DA:197,8
DA:199,1
DA:200,8
DA:202,1
DA:203,8
DA:205,1
DA:206,8
DA:208,1
DA:209,8
DA:211,1
DA:212,8
DA:214,1
DA:215,8
DA:217,1
DA:218,8
DA:220,1
DA:221,8
DA:223,1
DA:224,8
DA:226,1
DA:227,8
DA:229,1
DA:230,8
DA:232,1
DA:233,8
DA:235,1
DA:236,8
DA:238,8
DA:239,1
DA:240,8
DA:242,1
DA:243,8
DA:245,1
DA:246,8
DA:248,1
DA:249,8
DA:251,1
DA:252,8
DA:254,1
DA:255,8
DA:257,1
DA:258,8
DA:260,1
DA:261,8
DA:263,1
DA:264,8
DA:266,1
DA:267,8
DA:269,1
DA:270,8
DA:272,1
DA:273,8
DA:275,1
DA:276,8
DA:278,1
DA:279,8
DA:281,1
DA:282,8
DA:284,8
DA:285,1
DA:286,8
DA:288,1
DA:289,8
DA:291,0
DA:292,1
DA:293,8
DA:295,1
DA:296,8
DA:298,1
DA:299,8
DA:301,1
DA:302,8
DA:304,1
DA:305,8
DA:307,1
DA:309,1
LH:225
LF:226
end_of_record
SF:/home/user/tickets/src/shared/accounting/accounts.ts
FN:76,rowAccount
FNDA:4,rowAccount
FNF:1
FNH:1
BRF:0
BRH:0
DA:7,1
DA:8,1
DA:10,1
DA:15,1
DA:16,1
DA:17,1
DA:18,1
DA:19,1
DA:20,1
DA:21,1
DA:31,1
DA:32,1
DA:33,1
DA:34,1
DA:35,1
DA:36,1
DA:38,1
DA:42,1
DA:43,1
DA:44,1
DA:45,1
DA:46,1
DA:50,1
DA:52,1
DA:53,1
DA:56,1
DA:65,1
DA:75,0
DA:76,0
DA:77,0
DA:78,0
DA:79,0
DA:80,0
DA:82,0
DA:83,0
DA:84,0
DA:87,1
DA:90,1
DA:93,1
DA:96,1
DA:104,1
DA:105,1
DA:106,1
DA:107,1
DA:108,1
DA:115,1
DA:118,1
DA:119,1
DA:120,1
DA:121,1
DA:122,1
DA:123,1
LH:43
LF:52
end_of_record
SF:/home/user/tickets/src/shared/accounting/conflicts.ts
FN:19,LedgerConflictError
FN:32,assertEventMatches
FN:75,assertReversesAgainst
FNDA:0,LedgerConflictError
FNDA:0,assertEventMatches
FNDA:0,assertReversesAgainst
FNF:3
FNH:0
BRF:0
BRH:0
DA:11,1
DA:12,1
DA:18,1
DA:19,0
DA:20,0
DA:21,0
DA:22,0
DA:23,1
DA:32,0
DA:33,0
DA:34,0
DA:35,0
DA:37,0
DA:38,0
DA:39,0
DA:40,0
DA:41,0
DA:42,0
DA:43,0
DA:45,0
DA:46,0
DA:47,0
DA:48,0
DA:49,0
DA:50,0
DA:51,0
DA:52,0
DA:54,0
DA:55,0
DA:56,0
DA:57,0
DA:58,0
DA:59,0
DA:61,0
DA:62,0
DA:63,0
DA:75,0
DA:76,0
DA:77,0
DA:79,0
DA:80,0
DA:81,0
DA:82,0
DA:83,0
DA:84,0
DA:86,0
DA:87,0
DA:88,0
DA:89,0
DA:90,0
DA:92,0
DA:93,0
LH:4
LF:52
end_of_record
SF:/home/user/tickets/src/shared/accounting/kinds.ts
FN:45,isTransferKind
FNDA:0,isTransferKind
FNF:1
FNH:0
BRF:0
BRH:0
DA:14,1
DA:16,1
DA:18,1
DA:20,1
DA:22,1
DA:24,1
DA:26,1
DA:28,1
DA:30,1
DA:31,1
DA:32,1
DA:34,1
DA:36,1
DA:37,1
DA:42,1
DA:45,0
DA:46,0
LH:15
LF:17
end_of_record
SF:/home/user/tickets/src/shared/accounting/manual-entries.ts
FN:79,moneyInto
FN:85,moneyOutOf
FN:163,manualLedgerEntryOptionsFor
FN:173,isManualLedgerTransfer
FN:186,buildManualTransferInput
FN:218,postManualLedgerEntry
FN:224,getTransferById
FN:234,assertManualLedgerTransfer
FN:243,updateManualLedgerEntry
FN:260,deleteManualLedgerEntry
FNDA:4,moneyInto
FNDA:3,moneyOutOf
FNDA:0,manualLedgerEntryOptionsFor
FNDA:0,isManualLedgerTransfer
FNDA:0,buildManualTransferInput
FNDA:0,postManualLedgerEntry
FNDA:0,getTransferById
FNDA:0,assertManualLedgerTransfer
FNDA:0,updateManualLedgerEntry
FNDA:0,deleteManualLedgerEntry
FNF:10
FNH:2
BRF:0
BRH:0
DA:10,1
DA:11,1
DA:12,1
DA:13,1
DA:14,1
DA:15,1
DA:21,1
DA:22,1
DA:23,1
DA:25,1
DA:26,1
DA:27,1
DA:28,1
DA:29,1
DA:30,1
DA:31,1
DA:33,1
DA:40,1
DA:41,1
DA:42,1
DA:43,1
DA:44,1
DA:45,1
DA:46,1
DA:47,1
DA:48,1
DA:54,1
DA:56,1
DA:78,0
DA:79,0
DA:80,0
DA:84,0
DA:85,0
DA:86,0
DA:94,1
DA:97,1
DA:98,1
DA:99,1
DA:100,1
DA:101,1
DA:102,1
DA:103,1
DA:104,1
DA:105,1
DA:106,1
DA:107,1
DA:108,1
DA:109,1
DA:110,1
DA:111,1
DA:112,1
DA:113,1
DA:114,1
DA:115,1
DA:116,1
DA:117,1
DA:118,1
DA:119,1
DA:120,1
DA:121,1
DA:122,1
DA:123,1
DA:124,1
DA:125,1
DA:126,1
DA:127,1
DA:128,1
DA:129,1
DA:130,1
DA:131,1
DA:132,1
DA:133,1
DA:134,1
DA:135,1
DA:136,1
DA:137,1
DA:138,1
DA:139,1
DA:140,1
DA:141,1
DA:142,1
DA:143,1
DA:144,1
DA:145,1
DA:146,1
DA:147,1
DA:148,1
DA:149,1
DA:150,1
DA:151,1
DA:152,1
DA:153,1
DA:154,1
DA:155,1
DA:156,1
DA:157,1
DA:158,1
DA:159,1
DA:160,1
DA:161,1
DA:163,0
DA:164,0
DA:166,0
DA:167,0
DA:168,0
DA:169,0
DA:170,0
DA:171,0
DA:173,0
DA:174,0
DA:176,0
DA:186,0
DA:187,0
DA:188,0
DA:189,0
DA:190,0
DA:191,0
DA:192,0
DA:193,0
DA:194,0
DA:195,0
DA:196,0
DA:198,0
DA:199,0
DA:200,0
DA:201,0
DA:202,0
DA:203,0
DA:204,0
DA:205,0
DA:206,0
DA:207,0
DA:208,0
DA:209,0
DA:210,0
DA:211,0
DA:212,0
DA:213,0
DA:214,0
DA:215,0
DA:216,0
DA:218,0
DA:219,0
DA:221,0
DA:222,0
DA:224,0
DA:225,0
DA:234,0
DA:235,0
DA:236,0
DA:237,0
DA:238,0
DA:239,0
DA:242,0
DA:243,0
DA:244,0
DA:245,0
DA:246,0
DA:248,0
DA:249,0
DA:250,0
DA:251,0
DA:252,0
DA:253,0
DA:254,0
DA:256,0
DA:260,0
DA:261,0
DA:263,0
DA:264,0
DA:265,0
LH:94
LF:171
end_of_record
SF:/home/user/tickets/src/shared/accounting/projection-sql.ts
FN:37,accountPredicate
FN:54,saleLegPredicate
FN:76,creditsLessWriteoffDebits
FN:98,signedSumCase
FN:110,accountBalanceSubquery
FN:122,externalCashBalanceSubquery
FN:135,billedTotalSubquery
FN:148,reservationSubtotalSubquery
FN:155,orderTotalSubquery
FN:170,attendeeOwedSubquery
FNDA:4,accountPredicate
FNDA:0,saleLegPredicate
FNDA:1,creditsLessWriteoffDebits
FNDA:1,signedSumCase
FNDA:1,accountBalanceSubquery
FNDA:0,externalCashBalanceSubquery
FNDA:0,billedTotalSubquery
FNDA:0,reservationSubtotalSubquery
FNDA:0,orderTotalSubquery
FNDA:0,attendeeOwedSubquery
FNF:10
FNH:4
BRF:0
BRH:0
DA:13,1
DA:14,1
DA:15,1
DA:16,1
DA:17,1
DA:18,1
DA:19,1
DA:20,1
DA:25,1
DA:26,4
DA:27,4
DA:28,1
DA:37,1
DA:38,1
DA:39,1
DA:40,1
DA:42,5
DA:43,5
DA:44,1
DA:54,0
DA:55,0
DA:56,0
DA:57,0
DA:59,0
DA:60,0
DA:61,0
DA:62,0
DA:76,1
DA:77,1
DA:78,1
DA:80,2
DA:81,2
DA:82,2
DA:83,2
DA:84,2
DA:85,2
DA:87,1
DA:98,1
DA:99,1
DA:100,1
DA:110,1
DA:111,1
DA:112,1
DA:114,2
DA:115,2
DA:116,2
DA:117,1
DA:122,0
DA:123,0
DA:124,0
DA:126,0
DA:127,0
DA:128,0
DA:129,0
DA:130,0
DA:131,0
DA:132,0
DA:133,0
DA:135,0
DA:136,0
DA:137,0
DA:138,0
DA:140,0
DA:141,0
DA:142,0
DA:143,0
DA:144,0
DA:148,0
DA:149,0
DA:150,0
DA:151,0
DA:155,0
DA:156,0
DA:157,0
DA:158,0
DA:159,0
DA:160,0
DA:161,0
DA:170,0
DA:171,0
LH:39
LF:80
end_of_record
SF:/home/user/tickets/src/shared/accounting/refs.ts
FN:22,digest
FN:38,eventGroup
FN:43,legReference
FNDA:0,digest
FNDA:0,eventGroup
FNDA:0,legReference
FNF:3
FNH:0
BRF:0
BRH:0
DA:17,1
DA:22,0
DA:25,0
DA:28,0
DA:29,0
DA:30,0
DA:31,0
DA:32,0
DA:33,0
DA:34,0
DA:35,0
DA:37,0
DA:38,0
DA:39,0
DA:43,0
DA:44,0
LH:1
LF:16
end_of_record
SF:/home/user/tickets/src/shared/accounting/rows.ts
FN:62,rowToTransfer
FN:82,lit
FN:93,literalId
FN:102,legColumns
FN:130,renderInsert
FN:144,insertStatement
FN:157,orIgnore
FN:169,guardedInsertStatement
FN:187,bookingLegBatchInsert
FN:220,fromDb
FN:224,fromTx
FN:229,selectTransfers
FN:239,selectByEventGroup
FN:246,selectById
FNDA:0,rowToTransfer
FNDA:0,lit
FNDA:0,literalId
FNDA:0,legColumns
FNDA:0,renderInsert
FNDA:0,insertStatement
FNDA:0,orIgnore
FNDA:0,guardedInsertStatement
FNDA:0,bookingLegBatchInsert
FNDA:0,fromDb
FNDA:0,fromTx
FNDA:0,selectTransfers
FNDA:0,selectByEventGroup
FNDA:0,selectById
FNF:14
FNH:0
BRF:0
BRH:0
DA:11,1
DA:12,1
DA:13,1
DA:14,1
DA:17,1
DA:18,1
DA:24,1
DA:25,1
DA:26,1
DA:27,1
DA:53,1
DA:54,1
DA:55,1
DA:56,1
DA:62,0
DA:63,0
DA:64,0
DA:65,0
DA:66,0
DA:67,0
DA:68,0
DA:69,0
DA:70,0
DA:71,0
DA:72,0
DA:73,0
DA:74,0
DA:75,0
DA:82,0
DA:83,0
DA:84,0
DA:85,0
DA:86,0
DA:93,0
DA:102,0
DA:103,0
DA:104,0
DA:105,0
DA:106,0
DA:107,0
DA:108,0
DA:109,0
DA:110,0
DA:111,0
DA:112,0
DA:113,0
DA:114,0
DA:115,0
DA:116,0
DA:117,0
DA:118,0
DA:119,0
DA:120,0
DA:130,0
DA:131,0
DA:132,0
DA:134,0
DA:135,0
DA:136,0
DA:137,0
DA:138,0
DA:139,0
DA:140,0
DA:141,0
DA:144,0
DA:145,0
DA:146,0
DA:147,0
DA:157,0
DA:158,0
DA:159,0
DA:160,0
DA:169,0
DA:170,0
DA:171,0
DA:172,0
DA:173,0
DA:175,0
DA:187,0
DA:188,0
DA:189,0
DA:190,0
DA:191,0
DA:192,0
DA:194,0
DA:195,0
DA:196,0
DA:197,0
DA:198,0
DA:199,0
DA:200,0
DA:201,0
DA:202,0
DA:203,0
DA:205,0
DA:220,0
DA:221,0
DA:223,0
DA:224,0
DA:225,0
DA:226,0
DA:229,0
DA:230,0
DA:231,0
DA:232,0
DA:234,0
DA:235,0
DA:236,0
DA:238,0
DA:239,0
DA:240,0
DA:241,0
DA:243,0
DA:246,0
DA:247,0
DA:248,0
DA:250,0
LH:14
LF:117
end_of_record
SF:/home/user/tickets/src/shared/accounting/store.ts
FN:55,allReferences
FN:59,assertShared
FN:76,assertPostable
FN:107,postTransfersTx
FN:128,postTransfers
FN:149,selectByColumnIn
FN:165,loadBatchSnapshot
FN:195,planGroup
FN:254,postTransferGroups
FNDA:0,allReferences
FNDA:0,assertShared
FNDA:0,assertPostable
FNDA:0,postTransfersTx
FNDA:0,postTransfers
FNDA:0,selectByColumnIn
FNDA:0,loadBatchSnapshot
FNDA:0,planGroup
FNDA:0,postTransferGroups
FNF:9
FNH:0
BRF:0
BRH:0
DA:21,1
DA:22,1
DA:23,1
DA:24,1
DA:25,1
DA:26,1
DA:27,1
DA:28,1
DA:29,1
DA:30,1
DA:31,1
DA:33,1
DA:34,1
DA:35,1
DA:36,1
DA:37,1
DA:40,1
DA:42,1
DA:43,1
DA:51,1
DA:52,4
DA:55,0
DA:56,0
DA:59,0
DA:60,0
DA:61,0
DA:62,0
DA:63,0
DA:64,0
DA:65,0
DA:67,0
DA:68,0
DA:76,0
DA:77,0
DA:78,0
DA:79,0
DA:80,0
DA:81,0
DA:82,0
DA:84,0
DA:85,0
DA:86,0
DA:87,0
DA:88,0
DA:107,0
DA:108,0
DA:109,0
DA:111,0
DA:112,0
DA:113,0
DA:114,0
DA:115,0
DA:116,0
DA:117,0
DA:128,0
DA:129,0
DA:130,0
DA:149,0
DA:150,0
DA:151,0
DA:152,0
DA:154,0
DA:155,0
DA:156,0
DA:157,0
DA:158,0
DA:165,0
DA:166,0
DA:167,0
DA:169,0
DA:170,0
DA:171,0
DA:172,0
DA:174,0
DA:175,0
DA:176,0
DA:177,0
DA:178,0
DA:179,0
DA:180,0
DA:181,0
DA:182,0
DA:183,0
DA:184,0
DA:195,0
DA:196,0
DA:197,0
DA:198,0
DA:199,0
DA:201,0
DA:202,0
DA:203,0
DA:206,0
DA:207,0
DA:208,0
DA:209,0
DA:210,0
DA:212,0
DA:213,0
DA:214,0
DA:215,0
DA:216,0
DA:217,0
DA:219,0
DA:220,0
DA:221,0
DA:222,0
DA:223,0
DA:224,0
DA:225,0
DA:227,0
DA:228,0
DA:229,0
DA:230,0
DA:254,0
DA:255,0
DA:257,0
DA:258,0
DA:262,0
DA:263,0
DA:266,0
DA:269,0
DA:270,0
DA:271,0
DA:272,0
DA:274,0
DA:275,0
DA:276,0
DA:277,0
DA:278,0
DA:279,0
DA:280,0
DA:281,0
DA:282,0
DA:287,0
DA:289,0
DA:290,0
DA:291,0
DA:292,0
DA:293,0
DA:295,0
DA:296,0
DA:297,0
DA:298,0
DA:301,0
DA:302,0
DA:303,0
DA:305,0
LH:21
LF:148
end_of_record
SF:/home/user/tickets/src/shared/address-lookup/types.ts
FNF:0
FNH:0
BRF:0
BRH:0
DA:16,1
DA:18,1
DA:21,4
DA:29,1
DA:32,1
DA:39,1
DA:40,1
DA:41,1
DA:42,1
DA:43,1
LH:10
LF:10
end_of_record
SF:/home/user/tickets/src/shared/admin-features.ts
FN:93,parseEnabledFeatures
FN:101,serializeEnabledFeatures
FN:104,setFeatureEnabled
FN:112,enabledFeaturesWithUsage
FN:120,featureBySlug
FNDA:13,parseEnabledFeatures
FNDA:13,serializeEnabledFeatures
FNDA:13,setFeatureEnabled
FNDA:0,enabledFeaturesWithUsage
FNDA:0,featureBySlug
FNF:5
FNH:3
BRDA:95,5,0,0
BRF:1
BRH:0
DA:1,1
DA:2,1
DA:9,1
DA:10,1
DA:11,1
DA:12,1
DA:13,1
DA:14,1
DA:15,1
DA:16,1
DA:17,1
DA:18,1
DA:19,1
DA:20,1
DA:21,1
DA:22,1
DA:23,1
DA:24,1
DA:25,1
DA:26,1
DA:27,1
DA:28,1
DA:29,1
DA:30,1
DA:31,1
DA:32,1
DA:33,1
DA:34,1
DA:35,1
DA:36,1
DA:37,1
DA:38,1
DA:39,1
DA:40,1
DA:41,1
DA:42,1
DA:43,1
DA:44,1
DA:45,1
DA:46,1
DA:47,1
DA:48,1
DA:49,1
DA:50,1
DA:51,1
DA:52,1
DA:53,1
DA:54,1
DA:55,1
DA:56,1
DA:57,1
DA:58,1
DA:59,1
DA:60,1
DA:61,1
DA:62,1
DA:63,1
DA:64,1
DA:65,1
DA:66,1
DA:67,1
DA:68,1
DA:74,1
DA:75,1
DA:78,1
DA:79,1
DA:80,1
DA:81,1
DA:82,1
DA:85,1
DA:87,1
DA:88,20
DA:93,0
DA:94,0
DA:95,0
DA:96,0
DA:97,0
DA:98,0
DA:101,1
DA:102,1
DA:104,1
DA:105,1
DA:106,1
DA:107,1
DA:108,30
DA:112,0
DA:113,0
DA:114,0
DA:116,0
DA:117,0
DA:120,0
DA:121,0
LH:79
LF:92
end_of_record
SF:/home/user/tickets/src/shared/asset-paths.ts
FNF:0
FNH:0
BRF:0
BRH:0
DA:8,1
DA:11,1
DA:14,1
DA:17,1
DA:20,1
DA:23,1
DA:26,1
DA:29,1
DA:32,1
LH:9
LF:9
end_of_record
SF:/home/user/tickets/src/shared/booking/signed-metadata.ts
FN:33,signedEdgeFor
FN:43,lineGroupId
FN:47,lineGroupIds
FN:51,standaloneLineListingIds
FN:59,lineNodeKey
FN:69,collectNodeKeys
FN:76,treeNodeKeys
FN:86,childIdsByParentNodeKey
FN:115,allocatedQtyByChild
FN:135,lineEdgeDrifted
FN:154,allocationEdgeDrifted
FN:166,edgeDrifted
FNDA:0,signedEdgeFor
FNDA:0,lineGroupId
FNDA:0,lineGroupIds
FNDA:0,standaloneLineListingIds
FNDA:0,lineNodeKey
FNDA:0,collectNodeKeys
FNDA:0,treeNodeKeys
FNDA:0,childIdsByParentNodeKey
FNDA:0,allocatedQtyByChild
FNDA:0,lineEdgeDrifted
FNDA:0,allocationEdgeDrifted
FNDA:0,edgeDrifted
FNF:12
FNH:0
BRF:0
BRH:0
DA:1,1
DA:2,1
DA:5,1
DA:6,1
DA:7,1
DA:8,1
DA:9,1
DA:33,0
DA:34,0
DA:35,0
DA:37,0
DA:38,0
DA:39,0
DA:43,0
DA:44,0
DA:47,0
DA:48,0
DA:51,0
DA:52,0
DA:54,0
DA:59,0
DA:60,0
DA:61,0
DA:62,0
DA:63,0
DA:64,0
DA:65,0
DA:66,0
DA:67,0
DA:69,0
DA:70,0
DA:71,0
DA:72,0
DA:76,0
DA:77,0
DA:78,0
DA:79,0
DA:80,0
DA:86,0
DA:87,0
DA:88,0
DA:89,0
DA:90,0
DA:91,0
DA:92,0
DA:94,0
DA:95,0
DA:96,0
DA:97,0
DA:98,0
DA:99,0
DA:115,0
DA:116,0
DA:118,0
DA:119,0
DA:120,0
DA:121,0
DA:122,0
DA:123,0
DA:135,0
DA:136,0
DA:137,0
DA:142,0
DA:143,0
DA:144,0
DA:145,0
DA:146,0
DA:147,0
DA:148,0
DA:149,0
DA:151,0
DA:154,0
DA:155,0
DA:156,0
DA:157,0
DA:159,0
DA:160,0
DA:161,0
DA:162,0
DA:164,0
DA:166,0
DA:167,0
DA:168,0
DA:169,0
DA:171,0
DA:172,0
DA:173,0
DA:174,0
DA:175,0
DA:176,0
DA:177,0
DA:178,0
DA:179,0
DA:180,0
DA:181,0
DA:182,0
DA:183,0
DA:184,0
DA:185,0
DA:186,0
DA:189,0
LH:7
LF:101
end_of_record
SF:/home/user/tickets/src/shared/booking/tree.ts
FN:104,standaloneListingIds
FN:116,listingNodeKey
FN:121,groupMemberNodeKey
FN:128,packageMemberNodeKey
FN:142,childNodeKey
FN:151,quantityFieldName
FN:156,customPriceFieldName
FN:160,childQuantityFieldName
FN:167,childPriceFieldName
FN:174,packageQuantityFieldName
FN:179,nodeFixedQuantity
FN:185,isMemberNodeOf
FN:194,packageSubTree
FN:205,fixedQuantitiesByListingId
FN:215,nodeQuantityFieldName
FN:232,nodePriceFieldName
FNDA:0,standaloneListingIds
FNDA:0,listingNodeKey
FNDA:0,groupMemberNodeKey
FNDA:0,packageMemberNodeKey
FNDA:0,childNodeKey
FNDA:0,quantityFieldName
FNDA:0,customPriceFieldName
FNDA:0,childQuantityFieldName
FNDA:0,childPriceFieldName
FNDA:0,packageQuantityFieldName
FNDA:0,nodeFixedQuantity
FNDA:0,isMemberNodeOf
FNDA:0,packageSubTree
FNDA:0,fixedQuantitiesByListingId
FNDA:0,nodeQuantityFieldName
FNDA:0,nodePriceFieldName
FNF:16
FNH:0
BRF:0
BRH:0
DA:104,0
DA:105,0
DA:106,0
DA:107,0
DA:108,0
DA:112,1
DA:116,0
DA:117,0
DA:121,0
DA:122,0
DA:123,0
DA:124,0
DA:128,0
DA:129,0
DA:130,0
DA:131,0
DA:142,0
DA:143,0
DA:146,1
DA:151,0
DA:152,0
DA:156,0
DA:157,0
DA:160,0
DA:161,0
DA:162,0
DA:163,0
DA:167,0
DA:168,0
DA:169,0
DA:170,0
DA:174,0
DA:175,0
DA:179,0
DA:180,0
DA:184,0
DA:185,0
DA:186,0
DA:187,0
DA:188,0
DA:189,0
DA:194,0
DA:195,0
DA:196,0
DA:197,0
DA:198,0
DA:199,0
DA:200,0
DA:205,0
DA:206,0
DA:208,0
DA:215,0
DA:216,0
DA:217,0
DA:218,0
DA:219,0
DA:222,0
DA:223,0
DA:224,0
DA:225,0
DA:226,0
DA:227,0
DA:228,0
DA:232,0
DA:233,0
DA:234,0
DA:235,0
DA:236,0
DA:237,0
LH:2
LF:69
end_of_record
SF:/home/user/tickets/src/shared/build-info.ts
FNF:0
FNH:0
BRF:0
BRH:0
DA:7,1
DA:10,1
LH:2
LF:2
end_of_record
SF:/home/user/tickets/src/shared/bulk-replace.ts
FN:46,applyNameReplacement
FN:57,computeDayOffset
FN:66,shiftUtcIsoByDays
FN:72,buildDuplicatePreview
FN:92,formatIsoForPreview
FNDA:0,applyNameReplacement
FNDA:0,computeDayOffset
FNDA:0,shiftUtcIsoByDays
FNDA:0,buildDuplicatePreview
FNDA:0,formatIsoForPreview
FNF:5
FNH:0
BRF:0
BRH:0
DA:39,1
DA:46,0
DA:47,0
DA:48,0
DA:49,0
DA:50,0
DA:57,0
DA:58,0
DA:59,0
DA:60,0
DA:66,0
DA:67,0
DA:68,0
DA:69,0
DA:72,0
DA:73,0
DA:74,0
DA:76,0
DA:77,0
DA:78,0
DA:79,0
DA:80,0
DA:81,0
DA:82,0
DA:83,0
DA:84,0
DA:92,0
DA:93,0
DA:94,0
DA:95,0
DA:96,0
DA:97,0
DA:98,0
DA:99,0
DA:100,0
DA:101,0
DA:102,0
DA:103,0
DA:104,0
LH:1
LF:39
end_of_record
SF:/home/user/tickets/src/shared/bunny-cdn.ts
FN:54,bunnyGetJson
FN:69,getEdgeScriptImpl
FN:78,withEdgeScript
FN:89,findPullZoneIdImpl
FN:107,toCnameTarget
FN:110,getCdnHostnameImpl
FN:117,okOrError
FN:121,extractBunnyErrorKey
FN:131,parseBunnyError
FN:140,pullZonePost
FN:155,bunnyKeyRequest
FN:163,bunnyJsonRequest
FN:178,loadFreeCertificate
FN:194,validateCustomDomainImpl
FN:262,getDnsZoneImpl
FN:276,buildSubdomainRecordName
FN:294,checkSubdomainAvailableImpl
FN:310,certRetryDelay
FN:317,registerBunnySubdomainImpl
FN:400,deleteDnsRecordImpl
FN:414,computeScriptRequest
FN:422,scriptAction
FN:435,publishScript
FN:457,createEdgeScriptImpl
FN:488,setEdgeScriptSecretImpl
FN:522,listEdgeScriptSecretsImpl
FN:536,publishEdgeScriptImpl
FN:543,updatePullZoneImpl
FN:558,deployScriptCodeImpl
FN:579,bunnyVoidResult
FN:584,getSecretNames
FN:588,prepareSite
FN:614,publishSite
FN:619,setSecrets
FN:650,validateCustomDomain
FN:655,checkSubdomainAvailable
FN:659,registerBunnySubdomain
FN:663,getCdnHostname
FN:668,deployScriptCode
FNDA:0,bunnyGetJson
FNDA:0,getEdgeScriptImpl
FNDA:0,withEdgeScript
FNDA:0,findPullZoneIdImpl
FNDA:0,toCnameTarget
FNDA:0,getCdnHostnameImpl
FNDA:0,okOrError
FNDA:0,extractBunnyErrorKey
FNDA:0,parseBunnyError
FNDA:0,pullZonePost
FNDA:0,bunnyKeyRequest
FNDA:0,bunnyJsonRequest
FNDA:0,loadFreeCertificate
FNDA:0,validateCustomDomainImpl
FNDA:0,getDnsZoneImpl
FNDA:0,buildSubdomainRecordName
FNDA:0,checkSubdomainAvailableImpl
FNDA:0,certRetryDelay
FNDA:0,registerBunnySubdomainImpl
FNDA:0,deleteDnsRecordImpl
FNDA:0,computeScriptRequest
FNDA:0,scriptAction
FNDA:0,publishScript
FNDA:0,createEdgeScriptImpl
FNDA:0,setEdgeScriptSecretImpl
FNDA:0,listEdgeScriptSecretsImpl
FNDA:0,publishEdgeScriptImpl
FNDA:0,updatePullZoneImpl
FNDA:0,deployScriptCodeImpl
FNDA:0,bunnyVoidResult
FNDA:0,getSecretNames
FNDA:0,prepareSite
FNDA:0,publishSite
FNDA:0,setSecrets
FNDA:0,validateCustomDomain
FNDA:0,checkSubdomainAvailable
FNDA:0,registerBunnySubdomain
FNDA:0,getCdnHostname
FNDA:0,deployScriptCode
FNF:39
FNH:0
BRF:0
BRH:0
DA:8,1
DA:9,1
DA:10,1
DA:11,1
DA:12,1
DA:13,1
DA:14,1
DA:15,1
DA:16,1
DA:18,1
DA:20,1
DA:36,1
DA:54,0
DA:55,0
DA:56,0
DA:58,0
DA:59,0
DA:60,0
DA:61,0
DA:62,0
DA:63,0
DA:69,0
DA:72,0
DA:73,0
DA:74,0
DA:78,0
DA:79,0
DA:81,0
DA:82,0
DA:83,0
DA:84,0
DA:89,0
DA:92,0
DA:93,0
DA:94,0
DA:95,0
DA:96,0
DA:97,0
DA:98,0
DA:99,0
DA:100,0
DA:101,0
DA:107,0
DA:108,0
DA:110,0
DA:111,0
DA:112,0
DA:113,0
DA:114,0
DA:117,0
DA:118,0
DA:121,0
DA:122,0
DA:123,0
DA:124,0
DA:125,0
DA:126,0
DA:127,0
DA:128,0
DA:131,0
DA:132,0
DA:133,0
DA:134,0
DA:135,0
DA:136,0
DA:137,0
DA:140,0
DA:141,0
DA:142,0
DA:143,0
DA:144,0
DA:146,0
DA:147,0
DA:149,0
DA:150,0
DA:151,0
DA:155,0
DA:156,0
DA:157,0
DA:158,0
DA:159,0
DA:163,0
DA:164,0
DA:165,0
DA:166,0
DA:168,0
DA:169,0
DA:170,0
DA:171,0
DA:172,0
DA:173,0
DA:174,0
DA:175,0
DA:178,0
DA:179,0
DA:181,0
DA:182,0
DA:183,0
DA:185,0
DA:187,0
DA:188,0
DA:194,0
DA:195,0
DA:197,0
DA:198,0
DA:199,0
DA:200,0
DA:201,0
DA:203,0
DA:205,0
DA:206,0
DA:207,0
DA:208,0
DA:209,0
DA:211,0
DA:212,0
DA:213,0
DA:214,0
DA:215,0
DA:216,0
DA:217,0
DA:219,0
DA:220,0
DA:221,0
DA:222,0
DA:223,0
DA:225,0
DA:226,0
DA:227,0
DA:228,0
DA:229,0
DA:231,0
DA:232,0
DA:233,0
DA:234,0
DA:236,0
DA:237,0
DA:257,1
DA:262,0
DA:265,0
DA:266,0
DA:267,0
DA:269,0
DA:270,0
DA:276,0
DA:277,0
DA:294,0
DA:295,0
DA:297,0
DA:298,0
DA:300,0
DA:301,0
DA:302,0
DA:303,0
DA:304,0
DA:307,1
DA:310,0
DA:317,0
DA:318,0
DA:321,0
DA:322,0
DA:323,0
DA:324,0
DA:325,0
DA:327,0
DA:328,0
DA:331,0
DA:332,0
DA:333,0
DA:334,0
DA:335,0
DA:336,0
DA:339,0
DA:340,0
DA:341,0
DA:342,0
DA:343,0
DA:344,0
DA:345,0
DA:346,0
DA:347,0
DA:348,0
DA:349,0
DA:350,0
DA:353,0
DA:354,0
DA:355,0
DA:356,0
DA:357,0
DA:358,0
DA:360,0
DA:361,0
DA:362,0
DA:365,0
DA:366,0
DA:367,0
DA:368,0
DA:369,0
DA:371,0
DA:375,0
DA:376,0
DA:377,0
DA:378,0
DA:379,0
DA:380,0
DA:381,0
DA:382,0
DA:383,0
DA:385,0
DA:387,0
DA:388,0
DA:389,0
DA:390,0
DA:391,0
DA:393,0
DA:394,0
DA:400,0
DA:401,0
DA:402,0
DA:404,0
DA:405,0
DA:406,0
DA:407,0
DA:414,0
DA:415,0
DA:416,0
DA:417,0
DA:419,0
DA:422,0
DA:423,0
DA:424,0
DA:425,0
DA:426,0
DA:428,0
DA:429,0
DA:430,0
DA:431,0
DA:435,0
DA:436,0
DA:437,0
DA:439,0
DA:457,0
DA:458,0
DA:459,0
DA:461,0
DA:462,0
DA:463,0
DA:464,0
DA:465,0
DA:466,0
DA:467,0
DA:468,0
DA:469,0
DA:472,0
DA:473,0
DA:474,0
DA:476,0
DA:477,0
DA:478,0
DA:479,0
DA:480,0
DA:481,0
DA:482,0
DA:483,0
DA:488,0
DA:489,0
DA:490,0
DA:491,0
DA:493,0
DA:494,0
DA:495,0
DA:496,0
DA:497,0
DA:498,0
DA:500,0
DA:522,0
DA:523,0
DA:525,0
DA:526,0
DA:527,0
DA:529,0
DA:530,0
DA:531,0
DA:536,0
DA:537,0
DA:543,0
DA:544,0
DA:545,0
DA:547,0
DA:558,0
DA:559,0
DA:560,0
DA:562,0
DA:563,0
DA:564,0
DA:565,0
DA:566,0
DA:568,0
DA:569,0
DA:570,0
DA:572,0
DA:573,0
DA:579,0
DA:580,0
DA:582,1
DA:583,1
DA:584,0
DA:585,0
DA:586,0
DA:587,0
DA:588,0
DA:589,0
DA:590,0
DA:591,0
DA:592,0
DA:593,0
DA:594,0
DA:595,0
DA:596,0
DA:597,0
DA:598,0
DA:599,0
DA:600,0
DA:601,0
DA:602,0
DA:603,0
DA:604,0
DA:606,0
DA:607,0
DA:608,0
DA:609,0
DA:610,0
DA:611,0
DA:612,0
DA:613,0
DA:614,0
DA:615,0
DA:616,0
DA:618,0
DA:619,0
DA:620,0
DA:621,0
DA:622,0
DA:623,0
DA:624,0
DA:625,0
DA:626,0
DA:627,0
DA:628,1
DA:631,1
DA:632,1
DA:633,1
DA:634,1
DA:635,1
DA:636,1
DA:637,1
DA:638,1
DA:639,1
DA:640,1
DA:641,1
DA:642,1
DA:643,1
DA:644,1
DA:645,1
DA:646,1
DA:647,1
DA:650,0
DA:651,0
DA:652,0
DA:655,0
DA:656,0
DA:659,0
DA:660,0
DA:663,0
DA:664,0
DA:668,0
DA:669,0
DA:670,0
DA:672,0
LH:34
LF:379
end_of_record
SF:/home/user/tickets/src/shared/cache-registry.ts
FN:26,registerCache
FN:32,getAllCacheStats
FN:83,registerCacheReset
FN:96,resetAllCaches
FN:106,setsIntersect
FN:121,registerTableInvalidation
FN:141,invalidateCachesForWrite
FN:161,invalidateCachesForTable
FN:175,registerDependencies
FNDA:10,registerCache
FNDA:0,getAllCacheStats
FNDA:1,registerCacheReset
FNDA:0,resetAllCaches
FNDA:0,setsIntersect
FNDA:19,registerTableInvalidation
FNDA:18,invalidateCachesForWrite
FNDA:8,invalidateCachesForTable
FNDA:5,registerDependencies
FNF:9
FNH:6
BRDA:126,8,0,5
BRDA:126,8,1,1
BRDA:126,8,2,18
BRDA:129,8,3,16
BRDA:146,10,0,10
BRDA:146,10,1,8
BRDA:149,10,2,0
BRDA:150,10,3,0
BRDA:152,10,4,0
BRDA:156,10,5,8
BRDA:183,13,0,0
BRF:11
BRH:7
DA:7,1
DA:18,1
DA:26,1
DA:27,11
DA:28,0
DA:29,1
DA:32,0
DA:33,0
DA:74,1
DA:78,1
DA:83,1
DA:84,2
DA:85,0
DA:86,1
DA:96,0
DA:97,0
DA:98,0
DA:99,0
DA:100,0
DA:101,0
DA:102,0
DA:103,0
DA:104,0
DA:106,0
DA:107,0
DA:108,0
DA:110,0
DA:111,0
DA:112,0
DA:121,1
DA:122,1
DA:123,1
DA:124,1
DA:126,20
DA:127,80
DA:128,20
DA:129,20
DA:130,20
DA:131,20
DA:132,20
DA:133,0
DA:134,0
DA:135,0
DA:136,0
DA:137,0
DA:138,1
DA:141,1
DA:142,1
DA:143,1
DA:145,19
DA:146,19
DA:147,27
DA:148,0
DA:149,0
DA:150,0
DA:151,0
DA:152,0
DA:153,0
DA:154,0
DA:155,27
DA:156,27
DA:157,1
DA:161,1
DA:162,20
DA:175,1
DA:176,1
DA:177,1
DA:178,1
DA:180,6
DA:181,18
DA:182,0
DA:183,0
DA:184,0
DA:185,22
DA:186,11
DA:187,6
DA:189,6
DA:190,0
DA:191,0
DA:192,0
DA:193,1
LH:44
LF:81
end_of_record
SF:/home/user/tickets/src/shared/catalog-fields/definition.ts
FN:100,matchesTransfer
FN:111,isValidCatalogApiValue
FN:119,schemaValue
FN:128,fromStoredValue
FN:138,columns
FN:160,fieldSupportsProjection
FN:169,projectCatalogField
FN:183,projectCatalogFields
FN:193,project
FNDA:0,matchesTransfer
FNDA:0,isValidCatalogApiValue
FNDA:0,schemaValue
FNDA:4,fromStoredValue
FNDA:35,columns
FNDA:39,fieldSupportsProjection
FNDA:39,projectCatalogField
FNDA:2,projectCatalogFields
FNDA:39,project
FNF:9
FNH:6
BRDA:165,11,0,0
BRDA:166,11,1,0
BRDA:175,12,0,35
BRDA:176,12,1,4
BRDA:176,12,2,35
BRDA:178,12,3,0
BRDA:179,12,4,35
BRDA:180,12,5,0
BRF:8
BRH:4
DA:4,1
DA:5,1
DA:6,1
DA:7,1
DA:8,1
DA:9,1
DA:10,1
DA:11,1
DA:12,1
DA:13,1
DA:14,1
DA:15,1
DA:16,1
DA:17,1
DA:18,1
DA:19,1
DA:20,1
DA:100,0
DA:101,0
DA:102,0
DA:103,0
DA:104,0
DA:105,0
DA:106,0
DA:107,0
DA:108,0
DA:111,0
DA:112,0
DA:113,0
DA:115,0
DA:116,0
DA:117,0
DA:119,0
DA:120,0
DA:121,0
DA:122,0
DA:123,0
DA:124,0
DA:125,0
DA:127,0
DA:128,0
DA:129,0
DA:130,0
DA:132,1
DA:133,0
DA:134,0
DA:135,0
DA:136,0
DA:138,1
DA:139,0
DA:140,0
DA:142,1
DA:143,0
DA:144,0
DA:145,0
DA:146,0
DA:147,0
DA:149,1
DA:151,1
DA:152,1
DA:153,1
DA:154,1
DA:155,1
DA:156,1
DA:157,1
DA:158,1
DA:160,1
DA:161,1
DA:162,1
DA:164,40
DA:165,0
DA:166,0
DA:167,1
DA:169,1
DA:170,1
DA:171,1
DA:172,1
DA:173,1
DA:175,40
DA:176,40
DA:177,75
DA:178,0
DA:179,0
DA:180,190
DA:181,1
DA:183,1
DA:188,1
DA:189,1
DA:190,1
DA:191,1
DA:193,3
DA:194,3
DA:196,3
DA:197,3
DA:198,3
DA:199,3
DA:200,3
DA:202,3
DA:203,3
DA:204,3
DA:205,3
DA:206,1
LH:61
LF:102
end_of_record
SF:/home/user/tickets/src/shared/catalog-fields/fields.ts
FN:34,default
FN:53,whenMissing
FN:60,default
FNDA:0,default
FNDA:0,whenMissing
FNDA:0,default
FNF:3
FNH:0
BRF:0
BRH:0
DA:2,1
DA:3,1
DA:5,1
DA:6,1
DA:7,1
DA:8,1
DA:10,1
DA:13,1
DA:18,5
DA:19,1
DA:20,1
DA:21,0
DA:22,0
DA:24,1
DA:25,6
DA:26,5
DA:27,4
DA:28,4
DA:29,6
DA:30,1
DA:31,1
DA:32,1
DA:33,1
DA:34,0
DA:35,1
DA:36,1
DA:37,1
DA:38,1
DA:39,6
DA:40,6
DA:41,1
DA:42,1
DA:43,1
DA:44,1
DA:45,1
DA:46,1
DA:47,6
DA:48,1
DA:49,1
DA:50,1
DA:51,1
DA:52,1
DA:53,0
DA:54,1
DA:55,1
DA:56,1
DA:57,6
DA:58,1
DA:59,1
DA:60,3
DA:61,1
DA:62,1
DA:63,1
DA:64,1
DA:65,1
DA:66,1
DA:67,0
DA:68,1
DA:69,1
DA:70,1
DA:71,6
DA:72,1
DA:73,1
DA:74,1
DA:75,1
DA:76,1
DA:77,1
DA:78,1
DA:79,1
DA:80,1
DA:81,0
DA:82,1
DA:83,1
DA:84,1
DA:85,6
DA:86,1
DA:87,1
DA:88,1
DA:89,1
DA:90,1
DA:91,1
DA:92,1
DA:93,1
DA:94,0
DA:95,1
DA:96,1
DA:97,1
DA:98,1
DA:99,6
DA:100,6
DA:101,1
DA:102,1
DA:103,1
DA:104,1
DA:105,1
DA:106,1
DA:107,1
DA:108,1
DA:109,1
DA:110,1
DA:111,1
DA:112,1
DA:113,1
DA:114,1
DA:115,6
DA:116,1
DA:117,1
DA:118,1
DA:119,1
DA:120,1
DA:121,1
DA:122,6
DA:123,1
DA:124,1
DA:125,1
DA:126,1
DA:127,1
DA:128,1
DA:129,6
DA:130,6
DA:131,5
DA:132,5
DA:133,1
DA:151,1
DA:152,6
DA:153,6
DA:154,1
DA:155,1
DA:156,1
DA:157,1
DA:158,1
DA:159,1
DA:160,6
DA:161,1
DA:162,1
DA:163,1
DA:164,1
DA:165,1
DA:166,1
DA:167,1
DA:168,6
DA:169,1
DA:170,1
DA:171,1
DA:172,1
DA:173,1
DA:175,1
LH:140
LF:147
end_of_record
SF:/home/user/tickets/src/shared/config.ts
FN:16,providerValue
FN:31,isPaymentsEnabled
FN:42,getBookingFee
FN:60,isIpv4Loopback
FN:72,isLocalDevelopmentHost
FN:80,loadEffectiveDomain
FN:103,seedEffectiveDomainHost
FN:108,getEffectiveDomain
FN:115,isSecureMode
FN:119,resetEffectiveDomain
FN:124,setEffectiveDomainForTest
FN:132,getEmbedHosts
FN:143,isBunnyCdnEnabled
FN:149,getBunnyApiKey
FN:155,isBunnyDnsEnabled
FN:159,isBunnyDbEnabled
FN:162,isBuilderEnabled
FN:166,getBunnyDnsZoneId
FN:169,getBunnyDnsSubdomainSuffix
FN:175,getBunnyScriptId
FN:183,getDebugKey
FN:189,getBotpoisonPublicKey
FN:196,getBotpoisonSecretKey
FN:204,isBotpoisonEnabled
FN:213,isInstanceApiEnabled
FN:217,getMainInstanceKey
FN:220,isDenoDeployEnabled
FN:226,getDenoDeployToken
FN:229,getDenoDeployOrgId
FN:233,getDenoDeployOrgSlug
FN:237,getDefaultDbProvider
FN:241,isTursoEnabled
FN:247,getTursoApiToken
FN:250,getTursoOrganization
FN:254,getTursoGroup
FN:260,slugifyForProvider
FNDA:0,providerValue
FNDA:0,isPaymentsEnabled
FNDA:0,getBookingFee
FNDA:0,isIpv4Loopback
FNDA:0,isLocalDevelopmentHost
FNDA:0,loadEffectiveDomain
FNDA:0,seedEffectiveDomainHost
FNDA:0,getEffectiveDomain
FNDA:0,isSecureMode
FNDA:4,resetEffectiveDomain
FNDA:0,setEffectiveDomainForTest
FNDA:0,getEmbedHosts
FNDA:0,isBunnyCdnEnabled
FNDA:0,getBunnyApiKey
FNDA:0,isBunnyDnsEnabled
FNDA:0,isBunnyDbEnabled
FNDA:0,isBuilderEnabled
FNDA:0,getBunnyDnsZoneId
FNDA:0,getBunnyDnsSubdomainSuffix
FNDA:0,getBunnyScriptId
FNDA:0,getDebugKey
FNDA:0,getBotpoisonPublicKey
FNDA:0,getBotpoisonSecretKey
FNDA:0,isBotpoisonEnabled
FNDA:0,isInstanceApiEnabled
FNDA:0,getMainInstanceKey
FNDA:0,isDenoDeployEnabled
FNDA:0,getDenoDeployToken
FNDA:0,getDenoDeployOrgId
FNDA:0,getDenoDeployOrgSlug
FNDA:0,getDefaultDbProvider
FNDA:0,isTursoEnabled
FNDA:0,getTursoApiToken
FNDA:0,getTursoOrganization
FNDA:0,getTursoGroup
FNDA:0,slugifyForProvider
FNF:36
FNH:1
BRF:0
BRH:0
DA:7,1
DA:8,1
DA:9,1
DA:16,0
DA:17,0
DA:18,0
DA:20,0
DA:21,0
DA:22,0
DA:23,0
DA:24,0
DA:25,0
DA:26,0
DA:31,0
DA:32,0
DA:33,0
DA:34,0
DA:35,0
DA:36,0
DA:42,0
DA:43,0
DA:50,1
DA:58,3
DA:60,0
DA:61,0
DA:62,0
DA:63,0
DA:64,0
DA:65,0
DA:66,0
DA:67,0
DA:68,0
DA:70,0
DA:72,0
DA:73,0
DA:74,0
DA:75,0
DA:76,0
DA:77,0
DA:80,0
DA:81,0
DA:82,0
DA:83,0
DA:84,0
DA:85,0
DA:86,0
DA:87,0
DA:88,0
DA:89,0
DA:90,0
DA:91,0
DA:103,0
DA:104,0
DA:105,0
DA:108,0
DA:115,0
DA:116,0
DA:119,1
DA:120,5
DA:121,1
DA:124,0
DA:125,0
DA:126,0
DA:132,0
DA:133,0
DA:134,0
DA:135,0
DA:136,0
DA:137,0
DA:143,0
DA:144,0
DA:149,0
DA:155,0
DA:156,0
DA:159,0
DA:162,0
DA:163,0
DA:166,0
DA:169,0
DA:170,0
DA:175,0
DA:183,0
DA:189,0
DA:190,0
DA:196,0
DA:197,0
DA:204,0
DA:205,0
DA:213,0
DA:214,0
DA:217,0
DA:220,0
DA:221,0
DA:222,0
DA:223,0
DA:226,0
DA:229,0
DA:230,0
DA:233,0
DA:234,0
DA:237,0
DA:238,0
DA:241,0
DA:242,0
DA:243,0
DA:244,0
DA:247,0
DA:250,0
DA:251,0
DA:254,0
DA:260,0
DA:261,0
LH:8
LF:112
end_of_record
SF:/home/user/tickets/src/shared/countries.ts
FN:158,getCountry
FN:162,isValidCountry
FNDA:4,getCountry
FNDA:0,isValidCountry
FNF:2
FNH:1
BRDA:159,1,0,0
BRF:1
BRH:0
DA:14,1
DA:15,1
DA:16,1
DA:17,1
DA:18,1
DA:19,1
DA:20,1
DA:21,1
DA:22,1
DA:23,1
DA:24,1
DA:25,1
DA:26,1
DA:27,1
DA:28,1
DA:29,1
DA:30,1
DA:31,1
DA:32,1
DA:33,1
DA:34,1
DA:35,1
DA:36,1
DA:37,1
DA:38,1
DA:39,1
DA:40,1
DA:41,1
DA:42,1
DA:43,1
DA:44,1
DA:45,1
DA:46,1
DA:47,1
DA:48,1
DA:49,1
DA:50,1
DA:51,1
DA:52,1
DA:53,1
DA:54,1
DA:55,1
DA:56,1
DA:57,1
DA:58,1
DA:59,1
DA:60,1
DA:61,1
DA:62,1
DA:63,1
DA:64,1
DA:65,1
DA:66,1
DA:67,1
DA:68,1
DA:69,1
DA:70,1
DA:71,1
DA:72,1
DA:73,1
DA:74,1
DA:75,1
DA:76,1
DA:77,1
DA:78,1
DA:79,1
DA:80,1
DA:81,1
DA:82,1
DA:83,1
DA:84,1
DA:85,1
DA:86,1
DA:87,1
DA:88,1
DA:89,1
DA:90,1
DA:91,1
DA:92,1
DA:93,1
DA:94,1
DA:95,1
DA:96,1
DA:97,1
DA:98,1
DA:99,1
DA:100,1
DA:101,1
DA:102,1
DA:103,1
DA:104,1
DA:105,1
DA:106,1
DA:107,1
DA:108,1
DA:109,1
DA:110,1
DA:111,1
DA:112,1
DA:113,1
DA:114,1
DA:115,1
DA:116,1
DA:117,1
DA:118,1
DA:119,1
DA:120,1
DA:121,1
DA:122,1
DA:123,1
DA:124,1
DA:125,1
DA:126,1
DA:127,1
DA:128,1
DA:129,1
DA:130,1
DA:131,1
DA:132,1
DA:133,1
DA:134,1
DA:135,1
DA:136,1
DA:137,1
DA:138,1
DA:139,1
DA:140,1
DA:141,1
DA:142,1
DA:143,1
DA:144,1
DA:145,1
DA:146,1
DA:147,1
DA:148,1
DA:149,1
DA:150,1
DA:151,1
DA:152,1
DA:153,1
DA:155,1
DA:158,0
DA:159,0
DA:162,0
LH:141
LF:144
end_of_record
SF:/home/user/tickets/src/shared/crypto/aes-gcm.ts
FN:45,nodeAesGcmEncrypt
FN:60,nodeAesGcmDecrypt
FN:73,aesGcmEncryptRaw
FN:87,aesGcmEncryptText
FN:94,aesGcmDecryptRaw
FN:108,importsAesKey
FN:130,aesGcmEncryptBytes
FN:147,aesGcmDecryptBytes
FNDA:12,nodeAesGcmEncrypt
FNDA:7,nodeAesGcmDecrypt
FNDA:4,aesGcmEncryptRaw
FNDA:2,aesGcmEncryptText
FNDA:2,aesGcmDecryptRaw
FNDA:2,importsAesKey
FNDA:12,aesGcmEncryptBytes
FNDA:7,aesGcmDecryptBytes
FNF:8
FNH:8
BRDA:136,8,0,0
BRDA:153,9,0,0
BRDA:159,9,1,0
BRF:3
BRH:0
DA:13,1
DA:14,1
DA:17,1
DA:20,1
DA:23,1
DA:31,1
DA:45,1
DA:46,1
DA:47,1
DA:49,13
DA:50,13
DA:51,13
DA:52,13
DA:53,13
DA:54,13
DA:56,52
DA:57,1
DA:60,1
DA:61,1
DA:62,1
DA:63,1
DA:65,8
DA:66,8
DA:67,8
DA:68,8
DA:69,8
DA:70,1
DA:73,1
DA:74,1
DA:75,1
DA:77,5
DA:78,5
DA:79,20
DA:80,5
DA:81,5
DA:83,20
DA:84,1
DA:87,1
DA:88,1
DA:89,1
DA:91,1
DA:94,1
DA:95,1
DA:96,1
DA:97,1
DA:99,1
DA:100,8
DA:101,1
DA:102,1
DA:107,0
DA:108,0
DA:109,0
DA:110,0
DA:111,0
DA:112,0
DA:113,0
DA:114,0
DA:115,0
DA:116,0
DA:119,1
DA:120,1
DA:130,0
DA:131,0
DA:132,0
DA:133,0
DA:135,0
DA:136,0
DA:137,0
DA:147,1
DA:148,1
DA:149,1
DA:150,1
DA:151,1
DA:153,0
DA:154,0
DA:155,0
DA:157,0
DA:158,0
DA:159,0
DA:160,0
DA:161,1
LH:57
LF:81
end_of_record
SF:/home/user/tickets/src/shared/crypto/encryption.ts
FN:27,decodeKeyBytes
FN:54,onEncryptionKeyChange
FN:63,setEncryptionKeyForTest
FN:74,getEncryptionKeyString
FN:99,getEncryptionKeyBytes
FN:110,importKey
FN:132,importEncryptionKey
FN:144,validateEncryptionKey
FN:149,formatPrefixed
FN:157,symmetricEncrypt
FN:171,encrypt
FN:190,parseEncryptedPayload
FN:212,symmetricDecrypt
FN:229,decrypt
FN:263,encryptBytes
FN:278,isBinaryFormat
FN:289,decryptBytes
FN:312,encryptWithKey
FN:320,decryptWithKey
FNDA:9,decodeKeyBytes
FNDA:1,onEncryptionKeyChange
FNDA:4,setEncryptionKeyForTest
FNDA:6,getEncryptionKeyString
FNDA:40,getEncryptionKeyBytes
FNDA:0,importKey
FNDA:0,importEncryptionKey
FNDA:0,validateEncryptionKey
FNDA:16,formatPrefixed
FNDA:2,symmetricEncrypt
FNDA:12,encrypt
FNDA:9,parseEncryptedPayload
FNDA:1,symmetricDecrypt
FNDA:7,decrypt
FNDA:0,encryptBytes
FNDA:0,isBinaryFormat
FNDA:0,decryptBytes
FNDA:2,encryptWithKey
FNDA:1,decryptWithKey
FNF:19
FNH:13
BRDA:30,1,0,0
BRDA:75,5,0,0
BRDA:77,5,1,0
BRDA:101,7,0,37
BRDA:101,7,1,3
BRDA:195,15,0,0
BRDA:200,15,1,0
BRF:7
BRH:2
DA:5,1
DA:6,1
DA:7,1
DA:8,1
DA:9,1
DA:10,1
DA:11,1
DA:12,1
DA:13,1
DA:15,1
DA:25,1
DA:27,1
DA:28,10
DA:30,0
DA:31,0
DA:32,0
DA:34,0
DA:36,10
DA:37,1
DA:45,0
DA:47,0
DA:53,1
DA:54,1
DA:55,2
DA:56,2
DA:63,1
DA:64,5
DA:65,5
DA:66,5
DA:67,5
DA:68,1
DA:74,1
DA:75,0
DA:77,0
DA:78,0
DA:79,0
DA:81,0
DA:84,7
DA:86,7
DA:87,1
DA:94,1
DA:96,1
DA:99,1
DA:100,41
DA:101,41
DA:102,44
DA:103,44
DA:104,44
DA:105,1
DA:110,0
DA:111,0
DA:112,0
DA:114,0
DA:115,0
DA:116,0
DA:117,0
DA:118,0
DA:119,0
DA:120,0
DA:122,0
DA:128,0
DA:129,0
DA:132,0
DA:133,0
DA:134,0
DA:135,0
DA:136,0
DA:137,0
DA:138,0
DA:144,0
DA:145,0
DA:146,0
DA:149,1
DA:150,1
DA:151,1
DA:152,1
DA:157,1
DA:158,1
DA:159,1
DA:161,3
DA:162,3
DA:163,1
DA:171,1
DA:172,1
DA:174,13
DA:175,13
DA:176,13
DA:177,13
DA:179,13
DA:180,13
DA:181,13
DA:182,13
DA:184,1
DA:190,1
DA:191,1
DA:192,1
DA:193,1
DA:195,0
DA:196,0
DA:197,0
DA:198,10
DA:199,10
DA:200,0
DA:201,0
DA:202,0
DA:203,10
DA:204,10
DA:205,10
DA:206,10
DA:207,1
DA:212,1
DA:213,1
DA:214,1
DA:216,2
DA:217,2
DA:218,2
DA:219,2
DA:221,2
DA:222,2
DA:223,1
DA:229,1
DA:230,1
DA:232,8
DA:233,8
DA:234,8
DA:235,8
DA:237,8
DA:238,8
DA:239,8
DA:240,8
DA:241,8
DA:244,8
DA:245,8
DA:246,1
DA:254,6
DA:255,1
DA:256,1
DA:263,0
DA:264,0
DA:265,0
DA:266,0
DA:267,0
DA:269,0
DA:270,0
DA:271,0
DA:272,0
DA:273,0
DA:274,0
DA:275,0
DA:278,0
DA:279,0
DA:280,0
DA:281,0
DA:282,0
DA:283,0
DA:289,0
DA:290,0
DA:292,0
DA:293,0
DA:294,0
DA:295,0
DA:296,0
DA:297,0
DA:298,0
DA:299,0
DA:300,0
DA:301,0
DA:302,0
DA:303,0
DA:304,0
DA:305,0
DA:307,0
DA:312,1
DA:313,1
DA:314,1
DA:315,1
DA:320,1
DA:321,1
DA:322,1
DA:323,1
LH:105
LF:180
end_of_record
SF:/home/user/tickets/src/shared/crypto/hashing.ts
FN:22,setFastPbkdf2ForTest
FN:25,getPbkdf2Iterations
FN:34,constantTimeEqualBytes
FN:48,derivePbkdf2Hash
FN:73,hashPassword
FN:86,verifyPassword
FN:128,hashSessionToken
FN:139,hmacHashSync
FN:145,hmacHash
FNDA:4,setFastPbkdf2ForTest
FNDA:0,getPbkdf2Iterations
FNDA:1,constantTimeEqualBytes
FNDA:0,derivePbkdf2Hash
FNDA:0,hashPassword
FNDA:0,verifyPassword
FNDA:0,hashSessionToken
FNDA:21,hmacHashSync
FNDA:18,hmacHash
FNF:9
FNH:4
BRDA:39,4,0,44
BRF:1
BRH:1
DA:5,1
DA:6,1
DA:7,1
DA:9,1
DA:15,1
DA:16,1
DA:19,0
DA:22,1
DA:23,1
DA:25,0
DA:26,0
DA:27,1
DA:28,1
DA:34,1
DA:35,1
DA:36,1
DA:38,2
DA:39,2
DA:40,46
DA:41,46
DA:42,2
DA:43,1
DA:48,0
DA:49,0
DA:50,0
DA:51,0
DA:53,0
DA:54,0
DA:55,0
DA:56,0
DA:57,0
DA:58,0
DA:59,0
DA:61,0
DA:62,0
DA:63,0
DA:64,0
DA:66,0
DA:67,0
DA:73,0
DA:74,0
DA:75,0
DA:76,0
DA:77,0
DA:78,0
DA:79,0
DA:80,0
DA:86,0
DA:87,0
DA:88,0
DA:90,0
DA:91,0
DA:92,0
DA:94,0
DA:95,0
DA:96,0
DA:97,0
DA:99,0
DA:100,0
DA:101,0
DA:102,0
DA:104,0
DA:105,0
DA:106,0
DA:108,0
DA:109,0
DA:110,0
DA:112,0
DA:113,0
DA:114,0
DA:128,0
DA:129,0
DA:130,0
DA:131,0
DA:132,0
DA:139,1
DA:140,22
DA:141,22
DA:142,22
DA:143,1
DA:145,1
DA:146,1
LH:26
LF:82
end_of_record
SF:/home/user/tickets/src/shared/crypto/keys.ts
FN:53,deriveKek
FN:89,deriveKEK
FN:104,deriveKEKFromPassword
FN:121,generateDataKey
FN:131,exportAndWrapKey
FN:143,unwrapAndImportKey
FN:166,wrapKey
FN:177,wrapDataKeyForPassword
FN:188,unwrapKey
FN:198,deriveTokenKey
FN:228,wrapKeyWithToken
FN:239,unwrapKeyWithToken
FN:252,unwrapSessionDataKey
FN:273,setRsaKeySizeForTest
FN:280,generateKeyPair
FN:308,importRsaKey
FN:325,importPublicKey
FN:331,importPrivateKey
FN:346,hybridEncrypt
FN:393,hybridDecrypt
FN:440,encryptWithOwnerKey
FN:461,getPrivateKeyFromSession
FN:486,decryptWithOwnerKey
FNDA:0,deriveKek
FNDA:0,deriveKEK
FNDA:0,deriveKEKFromPassword
FNDA:2,generateDataKey
FNDA:2,exportAndWrapKey
FNDA:1,unwrapAndImportKey
FNDA:0,wrapKey
FNDA:0,wrapDataKeyForPassword
FNDA:0,unwrapKey
FNDA:3,deriveTokenKey
FNDA:2,wrapKeyWithToken
FNDA:1,unwrapKeyWithToken
FNDA:0,unwrapSessionDataKey
FNDA:4,setRsaKeySizeForTest
FNDA:0,generateKeyPair
FNDA:0,importRsaKey
FNDA:0,importPublicKey
FNDA:0,importPrivateKey
FNDA:0,hybridEncrypt
FNDA:0,hybridDecrypt
FNDA:0,encryptWithOwnerKey
FNDA:0,getPrivateKeyFromSession
FNDA:0,decryptWithOwnerKey
FNF:23
FNH:7
BRF:0
BRH:0
DA:5,1
DA:6,1
DA:7,1
DA:8,1
DA:9,1
DA:10,1
DA:11,1
DA:12,1
DA:13,1
DA:14,1
DA:15,1
DA:16,1
DA:17,1
DA:18,1
DA:19,1
DA:20,1
DA:21,1
DA:28,1
DA:53,0
DA:54,0
DA:55,0
DA:57,0
DA:58,0
DA:59,0
DA:61,0
DA:62,0
DA:63,0
DA:64,0
DA:65,0
DA:66,0
DA:69,0
DA:70,0
DA:71,0
DA:72,0
DA:73,0
DA:74,0
DA:75,0
DA:76,0
DA:77,0
DA:78,0
DA:79,0
DA:81,0
DA:89,0
DA:90,0
DA:104,0
DA:105,0
DA:106,0
DA:107,0
DA:116,1
DA:121,1
DA:122,10
DA:123,3
DA:124,3
DA:125,1
DA:131,1
DA:132,1
DA:133,1
DA:135,3
DA:136,3
DA:137,3
DA:138,1
DA:143,1
DA:144,1
DA:145,1
DA:147,2
DA:148,2
DA:149,2
DA:150,2
DA:152,2
DA:153,2
DA:154,2
DA:155,2
DA:156,8
DA:157,2
DA:158,8
DA:160,1
DA:166,0
DA:167,0
DA:168,0
DA:169,0
DA:177,0
DA:178,0
DA:179,0
DA:180,0
DA:182,0
DA:188,0
DA:189,0
DA:190,0
DA:191,0
DA:198,1
DA:199,1
DA:200,1
DA:202,4
DA:203,4
DA:204,4
DA:205,4
DA:206,12
DA:207,4
DA:208,12
DA:210,4
DA:211,4
DA:212,4
DA:213,4
DA:214,4
DA:215,4
DA:216,4
DA:217,4
DA:218,4
DA:219,16
DA:220,4
DA:221,12
DA:223,1
DA:228,1
DA:229,1
DA:230,1
DA:232,3
DA:233,3
DA:234,1
DA:239,1
DA:240,1
DA:241,1
DA:243,2
DA:244,2
DA:245,1
DA:252,0
DA:256,0
DA:257,0
DA:258,0
DA:270,0
DA:273,1
DA:274,1
DA:280,0
DA:284,0
DA:285,0
DA:286,0
DA:287,0
DA:288,0
DA:289,0
DA:290,0
DA:291,0
DA:292,0
DA:295,0
DA:296,0
DA:297,0
DA:298,0
DA:301,0
DA:302,0
DA:303,0
DA:304,0
DA:305,0
DA:308,0
DA:309,0
DA:310,0
DA:312,0
DA:313,0
DA:314,0
DA:315,0
DA:316,0
DA:317,0
DA:318,0
DA:320,0
DA:325,0
DA:326,0
DA:331,0
DA:332,0
DA:337,1
DA:346,0
DA:347,0
DA:348,0
DA:353,0
DA:354,0
DA:355,0
DA:356,0
DA:359,0
DA:360,0
DA:361,0
DA:362,0
DA:363,0
DA:367,0
DA:368,0
DA:369,0
DA:370,0
DA:371,0
DA:373,0
DA:380,1
DA:381,1
DA:383,0
DA:384,0
DA:385,0
DA:386,0
DA:393,0
DA:394,0
DA:395,0
DA:397,0
DA:398,0
DA:400,0
DA:401,0
DA:402,0
DA:404,0
DA:405,0
DA:406,0
DA:407,0
DA:408,0
DA:410,0
DA:412,0
DA:415,0
DA:416,0
DA:417,0
DA:418,0
DA:419,0
DA:423,0
DA:424,0
DA:425,0
DA:426,0
DA:429,0
DA:430,0
DA:431,0
DA:432,0
DA:440,0
DA:441,0
DA:442,0
DA:444,0
DA:445,0
DA:446,0
DA:452,1
DA:454,0
DA:461,0
DA:462,0
DA:463,0
DA:464,0
DA:466,0
DA:467,0
DA:470,0
DA:473,0
DA:476,0
DA:478,0
DA:479,0
DA:480,0
DA:486,0
DA:487,0
DA:488,0
DA:489,0
DA:496,1
DA:497,5
DA:498,5
DA:499,1
LH:91
LF:246
end_of_record
SF:/home/user/tickets/src/shared/crypto/signed-value.ts
FN:14,verifySignedValue
FNDA:0,verifySignedValue
FNF:1
FNH:0
BRF:0
BRH:0
DA:10,1
DA:11,1
DA:12,1
DA:14,0
DA:15,0
DA:16,0
DA:17,0
DA:18,0
DA:20,0
DA:21,0
DA:22,0
DA:23,0
DA:24,0
DA:25,0
LH:3
LF:14
end_of_record
SF:/home/user/tickets/src/shared/crypto/utils.ts
FN:10,constantTimeEqual
FN:29,constantTimeCodesEqual
FN:46,getRandomBytes
FN:53,concatBytes
FN:70,toBase64
FN:76,base64ToBase64Url
FN:82,toBase64Url
FN:88,fromBase64
FN:95,fromBase64Url
FN:102,generateSecureToken
FN:111,toUpperHex
FN:116,generateTicketToken
FNDA:0,constantTimeEqual
FNDA:0,constantTimeCodesEqual
FNDA:16,getRandomBytes
FNDA:19,concatBytes
FNDA:53,toBase64
FNDA:0,base64ToBase64Url
FNDA:0,toBase64Url
FNDA:28,fromBase64
FNDA:0,fromBase64Url
FNDA:0,generateSecureToken
FNDA:0,toUpperHex
FNDA:0,generateTicketToken
FNF:12
FNH:4
BRDA:57,4,0,50
BRDA:60,4,1,50
BRF:2
BRH:2
DA:10,0
DA:11,0
DA:12,0
DA:13,0
DA:14,0
DA:15,0
DA:16,0
DA:17,0
DA:18,0
DA:20,0
DA:29,0
DA:30,0
DA:31,0
DA:32,0
DA:33,0
DA:35,0
DA:36,0
DA:37,0
DA:38,0
DA:39,0
DA:40,0
DA:41,0
DA:46,1
DA:47,17
DA:48,17
DA:49,17
DA:50,1
DA:53,1
DA:54,1
DA:56,20
DA:57,20
DA:58,20
DA:59,20
DA:60,20
DA:61,70
DA:62,70
DA:63,70
DA:64,20
DA:65,1
DA:70,1
DA:76,0
DA:77,0
DA:82,0
DA:83,0
DA:88,1
DA:89,1
DA:95,0
DA:96,0
DA:102,0
DA:103,0
DA:105,0
DA:106,0
DA:111,0
DA:116,0
LH:20
LF:54
end_of_record
SF:/home/user/tickets/src/shared/csrf.ts
FN:29,runWithCsrfContext
FN:32,csrfInvalidFormMessage
FN:35,buildMessage
FN:39,signCsrfToken
FN:50,getCurrentCsrfToken
FN:53,isSignedCsrfToken
FN:57,verifySignedCsrfToken
FNDA:0,runWithCsrfContext
FNDA:0,csrfInvalidFormMessage
FNDA:0,buildMessage
FNDA:0,signCsrfToken
FNDA:0,getCurrentCsrfToken
FNDA:0,isSignedCsrfToken
FNDA:0,verifySignedCsrfToken
FNF:7
FNH:0
BRF:0
BRH:0
DA:10,1
DA:11,1
DA:12,1
DA:13,1
DA:14,1
DA:15,1
DA:16,1
DA:17,1
DA:18,1
DA:20,1
DA:21,1
DA:24,1
DA:25,2
DA:26,1
DA:29,0
DA:32,0
DA:35,0
DA:36,0
DA:39,0
DA:40,0
DA:41,0
DA:42,0
DA:43,0
DA:44,0
DA:45,0
DA:46,0
DA:47,0
DA:50,0
DA:53,0
DA:54,0
DA:57,0
DA:58,0
DA:59,0
DA:61,0
DA:63,0
DA:64,0
DA:65,0
DA:67,0
DA:68,0
DA:69,0
DA:70,0
DA:72,0
DA:73,0
DA:74,0
DA:77,0
DA:78,0
DA:80,0
LH:14
LF:47
end_of_record
SF:/home/user/tickets/src/shared/currency.ts
FN:21,currencyFormat
FN:46,getDecimalPlaces
FN:53,formatCurrency
FN:60,formatSignedCurrency
FN:72,toMinorUnits
FN:81,toMajorUnits
FNDA:0,currencyFormat
FNDA:0,getDecimalPlaces
FNDA:0,formatCurrency
FNDA:0,formatSignedCurrency
FNDA:0,toMinorUnits
FNDA:0,toMajorUnits
FNF:6
FNH:0
BRF:0
BRH:0
DA:8,1
DA:9,1
DA:18,0
DA:19,0
DA:21,0
DA:22,0
DA:23,0
DA:24,0
DA:25,0
DA:26,0
DA:27,0
DA:28,0
DA:29,0
DA:30,0
DA:31,0
DA:32,0
DA:33,0
DA:34,0
DA:35,0
DA:36,0
DA:37,0
DA:38,0
DA:39,0
DA:40,0
DA:41,0
DA:42,0
DA:43,0
DA:46,0
DA:47,0
DA:53,0
DA:54,0
DA:55,0
DA:56,0
DA:60,0
DA:61,0
DA:62,0
DA:64,0
DA:65,0
DA:66,0
DA:72,0
DA:73,0
DA:74,0
DA:75,0
DA:81,0
DA:82,0
DA:83,0
DA:84,0
LH:2
LF:47
end_of_record
SF:/home/user/tickets/src/shared/dates.ts
FN:41,isLeapYear
FN:45,daysInMonth
FN:51,parseDateMs
FN:62,addMonthsIso
FN:87,startOfHour
FN:97,addDays
FN:104,getDayName
FN:108,isHoliday
FN:112,dateRange
FN:123,bookableRange
FN:137,isBookable
FN:149,isRangeBookable
FN:178,getAvailableDates
FN:196,getBookableStartDates
FN:209,parseIsoDateParam
FN:223,isBookingRangeValid
FN:245,getNextBookableDate
FN:275,normalizeDatetime
FN:287,formatDateLabel
FN:298,shiftMonth
FN:308,formatMonthLabel
FN:318,monthsAround
FN:333,calendarGridDates
FN:353,formatDateRangeLabelCompactEn
FN:387,formatDateRangeLabel
FN:404,bookedSpanDays
FN:422,bookedRangeLabel
FN:443,widestDatedEntry
FN:464,formatDatetimeLabel
FN:471,formatDatetimeShort
FN:479,daysAgo
FN:508,formatTimeAgo
FN:530,listingDateToCalendarDate
FN:545,formatDateLongLabel
FNDA:0,isLeapYear
FNDA:0,daysInMonth
FNDA:0,parseDateMs
FNDA:0,addMonthsIso
FNDA:0,startOfHour
FNDA:0,addDays
FNDA:0,getDayName
FNDA:0,isHoliday
FNDA:0,dateRange
FNDA:0,bookableRange
FNDA:0,isBookable
FNDA:0,isRangeBookable
FNDA:0,getAvailableDates
FNDA:0,getBookableStartDates
FNDA:0,parseIsoDateParam
FNDA:0,isBookingRangeValid
FNDA:0,getNextBookableDate
FNDA:0,normalizeDatetime
FNDA:0,formatDateLabel
FNDA:0,shiftMonth
FNDA:0,formatMonthLabel
FNDA:0,monthsAround
FNDA:0,calendarGridDates
FNDA:0,formatDateRangeLabelCompactEn
FNDA:0,formatDateRangeLabel
FNDA:0,bookedSpanDays
FNDA:0,bookedRangeLabel
FNDA:0,widestDatedEntry
FNDA:0,formatDatetimeLabel
FNDA:0,formatDatetimeShort
FNDA:0,daysAgo
FNDA:0,formatTimeAgo
FNDA:0,listingDateToCalendarDate
FNDA:0,formatDateLongLabel
FNF:34
FNH:0
BRF:0
BRH:0
DA:5,1
DA:6,1
DA:7,1
DA:8,1
DA:9,1
DA:10,1
DA:11,1
DA:12,1
DA:13,1
DA:14,1
DA:15,1
DA:16,1
DA:19,1
DA:22,1
DA:23,1
DA:24,1
DA:25,1
DA:26,1
DA:27,1
DA:28,1
DA:29,1
DA:30,1
DA:31,1
DA:32,1
DA:33,1
DA:34,1
DA:35,1
DA:38,15
DA:41,0
DA:42,0
DA:45,0
DA:46,0
DA:51,0
DA:52,0
DA:53,0
DA:54,0
DA:62,0
DA:63,0
DA:64,0
DA:65,0
DA:66,0
DA:67,0
DA:68,0
DA:69,0
DA:70,0
DA:71,0
DA:72,0
DA:73,0
DA:74,0
DA:75,0
DA:78,0
DA:79,0
DA:80,0
DA:82,0
DA:83,0
DA:84,0
DA:87,0
DA:88,0
DA:89,0
DA:90,0
DA:91,0
DA:94,1
DA:97,0
DA:98,0
DA:99,0
DA:100,0
DA:101,0
DA:104,0
DA:105,0
DA:108,0
DA:109,0
DA:112,0
DA:113,0
DA:114,0
DA:115,0
DA:116,0
DA:117,0
DA:118,0
DA:119,0
DA:120,0
DA:123,0
DA:124,0
DA:126,0
DA:127,0
DA:128,0
DA:129,0
DA:130,0
DA:131,0
DA:132,0
DA:133,0
DA:134,0
DA:137,0
DA:138,0
DA:139,0
DA:140,0
DA:142,0
DA:149,0
DA:150,0
DA:151,0
DA:152,0
DA:153,0
DA:154,0
DA:156,0
DA:157,0
DA:158,0
DA:159,0
DA:160,0
DA:161,0
DA:162,0
DA:178,0
DA:179,0
DA:180,0
DA:181,0
DA:183,0
DA:184,0
DA:185,0
DA:186,0
DA:187,0
DA:188,0
DA:196,0
DA:197,0
DA:198,0
DA:200,0
DA:201,0
DA:202,0
DA:203,0
DA:209,0
DA:210,0
DA:211,0
DA:212,0
DA:213,0
DA:214,0
DA:223,0
DA:224,0
DA:225,0
DA:226,0
DA:227,0
DA:229,0
DA:230,0
DA:231,0
DA:232,0
DA:233,0
DA:234,0
DA:235,0
DA:236,0
DA:238,0
DA:245,0
DA:246,0
DA:247,0
DA:249,0
DA:250,0
DA:251,0
DA:253,0
DA:254,0
DA:255,0
DA:256,0
DA:257,0
DA:258,0
DA:259,0
DA:260,0
DA:261,0
DA:263,0
DA:264,0
DA:265,0
DA:266,0
DA:267,0
DA:268,0
DA:269,0
DA:275,0
DA:276,0
DA:277,0
DA:278,0
DA:279,0
DA:280,0
DA:281,0
DA:287,0
DA:288,0
DA:289,0
DA:290,0
DA:291,0
DA:292,0
DA:298,0
DA:299,0
DA:300,0
DA:301,0
DA:302,0
DA:303,0
DA:308,0
DA:309,0
DA:310,0
DA:311,0
DA:318,0
DA:319,0
DA:320,0
DA:322,0
DA:323,0
DA:324,0
DA:325,0
DA:326,0
DA:333,0
DA:334,0
DA:335,0
DA:336,0
DA:337,0
DA:338,0
DA:339,0
DA:340,0
DA:341,0
DA:353,0
DA:354,0
DA:355,0
DA:357,0
DA:358,0
DA:359,0
DA:360,0
DA:361,0
DA:362,0
DA:363,0
DA:365,0
DA:366,0
DA:367,0
DA:368,0
DA:369,0
DA:370,0
DA:371,0
DA:372,0
DA:373,0
DA:374,0
DA:376,0
DA:377,0
DA:378,0
DA:379,0
DA:387,0
DA:388,0
DA:389,0
DA:391,0
DA:392,0
DA:393,0
DA:394,0
DA:395,0
DA:396,0
DA:397,0
DA:398,0
DA:399,0
DA:400,0
DA:404,0
DA:405,0
DA:406,0
DA:408,0
DA:409,0
DA:410,0
DA:412,0
DA:413,0
DA:422,0
DA:423,0
DA:424,0
DA:425,0
DA:427,0
DA:428,0
DA:429,0
DA:430,0
DA:431,0
DA:432,0
DA:433,0
DA:434,0
DA:435,0
DA:436,0
DA:443,0
DA:446,0
DA:448,0
DA:449,0
DA:450,0
DA:451,0
DA:452,0
DA:453,0
DA:454,0
DA:455,0
DA:456,0
DA:457,0
DA:458,0
DA:464,0
DA:465,0
DA:471,0
DA:472,0
DA:479,0
DA:480,0
DA:481,0
DA:482,0
DA:483,0
DA:484,0
DA:485,0
DA:486,0
DA:487,0
DA:488,0
DA:498,0
DA:499,0
DA:508,0
DA:509,0
DA:510,0
DA:512,0
DA:513,0
DA:514,0
DA:515,0
DA:516,0
DA:517,0
DA:518,0
DA:519,0
DA:520,0
DA:521,0
DA:522,0
DA:523,0
DA:530,0
DA:531,0
DA:532,0
DA:533,0
DA:534,0
DA:535,0
DA:536,0
DA:537,0
DA:545,0
DA:546,0
DA:547,0
DA:548,0
LH:29
LF:323
end_of_record
SF:/home/user/tickets/src/shared/day-names.ts
FNF:0
FNH:0
BRF:0
BRH:0
DA:8,1
DA:9,1
DA:10,1
DA:11,1
DA:12,1
DA:13,1
DA:14,1
DA:15,1
DA:16,1
DA:18,1
DA:21,4
LH:11
LF:11
end_of_record
SF:/home/user/tickets/src/shared/db/admin-feature-sql.ts
FN:4,enabledFeaturesAreValidSql
FNDA:13,enabledFeaturesAreValidSql
FNF:1
FNH:1
BRF:0
BRH:0
DA:1,1
DA:4,1
DA:5,1
DA:6,14
DA:7,14
DA:8,14
DA:10,1
LH:7
LF:7
end_of_record
SF:/home/user/tickets/src/shared/db/attendee-statuses.ts
FN:85,findStatus
FN:94,getAttendeeStatus
FN:99,getFlaggedStatus
FN:115,requirePublicStatusId
FN:124,executeStatusWrite
FN:131,getCurrentDefaults
FN:147,defaultChangeError
FN:159,clearChosenDefaults
FN:182,saveStatus
FN:217,deleteStatus
FN:273,ensureDefaultAttendeeStatus
FNDA:0,findStatus
FNDA:0,getAttendeeStatus
FNDA:2,getFlaggedStatus
FNDA:0,requirePublicStatusId
FNDA:0,executeStatusWrite
FNDA:0,getCurrentDefaults
FNDA:0,defaultChangeError
FNDA:0,clearChosenDefaults
FNDA:0,saveStatus
FNDA:0,deleteStatus
FNDA:0,ensureDefaultAttendeeStatus
FNF:11
FNH:1
BRF:0
BRH:0
DA:11,1
DA:12,1
DA:13,1
DA:14,1
DA:15,1
DA:18,1
DA:19,1
DA:21,1
DA:22,1
DA:23,1
DA:24,1
DA:27,1
DA:61,1
DA:64,1
DA:65,1
DA:66,1
DA:67,1
DA:68,1
DA:69,1
DA:70,1
DA:71,1
DA:72,1
DA:73,1
DA:74,1
DA:75,1
DA:76,1
DA:77,1
DA:79,1
DA:80,1
DA:81,1
DA:82,1
DA:85,0
DA:86,0
DA:88,0
DA:89,0
DA:90,0
DA:91,0
DA:94,0
DA:95,0
DA:98,0
DA:99,0
DA:100,0
DA:101,0
DA:102,0
DA:103,0
DA:107,1
DA:108,1
DA:111,1
DA:112,1
DA:115,0
DA:116,0
DA:124,0
DA:125,0
DA:126,0
DA:128,0
DA:129,0
DA:131,0
DA:132,0
DA:133,0
DA:135,0
DA:136,0
DA:137,0
DA:138,0
DA:140,0
DA:141,0
DA:142,0
DA:143,0
DA:144,0
DA:145,0
DA:147,0
DA:148,0
DA:149,0
DA:151,0
DA:152,0
DA:153,0
DA:154,0
DA:155,0
DA:156,0
DA:157,0
DA:159,0
DA:160,0
DA:161,0
DA:162,0
DA:164,0
DA:165,0
DA:167,0
DA:168,0
DA:169,0
DA:170,0
DA:171,0
DA:172,0
DA:173,0
DA:174,0
DA:175,0
DA:176,0
DA:177,0
DA:178,0
DA:179,0
DA:180,0
DA:182,0
DA:183,0
DA:184,0
DA:186,0
DA:187,0
DA:188,0
DA:189,0
DA:190,0
DA:191,0
DA:192,0
DA:193,0
DA:194,0
DA:195,0
DA:196,0
DA:197,0
DA:198,0
DA:199,0
DA:200,0
DA:201,0
DA:202,0
DA:203,0
DA:204,0
DA:205,0
DA:206,0
DA:208,0
DA:209,0
DA:210,0
DA:211,0
DA:212,0
DA:213,0
DA:214,0
DA:215,0
DA:217,0
DA:218,0
DA:220,0
DA:221,0
DA:223,0
DA:224,0
DA:225,0
DA:228,0
DA:229,0
DA:230,0
DA:231,0
DA:232,0
DA:233,0
DA:234,0
DA:236,0
DA:237,0
DA:238,0
DA:241,0
DA:242,0
DA:243,0
DA:245,0
DA:246,0
DA:247,0
DA:248,0
DA:249,0
DA:250,0
DA:261,1
DA:262,1
DA:263,1
DA:264,1
DA:273,0
DA:274,0
DA:275,0
DA:277,0
DA:278,0
DA:279,0
DA:280,0
DA:281,0
DA:282,0
DA:283,0
DA:284,0
DA:285,0
DA:286,0
DA:287,0
DA:288,0
DA:290,0
LH:39
LF:177
end_of_record
SF:/home/user/tickets/src/shared/db/attendees/kind.ts
FN:8,isServicing
FNDA:0,isServicing
FNF:1
FNH:0
BRF:0
BRH:0
DA:3,1
DA:4,1
DA:8,0
DA:9,0
DA:10,0
LH:2
LF:5
end_of_record
SF:/home/user/tickets/src/shared/db/client.ts
FN:62,extractUpdateColumns
FN:69,addAssignment
FN:105,writeSqlOf
FN:110,sqlOf
FN:122,invalidateForSql
FN:145,createDbClient
FN:162,databaseRoundTrip
FN:170,executeWithRoundTrip
FN:188,transactionWithRoundTripGuard
FN:207,withRoundTripGuard
FN:213,batch
FN:216,executeMultiple
FN:218,migrate
FN:220,sync
FN:221,transaction
FN:237,getDb
FN:242,setDb
FN:245,resultRows
FN:252,DatabaseBusyError
FN:267,isDatabaseLocked
FN:279,isTransientUpstreamError
FN:297,isReadSql
FN:315,retryOnTransientDatabaseError
FN:329,executeTrackedStatement
FN:345,execute
FN:358,executeWithoutCacheInvalidation
FN:363,firstRowOrNull
FN:369,executeRead
FN:378,queryAll
FN:382,queryOne
FN:385,requireQueryRow
FN:397,requireOne
FN:409,queryOnePrimary
FN:418,requireOnePrimary
FN:427,rowExists
FN:441,rowExistsForIdList
FN:446,queryIdColumn
FN:455,countRows
FN:474,deleteByFieldStatement
FN:484,deleteByField
FN:494,deleteByFieldBatch
FN:502,resetAggregates
FN:529,joinStatements
FN:538,andConditions
FN:551,runBatch
FN:559,retryOnTransientDatabaseError.retryUpstream.retryUpstream
FN:575,executeBatchWithoutCacheInvalidation
FN:587,requireReadStatements
FN:603,batchFor
FN:618,primaryReadMode
FN:648,executeBatch
FN:675,runWriteTransactionOnce
FN:745,withTransaction
FN:767,useTransaction
FN:780,writeRowInTransaction
FN:793,inPlaceholders
FN:801,rawSql
FN:820,insert
FN:848,equalityClauses
FN:883,update
FN:902,executeUpdate
FNDA:4,extractUpdateColumns
FNDA:24,addAssignment
FNDA:48,writeSqlOf
FNDA:13,sqlOf
FNDA:28,invalidateForSql
FNDA:0,createDbClient
FNDA:28,databaseRoundTrip
FNDA:2,executeWithRoundTrip
FNDA:0,transactionWithRoundTripGuard
FNDA:28,withRoundTripGuard
FNDA:15,batch
FNDA:0,executeMultiple
FNDA:0,migrate
FNDA:0,sync
FNDA:0,transaction
FNDA:28,getDb
FNDA:8,setDb
FNDA:19,resultRows
FNDA:0,DatabaseBusyError
FNDA:0,isDatabaseLocked
FNDA:0,isTransientUpstreamError
FNDA:20,isReadSql
FNDA:24,retryOnTransientDatabaseError
FNDA:13,executeTrackedStatement
FNDA:13,execute
FNDA:0,executeWithoutCacheInvalidation
FNDA:1,firstRowOrNull
FNDA:11,executeRead
FNDA:11,queryAll
FNDA:0,queryOne
FNDA:0,requireQueryRow
FNDA:0,requireOne
FNDA:1,queryOnePrimary
FNDA:0,requireOnePrimary
FNDA:0,rowExists
FNDA:0,rowExistsForIdList
FNDA:0,queryIdColumn
FNDA:0,countRows
FNDA:0,deleteByFieldStatement
FNDA:0,deleteByField
FNDA:0,deleteByFieldBatch
FNDA:0,resetAggregates
FNDA:0,joinStatements
FNDA:0,andConditions
FNDA:11,runBatch
FNDA:11,retryOnTransientDatabaseError.retryUpstream.retryUpstream
FNDA:0,executeBatchWithoutCacheInvalidation
FNDA:7,requireReadStatements
FNDA:3,batchFor
FNDA:0,primaryReadMode
FNDA:4,executeBatch
FNDA:0,runWriteTransactionOnce
FNDA:0,withTransaction
FNDA:0,useTransaction
FNDA:0,writeRowInTransaction
FNDA:9,inPlaceholders
FNDA:0,rawSql
FNDA:32,insert
FNDA:0,equalityClauses
FNDA:0,update
FNDA:0,executeUpdate
FNF:61
FNH:27
BRDA:66,1,0,0
BRDA:83,1,1,511
BRDA:85,1,2,1
BRDA:85,1,3,510
BRDA:86,1,4,1
BRDA:86,1,5,509
BRDA:87,1,6,21
BRDA:87,1,7,20
BRDA:93,1,8,0
BRDA:71,2,0,0
BRDA:105,3,0,0
BRDA:111,4,0,0
BRDA:125,5,0,18
BRDA:125,5,1,10
BRDA:129,5,2,6
BRDA:129,5,3,4
BRDA:130,5,4,6
BRDA:132,5,5,4
BRDA:134,5,6,0
BRDA:140,5,7,6
BRDA:208,15,0,0
BRDA:210,15,1,24
BRDA:210,15,2,4
BRDA:331,32,0,0
BRDA:365,35,0,0
BRDA:370,36,0,0
BRDA:372,36,1,0
BRDA:373,36,2,0
BRDA:563,53,0,15
BRDA:589,58,0,0
BRDA:608,60,0,7
BRDA:611,60,1,0
BRDA:828,71,0,96
BRDA:830,71,1,84
BRDA:830,71,2,0
BRDA:830,71,3,0
BRF:36
BRH:20
DA:9,1
DA:11,1
DA:14,1
DA:18,1
DA:19,1
DA:20,1
DA:21,1
DA:23,1
DA:24,1
DA:25,1
DA:26,1
DA:27,1
DA:28,1
DA:29,1
DA:30,1
DA:31,1
DA:32,1
DA:33,1
DA:34,1
DA:42,1
DA:43,1
DA:51,1
DA:52,1
DA:62,1
DA:63,1
DA:65,5
DA:66,0
DA:67,5
DA:68,5
DA:69,5
DA:70,29
DA:71,0
DA:72,29
DA:73,29
DA:74,29
DA:75,29
DA:76,29
DA:77,29
DA:78,29
DA:79,29
DA:80,5
DA:81,5
DA:82,5
DA:83,5
DA:84,516
DA:85,516
DA:86,1026
DA:87,1535
DA:88,1555
DA:89,1555
DA:90,1555
DA:91,516
DA:92,5
DA:93,0
DA:94,1
DA:105,0
DA:110,0
DA:111,0
DA:122,1
DA:123,29
DA:124,29
DA:125,29
DA:126,39
DA:127,39
DA:128,29
DA:129,29
DA:130,29
DA:131,29
DA:132,29
DA:133,33
DA:134,0
DA:136,0
DA:137,0
DA:138,132
DA:139,33
DA:140,29
DA:141,140
DA:142,35
DA:143,1
DA:145,0
DA:146,0
DA:147,0
DA:148,0
DA:149,0
DA:154,0
DA:155,0
DA:156,0
DA:157,0
DA:158,0
DA:160,1
DA:162,1
DA:163,29
DA:164,29
DA:165,1
DA:169,1
DA:170,1
DA:171,1
DA:172,1
DA:173,1
DA:176,0
DA:177,0
DA:182,1
DA:183,1
DA:184,14
DA:185,1
DA:188,0
DA:189,0
DA:190,0
DA:191,0
DA:192,0
DA:194,0
DA:195,0
DA:196,0
DA:197,0
DA:198,0
DA:199,0
DA:201,0
DA:202,0
DA:203,0
DA:205,1
DA:207,1
DA:208,0
DA:209,29
DA:210,29
DA:211,33
DA:212,33
DA:213,33
DA:214,33
DA:215,33
DA:216,0
DA:217,0
DA:218,0
DA:219,0
DA:220,0
DA:221,0
DA:222,0
DA:223,0
DA:224,0
DA:227,33
DA:228,33
DA:229,33
DA:230,1
DA:232,1
DA:237,1
DA:242,1
DA:245,1
DA:246,1
DA:251,1
DA:252,0
DA:253,0
DA:254,0
DA:255,1
DA:260,5
DA:267,0
DA:268,0
DA:269,0
DA:276,1
DA:277,1
DA:279,0
DA:280,0
DA:281,0
DA:282,0
DA:288,1
DA:297,1
DA:315,0
DA:316,0
DA:317,0
DA:319,0
DA:320,0
DA:321,0
DA:322,0
DA:323,0
DA:329,1
DA:330,1
DA:331,55
DA:345,1
DA:346,14
DA:347,14
DA:348,14
DA:349,1
DA:358,0
DA:359,0
DA:360,0
DA:363,1
DA:364,2
DA:365,0
DA:366,1
DA:369,1
DA:370,0
DA:371,12
DA:372,12
DA:373,36
DA:374,0
DA:375,1
DA:378,1
DA:379,1
DA:382,0
DA:383,0
DA:385,0
DA:386,0
DA:387,0
DA:388,0
DA:390,0
DA:391,0
DA:392,0
DA:393,0
DA:394,0
DA:397,0
DA:398,0
DA:409,1
DA:410,1
DA:411,1
DA:413,12
DA:414,2
DA:415,1
DA:418,0
DA:419,0
DA:427,0
DA:428,0
DA:429,0
DA:430,0
DA:440,0
DA:441,0
DA:442,0
DA:443,0
DA:446,0
DA:447,0
DA:448,0
DA:450,0
DA:451,0
DA:452,0
DA:455,0
DA:457,0
DA:458,0
DA:459,0
DA:461,0
DA:462,0
DA:474,0
DA:475,0
DA:476,0
DA:477,0
DA:478,0
DA:479,0
DA:480,0
DA:481,0
DA:484,0
DA:485,0
DA:486,0
DA:487,0
DA:489,0
DA:490,0
DA:491,0
DA:494,0
DA:495,0
DA:496,0
DA:502,0
DA:503,0
DA:504,0
DA:505,0
DA:506,0
DA:508,0
DA:509,0
DA:510,0
DA:511,0
DA:512,0
DA:513,0
DA:529,0
DA:530,0
DA:531,0
DA:532,0
DA:533,0
DA:534,0
DA:535,0
DA:538,0
DA:539,0
DA:540,0
DA:541,0
DA:542,0
DA:543,0
DA:551,1
DA:552,1
DA:553,1
DA:554,1
DA:555,1
DA:557,12
DA:558,12
DA:559,12
DA:560,23
DA:561,12
DA:563,12
DA:564,27
DA:565,27
DA:566,12
DA:567,1
DA:575,0
DA:576,0
DA:578,0
DA:579,0
DA:587,1
DA:588,8
DA:589,0
DA:590,0
DA:591,0
DA:593,0
DA:594,8
DA:595,1
DA:602,1
DA:603,1
DA:604,1
DA:605,1
DA:607,1
DA:608,15
DA:609,0
DA:610,0
DA:611,0
DA:612,0
DA:613,0
DA:615,1
DA:618,0
DA:619,0
DA:620,0
DA:621,0
DA:624,0
DA:625,0
DA:626,0
DA:638,1
DA:645,1
DA:648,1
DA:649,1
DA:651,5
DA:652,1
DA:675,0
DA:676,0
DA:678,0
DA:679,0
DA:680,0
DA:681,0
DA:682,0
DA:683,0
DA:684,0
DA:685,0
DA:686,0
DA:687,0
DA:688,0
DA:689,0
DA:690,0
DA:691,0
DA:695,0
DA:696,0
DA:699,0
DA:700,0
DA:701,0
DA:702,0
DA:703,0
DA:704,0
DA:705,0
DA:706,0
DA:707,0
DA:710,0
DA:711,0
DA:712,0
DA:713,0
DA:722,3
DA:745,0
DA:746,0
DA:747,0
DA:749,0
DA:751,0
DA:752,0
DA:753,0
DA:757,0
DA:758,0
DA:759,0
DA:760,0
DA:761,0
DA:762,0
DA:767,0
DA:768,0
DA:769,0
DA:771,0
DA:780,0
DA:781,0
DA:782,0
DA:783,0
DA:785,0
DA:786,0
DA:787,0
DA:788,0
DA:789,0
DA:790,0
DA:793,1
DA:794,1
DA:797,1
DA:801,0
DA:820,1
DA:821,1
DA:822,1
DA:824,33
DA:825,33
DA:826,33
DA:828,33
DA:829,129
DA:830,0
DA:831,0
DA:832,0
DA:833,129
DA:834,129
DA:835,129
DA:836,129
DA:838,33
DA:839,33
DA:840,33
DA:841,33
DA:842,33
DA:843,33
DA:844,1
DA:847,0
DA:848,0
DA:849,0
DA:850,0
DA:852,0
DA:853,0
DA:854,0
DA:855,0
DA:856,0
DA:857,0
DA:858,0
DA:883,0
DA:884,0
DA:885,0
DA:886,0
DA:888,0
DA:889,0
DA:890,0
DA:891,0
DA:892,0
DA:893,0
DA:894,0
DA:896,0
DA:897,0
DA:902,0
DA:903,0
DA:905,0
DA:906,0
DA:907,0
LH:188
LF:445
end_of_record
SF:/home/user/tickets/src/shared/db/common-schema.ts
FN:39,cachedEntityTable
FN:66,encryptedSlugSchema
FN:75,encryptedNameSchema
FN:85,withGeneratedId
FN:102,idAndCreatedSchema
FN:109,encryptedSeoContentSchema
FNDA:2,cachedEntityTable
FNDA:2,encryptedSlugSchema
FNDA:4,encryptedNameSchema
FNDA:2,withGeneratedId
FNDA:0,idAndCreatedSchema
FNDA:0,encryptedSeoContentSchema
FNF:6
FNH:4
BRF:0
BRH:0
DA:1,1
DA:3,1
DA:4,1
DA:5,1
DA:6,1
DA:8,1
DA:9,1
DA:12,1
DA:13,1
DA:17,1
DA:39,1
DA:40,1
DA:41,1
DA:42,1
DA:43,1
DA:45,3
DA:46,0
DA:47,3
DA:48,12
DA:49,1
DA:66,1
DA:67,1
DA:68,1
DA:69,1
DA:70,3
DA:71,3
DA:72,1
DA:75,1
DA:76,1
DA:77,1
DA:78,1
DA:79,5
DA:80,1
DA:84,1
DA:85,1
DA:86,1
DA:87,1
DA:88,1
DA:89,1
DA:90,7
DA:91,7
DA:92,1
DA:95,1
DA:98,1
DA:102,0
DA:103,0
DA:104,0
DA:105,0
DA:109,0
DA:110,0
DA:111,0
DA:112,0
DA:113,0
DA:114,0
DA:115,0
DA:116,0
LH:43
LF:56
end_of_record
SF:/home/user/tickets/src/shared/db/define-id-table.ts
FN:6,defineIdTable
FNDA:3,defineIdTable
FNF:1
FNH:1
BRF:0
BRH:0
DA:1,1
DA:6,1
DA:7,1
DA:8,1
DA:10,1
DA:11,4
DA:12,4
DA:13,4
DA:14,1
LH:9
LF:9
end_of_record
SF:/home/user/tickets/src/shared/db/encrypted-text.ts
FN:12,decryptTextOrEmpty
FNDA:0,decryptTextOrEmpty
FNF:1
FNH:0
BRF:0
BRH:0
DA:1,1
DA:12,0
DA:13,0
DA:15,0
LH:1
LF:4
end_of_record
SF:/home/user/tickets/src/shared/db/groups.ts
FN:86,computeGroupSlugIndex
FN:118,fetchAll
FN:122,idOf
FN:123,keyOf
FN:137,idsFor
FN:151,getGroupsById
FN:156,getAllGroupNames
FN:162,getGroupBySlugIndex
FN:169,isGroupSlugTaken
FN:179,generateUniqueGroupSlug
FN:193,getListingsByGroupIds
FN:238,listingsInGroup
FN:251,groupExists
FN:267,validateGroupListingType
FN:287,groupListingTypeError
FN:315,getListingsNotInGroup
FN:325,anyGroupMatching
FN:342,anyHiddenPackageGroup
FN:350,anyListingInPackageGroup
FN:369,getHiddenPackageMemberIds
FN:388,isHiddenPackageMember
FN:399,packageChildEdgeConflict
FN:415,firstUnpackageableMember
FN:446,packageMembersError
FN:463,hasPackageBookings
FN:476,getPackageDisplaysByIds
FN:503,packageDisplaysForRows
FN:514,assignListingsToGroup
FN:536,cloneGroupMembershipStatement
FN:559,listingGroupDiffStatements
FN:597,applyListingGroupDiff
FN:617,setListingGroups
FN:629,setListingGroupsTx
FN:648,resetGroupListings
FN:663,groupFlatPriceSubquery
FN:677,getGroupPackagePrices
FN:690,packageMemberMaps
FN:707,loadPackageMemberPricing
FN:718,getGroupPackagePricesByGroupIds
FN:741,copyPackageOverridesStatement
FN:765,copyPackageMemberOverridesTx
FN:798,clearMembersStatement
FN:808,memberQuantityStatement
FN:830,validMembers
FN:850,applyPackageMembers
FN:886,setGroupPackageMembers
FN:904,setGroupListingsActive
FNDA:0,computeGroupSlugIndex
FNDA:0,fetchAll
FNDA:0,idOf
FNDA:0,keyOf
FNDA:0,idsFor
FNDA:0,getGroupsById
FNDA:0,getAllGroupNames
FNDA:0,getGroupBySlugIndex
FNDA:0,isGroupSlugTaken
FNDA:0,generateUniqueGroupSlug
FNDA:0,getListingsByGroupIds
FNDA:2,listingsInGroup
FNDA:0,groupExists
FNDA:0,validateGroupListingType
FNDA:0,groupListingTypeError
FNDA:0,getListingsNotInGroup
FNDA:0,anyGroupMatching
FNDA:0,anyHiddenPackageGroup
FNDA:0,anyListingInPackageGroup
FNDA:0,getHiddenPackageMemberIds
FNDA:0,isHiddenPackageMember
FNDA:0,packageChildEdgeConflict
FNDA:0,firstUnpackageableMember
FNDA:0,packageMembersError
FNDA:0,hasPackageBookings
FNDA:0,getPackageDisplaysByIds
FNDA:0,packageDisplaysForRows
FNDA:0,assignListingsToGroup
FNDA:0,cloneGroupMembershipStatement
FNDA:0,listingGroupDiffStatements
FNDA:0,applyListingGroupDiff
FNDA:0,setListingGroups
FNDA:0,setListingGroupsTx
FNDA:0,resetGroupListings
FNDA:0,groupFlatPriceSubquery
FNDA:0,getGroupPackagePrices
FNDA:0,packageMemberMaps
FNDA:0,loadPackageMemberPricing
FNDA:0,getGroupPackagePricesByGroupIds
FNDA:0,copyPackageOverridesStatement
FNDA:0,copyPackageMemberOverridesTx
FNDA:0,clearMembersStatement
FNDA:0,memberQuantityStatement
FNDA:0,validMembers
FNDA:0,applyPackageMembers
FNDA:0,setGroupPackageMembers
FNDA:0,setGroupListingsActive
FNF:47
FNH:1
BRF:0
BRH:0
DA:6,1
DA:7,1
DA:8,1
DA:9,1
DA:10,1
DA:11,1
DA:12,1
DA:13,1
DA:14,1
DA:15,1
DA:16,1
DA:18,1
DA:20,1
DA:21,1
DA:22,1
DA:24,1
DA:25,1
DA:26,1
DA:27,1
DA:28,1
DA:29,1
DA:32,1
DA:33,1
DA:34,1
DA:35,1
DA:36,1
DA:37,1
DA:38,1
DA:39,1
DA:40,1
DA:41,1
DA:42,1
DA:43,1
DA:44,1
DA:45,1
DA:46,1
DA:47,1
DA:48,1
DA:49,1
DA:50,1
DA:52,1
DA:53,1
DA:54,1
DA:55,1
DA:56,1
DA:57,1
DA:58,1
DA:60,1
DA:61,1
DA:64,1
DA:65,1
DA:66,1
DA:67,1
DA:74,1
DA:79,1
DA:80,1
DA:81,1
DA:82,1
DA:86,0
DA:87,0
DA:90,1
DA:91,1
DA:92,1
DA:93,1
DA:94,1
DA:96,1
DA:97,1
DA:98,1
DA:99,1
DA:100,1
DA:107,0
DA:108,0
DA:110,1
DA:111,1
DA:112,1
DA:114,1
DA:115,1
DA:116,1
DA:117,1
DA:118,0
DA:119,0
DA:120,0
DA:122,0
DA:123,0
DA:124,1
DA:125,1
DA:129,1
DA:130,1
DA:131,1
DA:132,1
DA:134,1
DA:135,1
DA:137,0
DA:138,0
DA:139,0
DA:141,0
DA:142,0
DA:143,0
DA:144,0
DA:146,1
DA:151,0
DA:152,0
DA:156,0
DA:157,0
DA:162,0
DA:163,0
DA:169,0
DA:170,0
DA:171,0
DA:173,0
DA:174,0
DA:175,0
DA:179,0
DA:180,0
DA:193,0
DA:194,0
DA:195,0
DA:197,0
DA:200,0
DA:201,0
DA:202,0
DA:206,0
DA:207,0
DA:209,0
DA:210,0
DA:212,0
DA:213,0
DA:214,0
DA:215,0
DA:216,0
DA:218,0
DA:219,0
DA:220,0
DA:221,0
DA:222,0
DA:223,0
DA:224,0
DA:225,0
DA:226,0
DA:227,0
DA:228,0
DA:229,0
DA:230,0
DA:232,0
DA:237,0
DA:238,0
DA:239,0
DA:240,0
DA:241,0
DA:242,0
DA:243,0
DA:246,1
DA:247,1
DA:251,0
DA:252,0
DA:257,1
DA:267,0
DA:268,0
DA:269,0
DA:270,0
DA:271,0
DA:273,0
DA:274,0
DA:275,0
DA:276,0
DA:277,0
DA:287,0
DA:288,0
DA:289,0
DA:290,0
DA:291,0
DA:293,0
DA:294,0
DA:295,0
DA:296,0
DA:297,0
DA:298,0
DA:299,0
DA:301,0
DA:302,0
DA:303,0
DA:304,0
DA:305,0
DA:306,0
DA:307,0
DA:315,0
DA:316,0
DA:318,0
DA:319,0
DA:320,0
DA:324,0
DA:325,0
DA:326,0
DA:327,0
DA:329,0
DA:330,0
DA:331,0
DA:332,0
DA:333,0
DA:334,0
DA:336,0
DA:341,0
DA:342,0
DA:343,0
DA:345,0
DA:350,0
DA:351,0
DA:353,0
DA:354,0
DA:355,0
DA:358,0
DA:360,0
DA:361,0
DA:363,0
DA:369,0
DA:370,0
DA:372,0
DA:373,0
DA:374,0
DA:377,0
DA:379,0
DA:380,0
DA:382,0
DA:383,0
DA:388,0
DA:389,0
DA:390,0
DA:399,0
DA:400,0
DA:401,0
DA:403,0
DA:404,0
DA:405,0
DA:406,0
DA:407,0
DA:415,0
DA:418,0
DA:419,0
DA:421,0
DA:422,0
DA:423,0
DA:424,0
DA:425,0
DA:426,0
DA:427,0
DA:428,0
DA:429,0
DA:430,0
DA:431,0
DA:432,0
DA:433,0
DA:435,0
DA:436,0
DA:437,0
DA:438,0
DA:446,0
DA:447,0
DA:448,0
DA:450,0
DA:451,0
DA:452,0
DA:453,0
DA:454,0
DA:463,0
DA:464,0
DA:465,0
DA:466,0
DA:467,0
DA:476,0
DA:477,0
DA:479,0
DA:480,0
DA:481,0
DA:482,0
DA:483,0
DA:485,0
DA:488,0
DA:489,0
DA:490,0
DA:491,0
DA:492,0
DA:493,0
DA:494,0
DA:495,0
DA:497,0
DA:503,0
DA:504,0
DA:506,0
DA:514,0
DA:515,0
DA:516,0
DA:518,0
DA:522,0
DA:523,0
DA:524,0
DA:525,0
DA:526,0
DA:528,0
DA:536,0
DA:540,0
DA:541,0
DA:542,0
DA:544,0
DA:545,0
DA:559,0
DA:560,0
DA:561,0
DA:562,0
DA:564,0
DA:565,0
DA:566,0
DA:567,0
DA:570,0
DA:571,0
DA:572,0
DA:573,0
DA:574,0
DA:575,0
DA:576,0
DA:581,0
DA:582,0
DA:583,0
DA:584,0
DA:585,0
DA:586,0
DA:587,0
DA:588,0
DA:589,0
DA:590,0
DA:591,0
DA:592,0
DA:597,0
DA:598,0
DA:599,0
DA:600,0
DA:601,0
DA:603,0
DA:604,0
DA:605,0
DA:606,0
DA:608,0
DA:609,0
DA:617,0
DA:618,0
DA:619,0
DA:620,0
DA:621,0
DA:622,0
DA:629,0
DA:630,0
DA:631,0
DA:632,0
DA:634,0
DA:635,0
DA:636,0
DA:637,0
DA:638,0
DA:639,0
DA:640,0
DA:648,0
DA:649,0
DA:650,0
DA:651,0
DA:652,0
DA:653,0
DA:654,0
DA:655,0
DA:656,0
DA:663,0
DA:664,0
DA:666,0
DA:667,0
DA:677,0
DA:678,0
DA:680,0
DA:682,0
DA:690,0
DA:691,0
DA:692,0
DA:693,0
DA:694,0
DA:695,0
DA:696,0
DA:697,0
DA:700,0
DA:701,0
DA:707,0
DA:708,0
DA:709,0
DA:710,0
DA:711,0
DA:712,0
DA:713,0
DA:718,0
DA:719,0
DA:721,0
DA:722,0
DA:723,0
DA:724,0
DA:725,0
DA:726,0
DA:729,0
DA:730,0
DA:732,0
DA:741,0
DA:742,0
DA:743,0
DA:744,0
DA:745,0
DA:746,0
DA:753,0
DA:754,0
DA:765,0
DA:766,0
DA:767,0
DA:768,0
DA:770,0
DA:771,0
DA:773,0
DA:774,0
DA:775,0
DA:776,0
DA:777,0
DA:778,0
DA:779,0
DA:780,0
DA:781,0
DA:788,0
DA:790,0
DA:792,0
DA:793,0
DA:794,0
DA:798,0
DA:799,0
DA:800,0
DA:801,0
DA:808,0
DA:809,0
DA:810,0
DA:812,0
DA:813,0
DA:814,0
DA:815,0
DA:816,0
DA:817,0
DA:818,0
DA:819,0
DA:820,0
DA:821,0
DA:822,0
DA:830,0
DA:831,0
DA:832,0
DA:833,0
DA:834,0
DA:835,0
DA:836,0
DA:837,0
DA:838,0
DA:839,0
DA:850,0
DA:851,0
DA:852,0
DA:853,0
DA:854,0
DA:859,0
DA:860,0
DA:861,0
DA:863,0
DA:864,0
DA:865,0
DA:866,0
DA:867,0
DA:868,0
DA:869,0
DA:870,0
DA:871,0
DA:872,0
DA:873,0
DA:874,0
DA:875,0
DA:876,0
DA:877,0
DA:878,0
DA:886,0
DA:887,0
DA:888,0
DA:889,0
DA:891,0
DA:892,0
DA:893,0
DA:894,0
DA:895,0
DA:896,0
DA:897,0
DA:904,0
DA:905,0
DA:906,0
DA:908,0
DA:910,0
DA:911,0
DA:912,0
DA:914,0
DA:915,0
LH:87
LF:504
end_of_record
SF:/home/user/tickets/src/shared/db/holidays.ts
FN:37,getActiveHolidays
FNDA:0,getActiveHolidays
FNF:1
FNH:0
BRF:0
BRH:0
DA:5,1
DA:6,1
DA:7,1
DA:8,1
DA:9,1
DA:10,1
DA:22,1
DA:23,1
DA:24,1
DA:25,1
DA:26,1
DA:27,1
DA:28,1
DA:29,1
DA:30,1
DA:31,1
DA:37,0
DA:38,0
DA:39,0
DA:40,0
DA:41,0
LH:16
LF:21
end_of_record
SF:/home/user/tickets/src/shared/db/images.ts
FN:50,encryptedFilenameText
FN:52,read
FN:54,write
FN:80,getAllImages
FN:85,getImageById
FN:88,imageFilenameSubquery
FN:102,imageFilenameSubqueries
FN:117,getImageFilenamesForItem
FN:147,getImagesForItem
FN:171,getImageUsesForImage
FN:193,imageUseInsertStatement
FN:204,setImagesForItem
FN:221,attachImageToExistingItemStatement
FN:243,appendImageToItem
FN:257,clearStaleImageUseTargetsStatement
FN:275,setItemsForImage
FN:306,deleteByItemStatement
FN:315,deleteImageRecord
FNDA:2,encryptedFilenameText
FNDA:0,read
FNDA:0,write
FNDA:0,getAllImages
FNDA:0,getImageById
FNDA:3,imageFilenameSubquery
FNDA:1,imageFilenameSubqueries
FNDA:0,getImageFilenamesForItem
FNDA:0,getImagesForItem
FNDA:0,getImageUsesForImage
FNDA:0,imageUseInsertStatement
FNDA:0,setImagesForItem
FNDA:0,attachImageToExistingItemStatement
FNDA:0,appendImageToItem
FNDA:0,clearStaleImageUseTargetsStatement
FNDA:0,setItemsForImage
FNDA:1,deleteByItemStatement
FNDA:0,deleteImageRecord
FNF:18
FNH:4
BRF:0
BRH:0
DA:6,1
DA:7,1
DA:8,1
DA:9,1
DA:10,1
DA:12,1
DA:13,1
DA:14,1
DA:15,1
DA:16,1
DA:18,1
DA:19,1
DA:21,1
DA:22,1
DA:50,1
DA:51,1
DA:52,0
DA:53,0
DA:54,0
DA:55,1
DA:57,1
DA:58,1
DA:59,1
DA:60,1
DA:61,1
DA:62,1
DA:63,1
DA:65,1
DA:66,1
DA:67,1
DA:68,1
DA:69,1
DA:70,1
DA:71,1
DA:73,1
DA:74,1
DA:75,1
DA:76,1
DA:77,1
DA:78,1
DA:80,0
DA:81,0
DA:82,0
DA:85,0
DA:86,0
DA:88,1
DA:89,1
DA:90,1
DA:91,1
DA:92,1
DA:94,1
DA:97,4
DA:98,4
DA:100,1
DA:102,1
DA:103,1
DA:104,1
DA:106,1
DA:107,2
DA:108,2
DA:109,2
DA:110,2
DA:111,2
DA:112,2
DA:113,2
DA:115,1
DA:117,0
DA:118,0
DA:119,0
DA:125,0
DA:126,0
DA:131,0
DA:132,0
DA:134,0
DA:135,0
DA:136,0
DA:137,0
DA:138,0
DA:140,0
DA:141,0
DA:142,0
DA:143,0
DA:144,0
DA:145,0
DA:147,0
DA:148,0
DA:149,0
DA:155,0
DA:156,0
DA:161,0
DA:162,0
DA:164,0
DA:165,0
DA:166,0
DA:167,0
DA:168,0
DA:169,0
DA:171,0
DA:172,0
DA:173,0
DA:176,0
DA:177,0
DA:180,1
DA:181,1
DA:182,1
DA:183,1
DA:184,1
DA:185,1
DA:187,1
DA:188,1
DA:189,4
DA:190,1
DA:191,1
DA:193,0
DA:194,0
DA:195,0
DA:196,0
DA:197,0
DA:198,0
DA:199,0
DA:200,0
DA:201,0
DA:202,0
DA:204,0
DA:205,0
DA:206,0
DA:207,0
DA:209,0
DA:210,0
DA:211,0
DA:212,0
DA:213,0
DA:214,0
DA:215,0
DA:216,0
DA:218,0
DA:219,0
DA:221,0
DA:222,0
DA:223,0
DA:224,0
DA:226,0
DA:227,0
DA:228,0
DA:229,0
DA:230,0
DA:231,0
DA:232,0
DA:233,0
DA:234,0
DA:235,0
DA:236,0
DA:239,0
DA:240,0
DA:241,0
DA:243,0
DA:244,0
DA:245,0
DA:247,0
DA:248,0
DA:249,0
DA:250,0
DA:251,0
DA:252,0
DA:253,0
DA:255,0
DA:257,0
DA:258,0
DA:259,0
DA:261,0
DA:262,0
DA:263,0
DA:264,0
DA:265,0
DA:266,0
DA:267,0
DA:268,0
DA:269,0
DA:270,0
DA:272,0
DA:273,0
DA:275,0
DA:276,0
DA:277,0
DA:279,0
DA:280,0
DA:281,0
DA:282,0
DA:283,0
DA:284,0
DA:285,0
DA:286,0
DA:287,0
DA:288,0
DA:289,0
DA:290,0
DA:291,0
DA:292,0
DA:293,0
DA:294,0
DA:296,0
DA:297,0
DA:298,0
DA:305,0
DA:306,0
DA:307,0
DA:308,0
DA:309,0
DA:310,0
DA:312,1
DA:313,1
DA:315,0
DA:316,0
DA:317,0
DA:318,0
DA:319,0
DA:320,0
LH:71
LF:217
end_of_record
SF:/home/user/tickets/src/shared/db/keyed-cache.ts
FN:67,createKeyedCache
FN:87,remember
FN:95,loadFull
FN:105,getAll
FN:113,resolveMany
FN:141,getByIds
FN:144,getById
FN:150,getByKeys
FN:153,getByKey
FN:162,invalidate
FN:169,size
FNDA:3,createKeyedCache
FNDA:0,remember
FNDA:0,loadFull
FNDA:0,getAll
FNDA:0,resolveMany
FNDA:0,getByIds
FNDA:0,getById
FNDA:0,getByKeys
FNDA:0,getByKey
FNDA:24,invalidate
FNDA:0,size
FNF:11
FNH:2
BRF:0
BRH:0
DA:23,1
DA:25,1
DA:26,1
DA:67,1
DA:68,1
DA:70,4
DA:71,4
DA:72,4
DA:73,4
DA:77,0
DA:80,0
DA:81,4
DA:82,4
DA:84,4
DA:87,0
DA:88,0
DA:89,0
DA:90,0
DA:91,0
DA:92,0
DA:93,0
DA:95,0
DA:96,0
DA:97,0
DA:98,0
DA:99,0
DA:100,0
DA:101,0
DA:102,0
DA:103,0
DA:105,0
DA:106,0
DA:107,0
DA:108,0
DA:109,0
DA:110,0
DA:111,0
DA:113,0
DA:114,0
DA:115,0
DA:116,0
DA:117,0
DA:119,0
DA:120,0
DA:121,0
DA:122,0
DA:123,0
DA:124,0
DA:126,0
DA:127,0
DA:128,0
DA:129,0
DA:130,0
DA:131,0
DA:132,0
DA:133,0
DA:134,0
DA:135,0
DA:136,0
DA:137,0
DA:138,0
DA:139,0
DA:141,0
DA:142,0
DA:144,0
DA:145,0
DA:150,0
DA:151,0
DA:153,0
DA:154,0
DA:156,4
DA:157,4
DA:158,4
DA:159,4
DA:160,4
DA:161,4
DA:162,4
DA:163,28
DA:164,28
DA:165,28
DA:166,28
DA:167,28
DA:168,4
DA:169,0
DA:170,4
DA:171,1
LH:27
LF:86
end_of_record
SF:/home/user/tickets/src/shared/db/lease.ts
FN:8,newDatabaseLease
FN:15,claimDatabaseRow
FNDA:0,newDatabaseLease
FNDA:0,claimDatabaseRow
FNF:2
FNH:0
BRF:0
BRH:0
DA:1,1
DA:2,1
DA:3,1
DA:8,0
DA:9,0
DA:10,0
DA:11,0
DA:14,0
DA:15,0
DA:16,0
DA:17,0
DA:18,0
DA:19,0
DA:21,0
DA:22,0
DA:23,0
DA:24,0
LH:3
LF:17
end_of_record
SF:/home/user/tickets/src/shared/db/libsql-call.ts
FN:22,wrapExecute
FN:31,beginTransaction
FNDA:4,wrapExecute
FNDA:0,beginTransaction
FNF:2
FNH:1
BRDA:25,3,0,0
BRDA:25,3,1,0
BRF:2
BRH:0
DA:21,0
DA:22,0
DA:23,0
DA:24,0
DA:25,0
DA:26,0
DA:27,0
DA:31,0
DA:32,0
DA:33,0
DA:35,0
LH:0
LF:11
end_of_record
SF:/home/user/tickets/src/shared/db/link-table.ts
FN:69,linkTableSide
FN:76,insertStatement
FN:88,dedupe
FN:90,idsStatement
FN:95,readIds
FN:100,replaceStatements
FN:113,fetchIdsByKeys
FN:146,addIdsTx
FN:151,clear
FN:152,copyLinksTx
FN:159,getIds
FN:165,getIdsByKeys
FN:166,getIdsTx
FN:172,setIds
FN:173,setIdsTx
FNDA:6,linkTableSide
FNDA:0,insertStatement
FNDA:0,dedupe
FNDA:0,idsStatement
FNDA:0,readIds
FNDA:0,replaceStatements
FNDA:0,fetchIdsByKeys
FNDA:0,addIdsTx
FNDA:0,clear
FNDA:0,copyLinksTx
FNDA:0,getIds
FNDA:0,getIdsByKeys
FNDA:0,getIdsTx
FNDA:0,setIds
FNDA:0,setIdsTx
FNF:15
FNH:1
BRF:0
BRH:0
DA:18,1
DA:19,1
DA:20,1
DA:21,1
DA:22,1
DA:23,1
DA:24,1
DA:25,1
DA:28,1
DA:29,1
DA:69,1
DA:70,1
DA:71,1
DA:72,1
DA:76,0
DA:77,0
DA:78,0
DA:79,0
DA:80,0
DA:81,0
DA:82,0
DA:83,0
DA:84,0
DA:88,0
DA:90,0
DA:91,0
DA:92,0
DA:93,0
DA:95,0
DA:96,0
DA:97,0
DA:98,0
DA:100,0
DA:101,0
DA:102,0
DA:104,0
DA:105,0
DA:106,0
DA:107,0
DA:108,0
DA:109,0
DA:113,0
DA:114,0
DA:116,0
DA:117,0
DA:118,0
DA:119,0
DA:120,0
DA:121,0
DA:122,0
DA:123,0
DA:125,0
DA:126,0
DA:127,0
DA:128,0
DA:130,0
DA:131,0
DA:133,0
DA:134,0
DA:135,0
DA:136,0
DA:137,0
DA:142,7
DA:143,21
DA:145,7
DA:146,0
DA:147,0
DA:148,0
DA:149,0
DA:150,0
DA:151,0
DA:152,0
DA:153,0
DA:154,0
DA:155,0
DA:156,0
DA:157,0
DA:158,0
DA:159,0
DA:160,0
DA:161,0
DA:162,0
DA:163,0
DA:165,0
DA:166,0
DA:167,0
DA:168,0
DA:169,0
DA:170,0
DA:172,0
DA:173,0
DA:174,0
DA:175,0
DA:176,7
DA:177,7
DA:178,1
LH:20
LF:96
end_of_record
SF:/home/user/tickets/src/shared/db/listing-parents.ts
FN:48,listingIdsWithLinks
FN:63,getNonStandaloneChildIds
FN:85,anyNonStandaloneChild
FN:101,listingsForLinks
FN:115,listingsByIdFor
FN:128,hydrateListingLinks
FN:144,loadParentAndChildLinks
FN:173,checkTouchingEdges
FN:196,firstTouchingEdgeError
FN:215,edgeIncompatibilityAfterChange
FNDA:0,listingIdsWithLinks
FNDA:0,getNonStandaloneChildIds
FNDA:0,anyNonStandaloneChild
FNDA:0,listingsForLinks
FNDA:0,listingsByIdFor
FNDA:0,hydrateListingLinks
FNDA:0,loadParentAndChildLinks
FNDA:0,checkTouchingEdges
FNDA:0,firstTouchingEdgeError
FNDA:0,edgeIncompatibilityAfterChange
FNF:10
FNH:0
BRF:0
BRH:0
DA:14,1
DA:15,1
DA:16,1
DA:17,1
DA:18,1
DA:20,1
DA:21,1
DA:28,1
DA:29,1
DA:30,1
DA:31,1
DA:39,1
DA:40,1
DA:41,1
DA:42,1
DA:48,0
DA:49,0
DA:51,0
DA:52,0
DA:63,0
DA:64,0
DA:66,0
DA:67,0
DA:68,0
DA:69,0
DA:70,0
DA:73,0
DA:74,0
DA:75,0
DA:85,0
DA:86,0
DA:87,0
DA:101,0
DA:102,0
DA:103,0
DA:105,0
DA:106,0
DA:107,0
DA:108,0
DA:109,0
DA:110,0
DA:111,0
DA:115,0
DA:116,0
DA:118,0
DA:119,0
DA:121,0
DA:122,0
DA:123,0
DA:128,0
DA:129,0
DA:130,0
DA:132,0
DA:133,0
DA:134,0
DA:135,0
DA:136,0
DA:137,0
DA:139,0
DA:140,0
DA:144,0
DA:145,0
DA:147,0
DA:148,0
DA:149,0
DA:150,0
DA:151,0
DA:152,0
DA:153,0
DA:154,0
DA:155,0
DA:156,0
DA:157,0
DA:158,0
DA:173,0
DA:174,0
DA:175,0
DA:176,0
DA:178,0
DA:179,0
DA:180,0
DA:181,0
DA:182,0
DA:183,0
DA:196,0
DA:197,0
DA:198,0
DA:200,0
DA:201,0
DA:202,0
DA:203,0
DA:204,0
DA:205,0
DA:215,0
DA:216,0
DA:218,0
DA:219,0
DA:220,0
DA:221,0
DA:222,0
DA:223,0
DA:224,0
DA:226,0
DA:227,0
DA:228,0
DA:229,0
DA:230,0
DA:232,0
DA:233,0
DA:234,0
DA:235,0
DA:237,0
LH:15
LF:112
end_of_record
SF:/home/user/tickets/src/shared/db/listing-prices.ts
FN:52,groupDayPriceId
FN:76,insertPriceStatement
FN:86,multiInsertPriceStatement
FN:103,groupDayPriceStatements
FN:142,groupFlatPriceStatements
FN:168,removeListingGroupPricesStatement
FN:195,foldGroupDayRows
FN:213,getGroupDayPrices
FN:224,getGroupDayPricesByGroupIds
FN:257,basePriceStatements
FN:282,dayCountPriceStatements
FN:302,getListingDayPrices
FN:323,writeListingDayCounts
FN:344,sourceRowStatements
FN:356,readSourceRows
FN:370,executePaged
FN:384,backfillListingPrices
FN:396,syncListingPricesForIds
FN:410,syncListingPrices
FNDA:0,groupDayPriceId
FNDA:0,insertPriceStatement
FNDA:0,multiInsertPriceStatement
FNDA:0,groupDayPriceStatements
FNDA:0,groupFlatPriceStatements
FNDA:0,removeListingGroupPricesStatement
FNDA:0,foldGroupDayRows
FNDA:0,getGroupDayPrices
FNDA:0,getGroupDayPricesByGroupIds
FNDA:0,basePriceStatements
FNDA:0,dayCountPriceStatements
FNDA:0,getListingDayPrices
FNDA:0,writeListingDayCounts
FNDA:0,sourceRowStatements
FNDA:0,readSourceRows
FNDA:0,executePaged
FNDA:0,backfillListingPrices
FNDA:0,syncListingPricesForIds
FNDA:0,syncListingPrices
FNF:19
FNH:0
BRF:0
BRH:0
DA:32,1
DA:33,1
DA:34,1
DA:35,1
DA:36,1
DA:37,1
DA:38,1
DA:39,1
DA:41,1
DA:42,1
DA:44,1
DA:45,1
DA:46,1
DA:47,1
DA:52,0
DA:53,0
DA:76,0
DA:77,0
DA:78,0
DA:79,0
DA:86,0
DA:87,0
DA:89,0
DA:90,0
DA:91,0
DA:92,0
DA:93,0
DA:94,0
DA:95,0
DA:96,0
DA:103,0
[...]
DA:344,0
DA:345,0
DA:346,0
DA:347,0
DA:348,0
DA:349,0
DA:350,0
DA:351,0
DA:352,0
DA:353,0
DA:355,0
DA:356,0
DA:357,0
DA:358,0
DA:359,0
DA:360,0
DA:361,0
DA:362,0
DA:363,0
DA:364,0
DA:365,0
DA:366,0
DA:367,0
DA:368,0
DA:369,0
DA:370,0
DA:371,0
DA:372,0
DA:373,0
DA:374,0
DA:375,0
DA:376,0
DA:377,0
DA:378,0
DA:379,0
DA:380,0
DA:381,0
DA:382,0
DA:383,0
DA:384,0
DA:385,0
DA:386,0
DA:387,0
DA:388,0
DA:389,0
DA:390,0
DA:391,0
DA:392,0
DA:393,0
DA:394,0
DA:395,0
DA:396,0
DA:397,0
DA:398,0
DA:399,0
DA:400,0
DA:401,0
DA:403,0
DA:404,0
DA:405,0
DA:406,0
DA:408,0
DA:409,0
DA:411,0
DA:412,0
DA:413,0
DA:414,0
DA:415,0
DA:416,0
DA:417,0
DA:418,0
DA:419,0
DA:420,0
DA:421,0
DA:422,0
DA:423,0
DA:424,0
DA:425,0
DA:426,0
DA:427,0
DA:428,0
DA:429,0
DA:433,1
DA:434,1
DA:435,1
DA:437,1
DA:439,3
DA:440,3
DA:441,3
DA:442,3
DA:443,3
DA:444,3
DA:445,3
DA:446,3
DA:447,3
DA:448,3
DA:449,3
DA:450,3
DA:451,3
DA:452,3
DA:454,3
DA:455,3
DA:456,3
DA:457,3
DA:458,3
DA:459,3
DA:460,3
DA:461,4
DA:462,4
DA:463,4
DA:464,4
DA:465,4
DA:466,4
DA:467,4
DA:468,4
DA:469,3
DA:470,3
DA:471,3
DA:472,3
DA:473,3
DA:474,3
DA:475,3
DA:476,3
DA:477,3
DA:478,3
DA:479,3
DA:480,3
DA:481,1
LH:113
LF:409
end_of_record
SF:/home/user/tickets/test/test-utils/current-charge.ts
FN:13,currentCharges
FNDA:0,currentCharges
FNF:1
FNH:0
BRF:0
BRH:0
DA:13,0
DA:14,0
DA:16,0
DA:17,0
DA:18,0
DA:19,0
DA:20,0
DA:21,0
LH:0
LF:8
end_of_record
SF:/home/user/tickets/test/test-utils/db-client.ts
FN:26,createTestDbClient
FN:30,transaction
FNDA:4,createTestDbClient
FNDA:0,transaction
FNF:2
FNH:1
BRF:0
BRH:0
DA:1,1
DA:3,1
DA:5,1
DA:6,1
DA:7,1
DA:12,1
DA:13,1
DA:26,1
DA:27,15
DA:28,5
DA:29,5
DA:30,0
DA:31,0
DA:34,0
DA:35,0
DA:36,0
DA:37,5
DA:38,1
LH:13
LF:18
end_of_record
SF:/home/user/tickets/test/test-utils/db.ts
FN:63,cleanupUnlessKept
FN:70,keep
FN:71,state.cleanup
FN:77,prepareTestClient
FN:115,createTestDb
FN:128,setupTransactionalTestDb
FN:152,createTestDbWithSetup
FN:172,cleanupTestDbFile
FN:190,resetDb
FN:216,setupTestDbEnvironment
FN:238,setupTestStorage
FN:263,teardownTestStorage
FN:269,describeWithEnv
FN:310,rawListingRange
FNDA:8,cleanupUnlessKept
FNDA:8,keep
FNDA:8,state.cleanup
FNDA:4,prepareTestClient
FNDA:0,createTestDb
FNDA:0,setupTransactionalTestDb
FNDA:4,createTestDbWithSetup
FNDA:4,cleanupTestDbFile
FNDA:4,resetDb
FNDA:4,setupTestDbEnvironment
FNDA:4,setupTestStorage
FNDA:4,teardownTestStorage
FNDA:1,describeWithEnv
FNDA:0,rawListingRange
FNF:14
FNH:11
BRDA:78,6,0,0
BRDA:106,6,1,0
BRDA:162,9,0,0
BRDA:174,10,0,0
BRDA:241,13,0,0
BRDA:249,13,1,0
BRDA:266,14,0,0
BRDA:279,17,0,0
BRDA:283,17,1,0
BRDA:298,18,0,0
BRDA:299,18,1,0
BRF:11
BRH:0
DA:2,1
DA:3,1
DA:4,1
DA:5,1
DA:6,1
DA:7,1
DA:8,1
DA:9,1
DA:10,1
DA:11,1
DA:12,1
DA:13,1
DA:14,1
DA:15,1
DA:16,1
DA:17,1
DA:18,1
DA:19,1
DA:20,1
DA:21,1
DA:22,1
DA:24,1
DA:25,1
DA:26,1
DA:27,1
DA:28,1
DA:31,1
DA:32,1
DA:33,1
DA:34,1
DA:35,1
DA:36,1
DA:37,1
DA:38,1
DA:39,1
DA:40,1
DA:41,1
DA:42,1
DA:43,1
DA:44,1
DA:45,1
DA:46,1
DA:47,1
DA:48,1
DA:49,1
DA:50,1
DA:51,1
DA:59,1
DA:60,1
DA:63,1
DA:64,1
DA:68,27
DA:69,9
DA:70,9
DA:71,17
DA:72,9
DA:73,9
DA:74,9
DA:75,1
DA:77,1
DA:78,0
DA:81,5
DA:82,5
DA:83,5
DA:84,5
DA:85,5
DA:86,5
DA:87,5
DA:88,5
DA:89,5
DA:90,5
DA:94,5
DA:98,5
DA:99,5
DA:101,5
DA:102,5
DA:103,5
DA:104,5
DA:105,5
DA:106,0
DA:107,5
DA:108,5
DA:109,25
DA:110,5
DA:111,5
DA:112,5
DA:113,1
DA:115,0
DA:116,0
DA:117,0
DA:118,0
DA:128,0
DA:133,0
DA:134,0
DA:135,0
DA:136,0
DA:137,0
DA:138,0
DA:139,0
DA:140,0
DA:141,0
DA:142,0
DA:143,0
DA:144,0
DA:145,0
DA:146,0
DA:147,0
DA:148,0
DA:149,0
DA:150,0
DA:152,1
DA:153,1
DA:154,1
DA:156,5
DA:157,5
DA:158,5
DA:161,5
DA:162,5
DA:163,0
DA:164,0
DA:165,0
DA:166,0
DA:167,0
DA:168,5
DA:169,1
DA:172,1
DA:173,5
DA:174,0
DA:175,5
DA:176,5
DA:177,5
DA:178,5
DA:179,5
DA:180,5
DA:181,5
DA:182,5
DA:183,5
DA:184,5
DA:185,5
DA:186,5
DA:187,5
DA:188,1
DA:190,1
DA:191,5
DA:192,5
DA:193,5
DA:194,5
DA:195,5
DA:196,5
DA:197,5
DA:198,5
DA:199,5
DA:200,5
DA:201,5
DA:202,5
DA:203,5
DA:204,5
DA:205,5
DA:206,5
DA:207,5
DA:208,5
DA:209,5
DA:210,5
DA:211,5
DA:212,1
DA:216,1
DA:217,1
DA:219,5
DA:220,5
DA:221,5
DA:222,5
DA:223,5
DA:224,5
DA:225,1
DA:238,1
DA:239,1
DA:241,0
DA:242,0
DA:243,0
DA:244,0
DA:245,0
DA:246,0
DA:247,0
DA:248,0
DA:249,0
DA:250,0
DA:251,0
DA:252,0
DA:253,0
DA:254,0
DA:255,0
DA:256,0
DA:257,0
DA:258,0
DA:259,5
DA:260,1
DA:263,1
DA:264,5
DA:265,5
DA:266,0
DA:267,1
DA:269,1
DA:270,1
DA:271,1
DA:272,1
DA:274,2
DA:275,3
DA:276,3
DA:277,3
DA:278,3
DA:279,0
DA:280,7
DA:281,7
DA:282,7
DA:283,0
DA:284,7
DA:285,3
DA:288,3
DA:289,3
DA:290,7
DA:291,7
DA:292,7
DA:293,7
DA:294,7
DA:295,7
DA:296,7
DA:297,7
DA:298,0
DA:299,14
DA:300,7
DA:301,3
DA:304,3
DA:305,4
DA:306,3
DA:307,2
DA:308,1
DA:310,0
DA:311,0
DA:313,0
DA:314,0
DA:315,0
LH:183
LF:241
end_of_record
SF:/home/user/tickets/test/test-utils/env.ts
FN:16,setupTestEncryptionKey
FN:28,clearTestEncryptionKey
FN:50,Deno.env.get
FN:55,Deno.env.set
FN:61,Deno.env.delete
FN:73,getRealEnv
FN:79,withEnv
FN:102,dispose
FNDA:4,setupTestEncryptionKey
FNDA:0,clearTestEncryptionKey
FNDA:9,Deno.env.get
FNDA:8,Deno.env.set
FNDA:0,Deno.env.delete
FNDA:0,getRealEnv
FNDA:4,withEnv
FNDA:4,dispose
FNF:8
FNH:5
BRDA:52,4,0,4
BRDA:52,4,1,0
BRDA:57,5,0,0
BRDA:81,8,0,0
BRDA:86,8,1,0
BRDA:89,8,2,8
BRDA:93,8,3,8
BRDA:95,8,4,0
BRDA:97,8,5,0
BRDA:103,10,0,0
BRDA:105,10,1,0
BRF:11
BRH:3
DA:1,1
DA:2,1
DA:3,1
DA:4,1
DA:5,1
DA:6,1
DA:7,1
DA:8,1
DA:9,1
DA:10,1
DA:11,1
DA:12,1
DA:13,1
DA:14,1
DA:16,1
DA:17,5
DA:18,5
DA:19,5
DA:20,5
DA:21,5
DA:22,5
DA:23,5
DA:24,5
DA:25,5
DA:26,1
DA:28,0
DA:29,0
DA:30,0
DA:31,0
DA:32,0
DA:33,0
DA:34,0
DA:35,0
DA:36,0
DA:37,0
DA:39,1
DA:40,1
DA:41,1
DA:45,1
DA:48,1
DA:50,1
DA:51,10
DA:52,0
DA:53,1
DA:55,1
DA:56,9
DA:57,9
DA:58,0
DA:59,1
DA:61,0
DA:62,0
DA:63,0
DA:64,0
DA:65,0
DA:73,0
DA:79,1
DA:80,5
DA:81,0
DA:82,0
DA:83,0
DA:85,0
DA:86,0
DA:87,0
DA:88,0
DA:89,5
DA:90,13
DA:91,13
DA:92,5
DA:93,5
DA:94,13
DA:95,13
DA:96,0
DA:97,0
DA:98,0
DA:99,0
DA:100,13
DA:101,15
DA:102,5
DA:103,0
DA:104,9
DA:105,0
DA:106,0
DA:107,0
DA:108,9
DA:109,5
DA:110,20
DA:111,1
LH:54
LF:87
end_of_record
SF:/home/user/tickets/test/test-utils/factories.ts
FN:25,testListing
FN:77,testListingWithCount
FN:89,testAttendee
FN:122,testModifier
FN:144,testRadioQuestion
FN:161,testGroup
FN:176,testHoliday
FN:188,testAnswer
FN:203,testQuestion
FN:213,testBuiltSite
FN:249,resolveTestGroupIds
FN:257,testListingInput
FN:277,webhookMeta
FN:307,signMeta
FN:322,signedMeta
FN:328,singleItem
FN:342,singleModifierMeta
FN:367,makeTestListing
FN:393,makeTestAttendee
FN:413,makeTestEntry
FN:423,pricedLine
FN:442,pricedOrder
FN:467,sizeQuestionAnswerData
FN:487,singleAnswerSizeQuestionData
FN:498,unselectedAnswerQuestionData
FNDA:0,testListing
FNDA:0,testListingWithCount
FNDA:0,testAttendee
FNDA:0,testModifier
FNDA:0,testRadioQuestion
FNDA:0,testGroup
FNDA:0,testHoliday
FNDA:2,testAnswer
FNDA:0,testQuestion
FNDA:0,testBuiltSite
FNDA:0,resolveTestGroupIds
FNDA:0,testListingInput
FNDA:2,webhookMeta
FNDA:2,signMeta
FNDA:2,signedMeta
FNDA:2,singleItem
FNDA:0,singleModifierMeta
FNDA:0,makeTestListing
FNDA:0,makeTestAttendee
FNDA:0,makeTestEntry
FNDA:0,pricedLine
FNDA:0,pricedOrder
FNDA:0,sizeQuestionAnswerData
FNDA:0,singleAnswerSizeQuestionData
FNDA:0,unselectedAnswerQuestionData
FNF:25
FNH:5
BRF:0
BRH:0
DA:12,1
DA:23,1
DA:25,0
DA:26,0
DA:27,0
DA:28,0
DA:29,0
DA:30,0
DA:31,0
DA:32,0
DA:33,0
DA:34,0
DA:35,0
DA:36,0
DA:37,0
DA:38,0
DA:39,0
DA:40,0
DA:41,0
DA:42,0
DA:43,0
DA:44,0
DA:45,0
DA:46,0
DA:47,0
DA:48,0
DA:49,0
DA:50,0
DA:51,0
DA:52,0
DA:53,0
DA:54,0
DA:55,0
DA:56,0
DA:57,0
DA:58,0
DA:59,0
DA:60,0
DA:61,0
DA:62,0
DA:63,0
DA:64,0
DA:65,0
DA:66,0
DA:67,0
DA:68,0
DA:69,0
DA:70,0
DA:71,0
DA:72,0
DA:73,0
DA:74,0
DA:75,0
DA:77,0
DA:78,0
DA:79,0
DA:80,0
DA:81,0
DA:82,0
DA:83,0
DA:84,0
DA:85,0
DA:86,0
DA:87,0
DA:89,0
DA:90,0
DA:91,0
DA:92,0
DA:93,0
DA:94,0
DA:95,0
DA:96,0
DA:97,0
DA:98,0
DA:99,0
DA:100,0
DA:101,0
DA:102,0
DA:103,0
DA:104,0
DA:105,0
DA:106,0
DA:107,0
DA:108,0
DA:109,0
DA:110,0
DA:111,0
DA:112,0
DA:113,0
DA:114,0
DA:115,0
DA:116,0
DA:117,0
DA:118,0
DA:122,0
DA:123,0
DA:124,0
DA:125,0
DA:126,0
DA:127,0
DA:128,0
DA:129,0
DA:130,0
DA:131,0
DA:132,0
DA:133,0
DA:134,0
DA:135,0
DA:136,0
DA:137,0
DA:138,0
DA:139,0
DA:140,0
DA:144,0
DA:145,0
DA:146,0
DA:147,0
DA:148,0
DA:149,0
DA:150,0
DA:151,0
DA:152,0
DA:153,0
DA:154,0
DA:155,0
DA:156,0
DA:157,0
DA:158,0
DA:159,0
DA:161,0
DA:162,0
DA:163,0
DA:164,0
DA:165,0
DA:166,0
DA:167,0
DA:168,0
DA:169,0
DA:170,0
DA:171,0
DA:172,0
DA:173,0
DA:174,0
DA:176,0
DA:177,0
DA:178,0
DA:179,0
DA:180,0
DA:181,0
DA:182,0
DA:188,1
DA:189,3
DA:190,3
DA:191,3
DA:192,3
DA:193,3
DA:194,3
DA:195,1
DA:203,0
DA:204,0
DA:205,0
DA:206,0
DA:207,0
DA:208,0
DA:209,0
DA:210,0
DA:211,0
DA:213,0
DA:214,0
DA:215,0
DA:216,0
DA:217,0
DA:218,0
DA:219,0
DA:220,0
DA:221,0
DA:222,0
DA:223,0
DA:224,0
DA:225,0
DA:226,0
DA:227,0
DA:228,0
DA:229,0
DA:230,0
DA:231,0
DA:232,0
DA:233,0
DA:234,0
DA:235,0
DA:236,0
DA:249,0
DA:250,0
DA:252,0
DA:253,0
DA:254,0
DA:255,0
DA:257,0
DA:258,0
DA:260,0
DA:261,0
DA:262,0
DA:263,0
DA:264,0
DA:265,0
DA:266,0
DA:267,0
DA:268,0
DA:270,1
DA:271,1
DA:272,1
DA:273,1
DA:274,1
DA:275,1
DA:277,1
DA:278,1
DA:279,1
DA:280,3
DA:281,3
DA:282,3
DA:283,3
DA:284,3
DA:285,3
DA:286,3
DA:287,3
DA:288,3
DA:289,3
DA:290,3
DA:291,3
DA:292,3
DA:293,3
DA:294,3
DA:295,3
DA:296,3
DA:297,3
DA:298,1
DA:307,1
DA:308,1
DA:309,1
DA:310,1
DA:311,3
DA:312,3
DA:313,1
DA:322,1
DA:323,1
DA:324,1
DA:326,1
DA:328,1
DA:329,1
DA:330,1
DA:331,1
DA:332,17
DA:342,0
DA:351,0
DA:352,0
DA:353,0
DA:354,0
DA:355,0
DA:356,0
DA:357,0
DA:358,0
DA:359,0
DA:360,0
DA:363,8
DA:365,6
DA:367,0
DA:368,0
DA:369,0
DA:370,0
DA:371,0
DA:372,0
DA:373,0
DA:374,0
DA:375,0
DA:376,0
DA:377,0
DA:378,0
DA:379,0
DA:380,0
DA:381,0
DA:382,0
DA:383,0
DA:384,0
DA:385,0
DA:386,0
DA:387,0
DA:388,0
DA:389,0
DA:390,0
DA:391,0
DA:393,0
DA:394,0
DA:395,0
DA:396,0
DA:397,0
DA:398,0
DA:399,0
DA:400,0
DA:401,0
DA:402,0
DA:403,0
DA:404,0
DA:405,0
DA:406,0
DA:407,0
DA:408,0
DA:409,0
DA:410,0
DA:411,0
DA:413,0
DA:414,0
DA:415,0
DA:416,0
DA:417,0
DA:418,0
DA:419,0
DA:423,0
DA:424,0
DA:425,0
DA:426,0
DA:427,0
DA:428,0
DA:429,0
DA:430,0
DA:431,0
DA:432,0
DA:433,0
DA:434,0
DA:435,0
DA:436,0
DA:437,0
DA:438,0
DA:442,0
DA:443,0
DA:444,0
DA:445,0
DA:446,0
DA:447,0
DA:448,0
DA:449,0
DA:450,0
DA:451,0
DA:456,1
DA:457,5
DA:458,5
DA:459,1
DA:467,0
DA:468,0
DA:469,0
DA:470,0
DA:471,0
DA:472,0
DA:473,0
DA:474,0
DA:475,0
DA:476,0
DA:477,0
DA:478,0
DA:480,0
DA:487,0
DA:488,0
DA:489,0
DA:490,0
DA:491,0
DA:492,0
DA:493,0
DA:494,0
DA:496,0
DA:498,0
DA:499,0
DA:500,0
DA:501,0
DA:502,0
DA:503,0
DA:504,0
DA:505,0
DA:507,0
LH:60
LF:377
end_of_record
SF:/home/user/tickets/test/test-utils/fast-expect.ts
FN:16,describeValue
FN:23,toContain
FN:49,isTypedArray
FN:57,sameElements
FNDA:0,describeValue
FNDA:0,toContain
FNDA:12,isTypedArray
FNDA:0,sameElements
FNF:4
FNH:1
BRDA:50,3,0,0
BRDA:66,5,0,0
BRDA:66,5,1,0
BRF:3
BRH:0
DA:5,1
DA:14,1
DA:16,0
DA:17,0
DA:18,0
DA:19,0
DA:20,0
DA:22,1
DA:23,0
DA:24,0
DA:26,0
DA:27,0
DA:29,0
DA:30,0
DA:31,0
DA:32,0
DA:33,0
DA:34,0
DA:35,0
DA:36,0
DA:37,1
DA:49,0
DA:50,0
DA:57,0
DA:58,0
DA:59,0
DA:60,0
DA:61,0
DA:63,1
DA:64,1
DA:66,0
DA:69,0
DA:70,0
DA:71,0
DA:72,0
DA:73,1
LH:7
LF:36
end_of_record
SF:/home/user/tickets/test/test-utils/files.ts
FN:1,pathExists
FN:11,directoryNames
FN:19,tempPath
FN:21,dispose
FN:29,tempDir
FN:32,tempFile
FN:35,withTempDir
FN:43,withTempFile
FNDA:0,pathExists
FNDA:0,directoryNames
FNDA:1,tempPath
FNDA:1,dispose
FNDA:1,tempDir
FNDA:0,tempFile
FNDA:0,withTempDir
FNDA:0,withTempFile
FNF:8
FNH:3
BRDA:22,4,0,0
BRF:1
BRH:0
DA:1,0
DA:2,0
DA:3,0
DA:4,0
DA:5,0
DA:6,0
DA:7,0
DA:8,0
DA:9,0
DA:11,0
DA:12,0
DA:19,1
DA:20,6
DA:21,2
DA:22,0
DA:23,3
DA:24,9
DA:25,2
DA:26,10
DA:27,1
DA:29,1
DA:30,1
DA:32,0
DA:33,0
DA:35,0
DA:36,0
DA:37,0
DA:39,0
DA:40,0
DA:41,0
DA:43,0
DA:44,0
DA:45,0
DA:47,0
DA:48,0
DA:49,0
LH:10
LF:36
end_of_record
SF:/home/user/tickets/test/test-utils/internal.ts
FN:25,resetTestSession
FN:30,resetTestSlugCounter
FN:34,generateTestListingName
FNDA:4,resetTestSession
FNDA:4,resetTestSlugCounter
FNDA:0,generateTestListingName
FNF:3
FNH:2
BRF:0
BRH:0
DA:1,1
DA:3,1
DA:5,1
DA:7,1
DA:8,1
DA:13,1
DA:14,1
DA:15,1
DA:16,1
DA:20,1
DA:22,0
DA:23,0
DA:25,1
DA:28,3
DA:30,1
DA:31,5
DA:32,1
DA:34,0
DA:35,0
DA:36,0
DA:37,0
DA:59,0
DA:60,0
LH:15
LF:23
end_of_record
SF:/home/user/tickets/test/test-utils/payment-aggregate.ts
FN:70,defaultIntent
FN:84,fixtureBookingCompletion
FN:100,completedBooking
FN:119,chargeLegs
FN:136,aggregateFixture
FN:147,finishAggregatePayment
FN:192,createAggregatePayment
FN:247,getPaymentAggregateOrNull
FN:252,getPaymentAggregateByProviderSessionOrNull
FN:261,requirePaymentAggregateByProviderSession
FN:269,refundReferencesForAttendee
FN:276,expectRefundReferences
FN:291,createPausedAttendeePayment
FN:304,expectAttendeePaymentFence
FN:344,savePaymentCharges
FNDA:0,defaultIntent
FNDA:0,fixtureBookingCompletion
FNDA:0,completedBooking
FNDA:0,chargeLegs
FNDA:0,aggregateFixture
FNDA:0,finishAggregatePayment
FNDA:0,createAggregatePayment
FNDA:0,getPaymentAggregateOrNull
FNDA:0,getPaymentAggregateByProviderSessionOrNull
FNDA:0,requirePaymentAggregateByProviderSession
FNDA:0,refundReferencesForAttendee
FNDA:0,expectRefundReferences
FNDA:0,createPausedAttendeePayment
FNDA:0,expectAttendeePaymentFence
FNDA:0,savePaymentCharges
FNF:15
FNH:0
BRF:0
BRH:0
DA:1,1
DA:2,1
DA:3,1
DA:4,1
DA:5,1
DA:6,1
DA:7,1
DA:8,1
DA:9,1
DA:11,1
DA:12,1
DA:13,1
DA:14,1
DA:15,1
DA:16,1
DA:17,1
DA:23,1
DA:25,1
DA:26,1
DA:28,1
DA:29,1
DA:30,1
DA:31,1
DA:32,1
DA:33,1
DA:38,1
DA:39,1
DA:41,1
DA:70,0
DA:71,0
DA:72,0
DA:73,0
DA:74,0
DA:75,0
DA:76,0
DA:77,0
DA:78,0
DA:79,0
DA:80,0
DA:81,0
DA:82,0
DA:84,0
DA:85,0
DA:86,0
DA:87,0
DA:89,0
DA:90,0
DA:91,0
DA:92,0
DA:93,0
DA:94,0
DA:95,0
DA:96,0
DA:97,0
DA:100,0
DA:101,0
DA:102,0
DA:103,0
DA:105,0
DA:106,0
DA:107,0
DA:108,0
DA:109,0
DA:110,0
DA:111,0
DA:112,0
DA:113,0
DA:114,0
DA:115,0
DA:116,0
DA:117,0
DA:119,0
DA:120,0
DA:121,0
DA:122,0
DA:124,0
DA:125,0
DA:126,0
DA:127,0
DA:128,0
DA:129,0
DA:130,0
DA:131,0
DA:132,0
DA:133,0
DA:134,0
DA:136,0
DA:137,0
DA:138,0
DA:139,0
DA:140,0
DA:141,0
DA:142,0
DA:143,0
DA:144,0
DA:145,0
DA:147,0
DA:148,0
DA:149,0
DA:150,0
DA:151,0
DA:152,0
DA:154,0
DA:155,0
DA:156,0
DA:157,0
DA:158,0
DA:159,0
DA:160,0
DA:161,0
DA:162,0
DA:163,0
DA:164,0
DA:165,0
DA:166,0
DA:167,0
DA:168,0
DA:170,0
DA:171,0
DA:172,0
DA:173,0
DA:174,0
DA:175,0
DA:176,0
DA:177,0
DA:178,0
DA:180,0
DA:181,0
DA:182,0
DA:183,0
DA:184,0
DA:185,0
DA:186,0
DA:188,0
DA:189,0
DA:192,0
DA:193,0
DA:195,0
DA:196,0
DA:197,0
DA:198,0
DA:199,0
DA:200,0
DA:202,0
DA:203,0
DA:204,0
DA:205,0
DA:206,0
DA:207,0
DA:208,0
DA:209,0
DA:210,0
DA:211,0
DA:212,0
DA:213,0
DA:214,0
DA:215,0
DA:216,0
DA:217,0
DA:218,0
DA:219,0
DA:220,0
DA:221,0
DA:222,0
DA:223,0
DA:224,0
DA:225,0
DA:226,0
DA:227,0
DA:229,0
DA:230,0
DA:231,0
DA:232,0
DA:233,0
DA:235,0
DA:236,0
DA:237,0
DA:238,0
DA:239,0
DA:240,0
DA:241,0
DA:242,0
DA:244,0
DA:245,0
DA:247,0
DA:248,0
DA:250,0
DA:252,0
DA:253,0
DA:255,0
DA:256,0
DA:257,0
DA:258,0
DA:259,0
DA:261,0
DA:262,0
DA:264,0
DA:265,0
DA:266,0
DA:267,0
DA:269,0
DA:270,0
DA:272,0
DA:273,0
DA:274,0
DA:276,0
DA:277,0
DA:278,0
DA:280,0
DA:281,0
DA:282,0
DA:284,0
DA:285,0
DA:291,0
DA:292,0
DA:293,0
DA:295,0
DA:296,0
DA:297,0
DA:298,0
DA:299,0
DA:300,0
DA:301,0
DA:302,0
DA:304,0
DA:305,0
DA:306,0
DA:307,0
DA:309,0
DA:310,0
DA:311,0
DA:312,0
DA:313,0
DA:314,0
DA:315,0
DA:316,0
DA:318,0
DA:319,0
DA:320,0
DA:326,0
DA:328,0
DA:329,0
DA:331,0
DA:332,0
DA:333,0
DA:334,0
DA:335,0
DA:336,0
DA:337,0
DA:344,0
DA:345,0
DA:346,0
DA:347,0
DA:348,0
DA:350,0
DA:351,0
DA:352,0
DA:353,0
DA:354,0
DA:356,0
DA:357,0
LH:28
LF:261
end_of_record
SF:/home/user/tickets/test/test-utils/preload.ts
FNF:0
FNH:0
BRF:0
BRH:0
DA:2,1
DA:3,1
DA:4,1
DA:8,1
LH:4
LF:4
end_of_record
SF:/home/user/tickets/test/test-utils/reclaim-fds.ts
FN:39,maybeReclaimLeakedFds
FN:53,reclaimLeakedFdsNow
FNDA:4,maybeReclaimLeakedFds
FNDA:1,reclaimLeakedFdsNow
FNF:2
FNH:2
BRDA:43,1,0,0
BRF:1
BRH:0
DA:29,1
DA:31,3
DA:39,1
DA:40,1
DA:42,5
DA:43,5
DA:44,0
DA:45,1
DA:53,1
DA:54,1
DA:56,2
DA:57,1
LH:11
LF:12
end_of_record
SF:/home/user/tickets/test/test-utils/required.ts
FN:9,required
FNDA:1,required
FNF:1
FNH:1
BRDA:10,1,0,0
BRF:1
BRH:0
DA:9,1
DA:10,0
DA:11,2
DA:12,1
LH:3
LF:4
end_of_record
SF:/home/user/tickets/test/test-utils/temp-db-files.ts
FN:11,ignoreCleanupError
FN:13,removeIfPresent
FN:21,getTempDir
FN:29,createTrackedTestDbFile
FN:37,cleanupTestDbPath
FN:44,cleanupTrackedTestDbFiles
FNDA:12,ignoreCleanupError
FNDA:16,removeIfPresent
FNDA:4,getTempDir
FNDA:4,createTrackedTestDbFile
FNDA:4,cleanupTestDbPath
FNDA:1,cleanupTrackedTestDbFiles
FNF:6
FNH:6
BRDA:16,3,0,12
BRDA:23,4,0,3
BRDA:23,4,1,1
BRDA:38,6,0,16
BRDA:45,7,0,0
BRDA:49,7,1,0
BRF:6
BRH:4
DA:1,1
DA:2,1
DA:4,6
DA:6,1
DA:7,1
DA:8,1
DA:11,1
DA:13,1
DA:14,17
DA:15,17
DA:16,17
DA:17,29
DA:18,29
DA:19,1
DA:21,1
DA:22,5
DA:23,5
DA:24,18
DA:25,6
DA:26,6
DA:27,1
DA:29,1
DA:30,1
DA:32,20
DA:33,5
DA:34,5
DA:35,1
DA:37,1
DA:38,5
DA:39,21
DA:40,21
DA:41,5
DA:42,1
DA:44,1
DA:45,4
DA:46,0
DA:47,0
DA:48,2
DA:49,0
DA:50,2
DA:51,2
DA:52,1
DA:54,1
LH:40
LF:43
end_of_record
SF:/home/user/tickets/test/test-utils/test-state-env.ts
FNF:0
FNH:0
BRF:0
BRH:0
DA:6,1
LH:1
LF:1
end_of_record
SF:/home/user/tickets/test/test-utils/test-state.ts
FN:110,invalidateTestDbCache
FN:118,createTableSql
FN:123,createIndexSql
FN:130,sqlString
FN:158,createGoldenDbAt
FN:172,parseSetupState
FN:218,reusableSetupState
FN:228,replaySetupState
FN:245,createDirectAdminSession
FN:287,runSetupCeremony
FN:338,writeTestState
FNDA:0,invalidateTestDbCache
FNDA:0,createTableSql
FNDA:0,createIndexSql
FNDA:0,sqlString
FNDA:0,createGoldenDbAt
FNDA:1,parseSetupState
FNDA:4,reusableSetupState
FNDA:4,replaySetupState
FNDA:0,createDirectAdminSession
FNDA:0,runSetupCeremony
FNDA:0,writeTestState
FNF:11
FNH:3
BRDA:174,9,0,0
BRDA:190,10,0,0
BRDA:206,11,0,0
BRDA:220,12,0,3
BRDA:220,12,1,3
BRDA:220,12,2,1
BRDA:221,12,3,0
BRDA:221,12,4,1
BRDA:223,12,5,1
BRDA:223,12,6,0
BRF:10
BRH:5
DA:1,1
DA:24,1
DA:25,1
DA:26,1
DA:27,1
DA:28,1
DA:29,1
DA:30,1
DA:31,1
DA:32,1
DA:33,1
DA:34,1
DA:35,1
DA:36,1
DA:37,1
DA:38,1
DA:39,1
DA:40,1
DA:41,1
DA:42,1
DA:43,1
DA:44,1
DA:45,1
DA:46,1
DA:47,1
DA:48,1
DA:50,1
DA:51,1
DA:55,1
DA:57,4
DA:59,1
DA:60,1
DA:61,1
DA:62,1
DA:63,1
DA:64,1
DA:65,1
DA:66,1
DA:67,1
DA:68,1
DA:69,1
DA:70,1
DA:73,1
DA:75,1
DA:76,1
DA:77,1
DA:78,1
DA:79,1
DA:80,1
DA:81,1
DA:87,1
DA:88,1
DA:89,1
DA:90,1
DA:91,1
DA:92,1
DA:93,1
DA:94,1
DA:95,1
DA:102,1
DA:103,1
DA:108,1
DA:110,0
DA:111,0
DA:112,0
DA:113,0
DA:118,0
DA:119,0
DA:120,0
DA:121,0
DA:123,0
DA:124,0
DA:125,0
DA:126,0
DA:127,0
DA:128,0
DA:130,0
DA:134,0
DA:135,0
DA:136,0
DA:137,0
DA:138,0
DA:139,0
DA:141,0
DA:142,0
DA:143,0
DA:144,0
DA:145,0
DA:146,0
DA:147,0
DA:148,0
DA:149,0
DA:150,0
DA:151,0
DA:152,0
DA:154,0
DA:155,0
DA:158,0
DA:159,0
DA:160,0
DA:161,0
DA:162,0
DA:163,0
DA:164,0
DA:165,0
DA:166,0
DA:172,1
DA:173,2
DA:174,0
DA:175,0
DA:176,0
DA:178,0
DA:179,2
DA:180,1
DA:187,1
DA:188,1
DA:189,2
DA:190,0
DA:191,2
DA:192,2
DA:193,2
DA:194,2
DA:195,2
DA:196,1
DA:203,1
DA:204,1
DA:205,2
DA:206,2
DA:207,0
DA:208,0
DA:209,0
DA:210,1
DA:218,1
DA:219,5
DA:220,5
DA:221,0
DA:222,6
DA:223,0
DA:224,1
DA:228,1
DA:229,5
DA:230,5
DA:231,20
DA:232,5
DA:233,5
DA:234,5
DA:235,5
DA:237,5
DA:238,5
DA:239,15
DA:240,5
DA:241,1
DA:245,0
DA:249,0
DA:250,0
DA:251,0
DA:253,0
DA:254,0
DA:256,0
DA:257,0
DA:258,0
DA:260,0
DA:265,0
DA:266,0
DA:267,0
DA:268,0
DA:270,0
DA:271,0
DA:272,0
DA:273,0
DA:274,0
DA:276,0
DA:277,0
DA:278,0
DA:279,0
DA:287,0
DA:288,0
DA:293,0
DA:294,0
DA:295,0
DA:296,0
DA:298,0
DA:299,0
DA:301,0
DA:302,0
DA:304,0
DA:305,0
DA:307,0
DA:308,0
DA:310,0
DA:312,0
DA:313,0
DA:314,0
DA:316,0
DA:318,0
DA:319,0
DA:320,0
DA:321,0
DA:322,0
DA:323,0
DA:324,0
DA:325,0
DA:327,0
DA:328,0
DA:329,0
DA:330,0
DA:331,0
DA:338,0
DA:339,0
DA:340,0
DA:341,0
DA:345,0
DA:346,0
DA:347,0
DA:348,0
DA:349,0
DA:350,0
DA:351,0
DA:352,0
DA:353,0
DA:354,0
DA:355,0
DA:356,0
DA:357,0
DA:358,0
DA:359,0
DA:360,0
DA:362,0
DA:363,0
DA:364,0
DA:365,0
LH:98
LF:231
end_of_record
