SF:/home/user/git/tickets/scripts/build-tag.ts
FN:13,isoToTag
FN:15,pad
FNDA:10,isoToTag
FNDA:50,pad
FNF:2
FNH:2
BRF:0
BRH:0
DA:13,1
DA:14,11
DA:15,11
DA:16,11
DA:17,11
DA:18,11
DA:19,1
LH:7
LF:7
end_of_record
SF:/home/user/git/tickets/src/fp.ts
FN:44,pipe
FN:54,filter
FN:62,map
FN:70,flatMap
FN:78,reduce
FN:86,sort
FN:93,unique
FN:99,uniqueBy
FN:116,compact
FN:123,once
FN:139,lazyRef
FN:144,get
FN:151,set
FN:174,bracket
FN:188,asString
FN:201,chunk
FN:214,mapParallel
FN:235,collectionCache
FN:245,getAll
FN:257,invalidate
FN:261,size
FN:278,ttlCache
FN:284,clear
FN:287,get
FN:296,set
FN:299,size
FNDA:2712,pipe
FNDA:1728,filter
FNDA:4899,map
FNDA:33,flatMap
FNDA:9227,reduce
FNDA:225,sort
FNDA:670,unique
FNDA:53,uniqueBy
FNDA:7653,compact
FNDA:1802,once
FNDA:3929,lazyRef
FNDA:452780,get
FNDA:97958,set
FNDA:346,bracket
FNDA:175,asString
FNDA:10,chunk
FNDA:11244,mapParallel
FNDA:6,collectionCache
FNDA:12,getAll
FNDA:4,invalidate
FNDA:5,size
FNDA:380,ttlCache
FNDA:7012,clear
FNDA:833,get
FNDA:639,set
FNDA:1172,size
FNF:26
FNH:26
BRDA:103,16,0,115
BRDA:105,16,1,64
BRDA:117,18,0,54728
BRDA:127,20,0,170
BRDA:145,22,0,16803
BRDA:148,22,1,452692
BRDA:152,23,0,97949
BRDA:152,23,1,43426
BRDA:154,23,2,54532
BRDA:189,26,0,160
BRDA:189,26,1,15
BRDA:204,29,0,24
BRDA:247,34,0,3
BRDA:247,34,1,2
BRDA:249,34,2,10
BRDA:252,34,3,9
BRDA:254,34,4,10
BRDA:261,36,0,2
BRDA:261,36,1,3
BRDA:289,39,0,638
BRDA:289,39,1,741
BRDA:289,39,2,195
BRDA:290,39,3,2
BRDA:293,39,4,193
BRF:24
BRH:24
DA:44,194
DA:45,194
DA:47,2906
DA:48,2906
DA:53,194
DA:54,194
DA:55,194
DA:56,194
DA:61,194
DA:62,194
DA:63,194
DA:64,194
DA:69,194
DA:70,194
DA:71,194
DA:72,194
DA:77,194
DA:78,194
DA:79,194
DA:80,194
DA:85,194
DA:86,194
DA:87,194
DA:88,1103
DA:93,1252
DA:98,194
DA:99,194
DA:100,194
DA:101,300
DA:102,300
DA:103,300
DA:104,415
DA:105,415
DA:106,479
DA:107,479
DA:108,479
DA:109,415
DA:110,300
DA:111,194
DA:116,194
DA:117,194
DA:123,194
DA:124,1996
DA:125,1996
DA:126,1996
DA:127,6837
DA:128,7007
DA:129,7007
DA:130,7007
DA:131,6837
DA:132,1996
DA:133,194
DA:139,194
DA:140,194
DA:142,4123
DA:143,4123
DA:144,4123
DA:145,456903
DA:146,473706
DA:147,473706
DA:148,473706
DA:149,909595
DA:150,4123
DA:151,4123
DA:152,102081
DA:153,243456
DA:154,200030
DA:155,254562
DA:156,254562
DA:157,254562
DA:158,4123
DA:159,16492
DA:160,194
DA:173,194
DA:174,194
DA:175,194
DA:176,605
DA:177,605
DA:178,605
DA:179,605
DA:180,605
DA:181,605
DA:182,194
DA:188,194
DA:189,194
DA:195,194
DA:200,194
DA:201,194
DA:202,194
DA:203,214
DA:204,214
DA:205,238
DA:206,238
DA:207,214
DA:208,194
DA:213,194
DA:214,194
DA:215,194
DA:216,194
DA:235,194
DA:236,194
DA:237,194
DA:238,194
DA:240,200
DA:241,820
DA:243,200
DA:244,200
DA:245,200
DA:246,212
DA:247,212
DA:248,214
DA:249,214
DA:250,222
DA:251,222
DA:252,212
DA:253,884
DA:254,221
DA:255,222
DA:256,200
DA:257,200
DA:258,204
DA:259,204
DA:260,200
DA:261,200
DA:262,200
DA:263,194
DA:278,194
DA:279,194
DA:280,194
DA:282,574
DA:283,574
DA:284,574
DA:285,7586
DA:286,574
DA:287,574
DA:288,1407
DA:289,1407
DA:290,2148
DA:291,2150
DA:292,2150
DA:293,2150
DA:294,2341
DA:295,574
DA:296,574
DA:297,4852
DA:298,574
DA:299,574
DA:300,574
DA:301,194
LH:149
LF:149
end_of_record
SF:/home/user/git/tickets/src/lib/admin-api-example.ts
FN:67,json
FNDA:1500,json
FNF:1
FNH:1
BRF:0
BRH:0
DA:9,100
DA:10,100
DA:11,100
DA:12,100
DA:14,100
DA:17,100
DA:19,100
DA:22,100
DA:25,100
DA:26,100
DA:30,100
DA:31,100
DA:32,100
DA:33,100
DA:34,100
DA:35,100
DA:36,100
DA:37,100
DA:38,100
DA:39,100
DA:40,100
DA:43,100
DA:44,100
DA:45,100
DA:46,100
DA:47,100
DA:50,100
DA:51,100
DA:52,100
DA:67,100
DA:69,100
DA:70,100
DA:71,100
DA:72,100
DA:73,100
DA:74,400
DA:75,100
DA:76,100
DA:77,100
DA:78,100
DA:79,100
DA:80,100
DA:81,100
DA:82,100
DA:83,300
DA:84,100
DA:85,100
DA:86,100
DA:87,100
DA:88,100
DA:89,100
DA:90,100
DA:91,100
DA:92,300
DA:93,100
DA:94,100
DA:95,100
DA:96,100
DA:97,100
DA:98,100
DA:99,100
DA:100,100
DA:101,100
DA:102,100
DA:103,400
DA:104,100
DA:105,100
DA:107,100
DA:108,100
DA:109,100
DA:110,100
DA:111,100
DA:112,100
DA:113,100
DA:114,200
DA:115,100
DA:116,100
DA:117,100
DA:118,100
DA:119,100
DA:120,100
DA:121,300
DA:122,100
DA:123,100
DA:124,100
DA:125,100
DA:126,100
DA:127,100
DA:128,300
DA:129,100
DA:130,100
DA:131,100
DA:132,100
DA:133,100
DA:134,100
DA:135,300
DA:136,100
DA:137,100
DA:138,100
DA:139,100
DA:140,100
DA:141,100
DA:142,300
DA:143,100
DA:144,100
DA:145,100
DA:146,100
DA:147,100
DA:148,300
DA:149,100
DA:150,100
DA:151,100
DA:152,100
DA:153,100
DA:154,300
DA:155,100
DA:156,100
LH:117
LF:117
end_of_record
SF:/home/user/git/tickets/src/lib/api-example.ts
FNF:0
FNH:0
BRF:0
BRH:0
DA:10,101
DA:11,101
DA:14,101
DA:15,101
DA:16,101
DA:17,101
DA:18,101
DA:19,101
DA:20,101
DA:21,101
DA:22,101
DA:23,101
DA:24,101
DA:25,101
DA:26,101
DA:27,101
DA:28,101
DA:29,101
DA:30,101
DA:31,101
DA:32,101
DA:33,101
DA:34,101
DA:35,101
DA:36,101
DA:37,101
DA:38,101
DA:39,101
DA:40,101
DA:41,101
DA:42,101
DA:43,101
DA:44,101
DA:45,101
DA:46,101
DA:47,101
DA:50,101
DA:51,101
DA:54,101
DA:55,404
DA:56,101
DA:57,101
DA:61,101
DA:62,101
DA:63,101
DA:64,101
DA:65,303
DA:66,101
DA:67,101
DA:68,101
DA:69,101
DA:73,101
DA:74,303
DA:75,101
DA:76,101
DA:80,101
DA:81,404
DA:82,101
DA:83,101
DA:87,101
DA:88,303
DA:89,101
DA:90,101
DA:94,101
DA:95,101
DA:96,101
DA:97,101
DA:98,101
DA:99,101
DA:100,101
DA:101,101
DA:102,101
DA:103,101
DA:104,101
LH:74
LF:74
end_of_record
SF:/home/user/git/tickets/src/lib/apple-wallet.ts
FN:69,padAuthToken
FN:73,trimAuthToken
FN:77,generatePassJson
FN:129,buildEventTicketFields
FN:184,isValidPemCertificate
FN:194,isValidPemPrivateKey
FN:204,sha1Hex
FN:211,createManifest
FN:220,signManifest
FN:252,buildPkpass
FNDA:27,padAuthToken
FNDA:5,trimAuthToken
FNDA:20,generatePassJson
FNDA:20,buildEventTicketFields
FNDA:15,isValidPemCertificate
FNDA:9,isValidPemPrivateKey
FNDA:79,sha1Hex
FNDA:19,createManifest
FNDA:19,signManifest
FNDA:17,buildPkpass
FNF:10
FNH:10
BRDA:83,3,0,19
BRDA:93,3,1,19
BRDA:95,3,2,19
BRDA:103,3,3,10
BRDA:137,4,0,10
BRDA:147,4,1,10
BRDA:155,4,2,1
BRDA:163,4,3,1
BRDA:171,4,4,3
BRDA:188,5,0,6
BRDA:198,6,0,4
BRDA:213,8,0,71
BRF:12
BRH:12
DA:11,100
DA:12,100
DA:13,100
DA:14,100
DA:15,100
DA:20,1
DA:21,100
DA:63,100
DA:69,100
DA:70,100
DA:73,100
DA:74,100
DA:77,100
DA:78,100
DA:79,100
DA:81,120
DA:82,120
DA:83,120
DA:84,120
DA:85,120
DA:86,120
DA:87,120
DA:88,120
DA:89,120
DA:90,120
DA:91,120
DA:92,120
DA:93,120
DA:94,120
DA:95,120
DA:96,120
DA:97,120
DA:98,120
DA:99,120
DA:100,120
DA:101,120
DA:103,120
DA:104,130
DA:105,130
DA:107,120
DA:108,100
DA:129,100
DA:130,120
DA:131,120
DA:132,120
DA:133,840
DA:134,120
DA:135,120
DA:137,120
DA:138,130
DA:139,130
DA:140,130
DA:141,130
DA:142,130
DA:143,130
DA:144,130
DA:145,130
DA:147,120
DA:148,130
DA:149,130
DA:150,130
DA:151,130
DA:152,130
DA:153,130
DA:155,120
DA:156,121
DA:157,121
DA:158,121
DA:159,121
DA:160,121
DA:161,121
DA:163,120
DA:164,121
DA:165,121
DA:166,121
DA:167,121
DA:168,121
DA:169,121
DA:171,120
DA:172,123
DA:173,123
DA:174,123
DA:175,123
DA:176,123
DA:177,123
DA:178,123
DA:180,120
DA:181,100
DA:184,100
DA:185,115
DA:186,115
DA:187,115
DA:188,115
DA:189,121
DA:190,121
DA:191,100
DA:194,100
DA:195,109
DA:196,109
DA:197,109
DA:198,109
DA:199,113
DA:200,113
DA:201,100
DA:204,100
DA:205,179
DA:206,179
DA:207,179
DA:208,100
DA:211,100
DA:212,119
DA:213,119
DA:214,190
DA:215,190
DA:216,119
DA:217,100
DA:220,100
DA:221,100
DA:222,100
DA:223,100
DA:224,100
DA:226,119
DA:227,119
DA:228,119
DA:230,119
DA:231,119
DA:232,119
DA:233,119
DA:234,119
DA:235,119
DA:236,476
DA:237,357
DA:238,476
DA:239,119
DA:240,119
DA:241,119
DA:242,119
DA:243,119
DA:244,357
DA:246,119
DA:247,119
DA:248,119
DA:249,100
DA:252,100
DA:253,100
DA:254,100
DA:256,117
DA:257,117
DA:259,117
DA:260,117
DA:261,117
DA:262,117
DA:264,117
DA:265,117
DA:267,117
DA:268,117
DA:269,117
DA:270,117
DA:271,117
DA:274,117
DA:275,117
DA:276,117
DA:277,117
DA:278,117
DA:279,100
LH:165
LF:165
end_of_record
SF:/home/user/git/tickets/src/lib/asset-paths.ts
FNF:0
FNH:0
BRF:0
BRH:0
DA:8,180
DA:11,180
DA:14,180
DA:17,180
DA:20,180
DA:23,180
LH:6
LF:6
end_of_record
SF:/home/user/git/tickets/src/lib/attachment-url.ts
FN:15,buildMessage
FN:25,signAttachmentUrl
FN:39,verifyAttachmentUrl
FNDA:31,buildMessage
FNDA:20,signAttachmentUrl
FNDA:15,verifyAttachmentUrl
FNF:3
FNH:3
BRDA:46,3,0,1
BRDA:46,3,1,14
BRDA:49,3,2,1
BRDA:49,3,3,13
BRDA:50,3,4,2
BRDA:50,3,5,11
BRF:6
BRH:6
DA:9,6
DA:10,6
DA:11,6
DA:12,6
DA:15,6
DA:16,6
DA:17,6
DA:18,6
DA:19,6
DA:25,6
DA:26,6
DA:27,6
DA:29,26
DA:30,26
DA:31,26
DA:32,26
DA:33,6
DA:39,6
DA:40,6
DA:41,6
DA:42,6
DA:43,6
DA:45,21
DA:46,21
DA:48,35
DA:49,21
DA:50,21
DA:52,32
DA:53,32
DA:54,32
DA:55,6
LH:31
LF:31
end_of_record
SF:/home/user/git/tickets/src/lib/booking-fee.ts
FN:9,calculateBookingFee
FN:18,getBookingFeeAmount
FN:22,itemsSubtotal
FNDA:159,calculateBookingFee
FNDA:51,getBookingFeeAmount
FNDA:50,itemsSubtotal
FNF:3
FNH:3
BRDA:13,1,0,153
BRDA:13,1,1,6
BRF:2
BRH:2
DA:6,104
DA:9,104
DA:10,104
DA:11,104
DA:13,263
DA:14,269
DA:15,104
DA:18,104
DA:19,104
DA:22,104
DA:23,104
DA:24,104
LH:12
LF:12
end_of_record
SF:/home/user/git/tickets/src/lib/booking.ts
FN:34,processBooking
FNDA:18,processBooking
FNF:1
FNH:1
BRDA:45,1,0,5
BRDA:45,1,1,13
BRDA:46,1,2,2
BRDA:46,1,3,1
BRDA:48,1,4,5
BRDA:50,1,5,1
BRDA:50,1,6,4
BRDA:55,1,7,3
BRDA:71,1,8,4
BRDA:73,1,9,1
BRDA:73,1,10,3
BRDA:74,1,11,1
BRDA:76,1,12,2
BRDA:79,1,13,13
BRDA:87,1,14,2
BRDA:89,1,15,11
BRF:16
BRH:16
DA:9,101
DA:10,101
DA:11,101
DA:12,101
DA:14,101
DA:34,101
DA:35,101
DA:36,101
DA:37,101
DA:38,101
DA:39,101
DA:40,101
DA:41,101
DA:43,119
DA:44,119
DA:45,119
DA:46,119
DA:48,119
DA:49,124
DA:50,374
DA:53,128
DA:55,124
DA:56,124
DA:57,124
DA:58,124
DA:59,124
DA:60,124
DA:61,124
DA:62,124
DA:63,124
DA:64,124
DA:65,124
DA:66,124
DA:67,124
DA:68,124
DA:70,124
DA:71,124
DA:73,374
DA:74,124
DA:75,500
DA:76,125
DA:78,504
DA:79,126
DA:81,132
DA:82,132
DA:83,132
DA:84,792
DA:85,132
DA:87,119
DA:88,484
DA:89,121
DA:91,780
DA:92,520
DA:93,101
LH:54
LF:54
end_of_record
SF:/home/user/git/tickets/src/lib/build-info.ts
FNF:0
FNH:0
BRF:0
BRH:0
DA:7,119
DA:10,119
LH:2
LF:2
end_of_record
SF:/home/user/git/tickets/src/lib/builder.ts
FN:53,generateEncryptionKey
FN:59,testDbConnection
FN:74,setSecrets
FN:89,buildSite
FNDA:3,generateEncryptionKey
FNDA:2,testDbConnection
FNDA:7,setSecrets
FNDA:12,buildSite
FNF:4
FNH:4
BRDA:66,2,0,1
BRDA:79,3,0,32
BRDA:81,3,1,5
BRDA:97,4,0,11
BRDA:98,4,1,1
BRDA:100,4,2,10
BRDA:102,4,3,1
BRDA:107,4,4,9
BRDA:109,4,5,1
BRDA:114,4,6,9
BRDA:118,4,7,1
BRDA:118,4,8,8
BRDA:126,4,9,1
BRDA:126,4,10,7
BRDA:140,4,11,119
BRDA:142,4,12,4
BRDA:143,4,13,7
BRDA:146,4,14,1
BRDA:148,4,15,6
BRDA:152,4,16,1
BRDA:152,4,17,5
BRF:21
BRH:21
DA:15,117
DA:16,117
DA:17,117
DA:18,117
DA:19,117
DA:22,117
DA:23,117
DA:24,117
DA:25,117
DA:26,117
DA:27,117
DA:28,117
DA:29,117
DA:30,117
DA:31,117
DA:32,117
DA:33,117
DA:34,117
DA:35,117
DA:36,117
DA:37,117
DA:38,117
DA:39,117
DA:40,117
DA:53,117
DA:54,120
DA:55,120
DA:56,117
DA:59,117
DA:60,117
DA:61,117
DA:63,119
DA:64,119
DA:65,476
DA:66,119
DA:67,360
DA:68,120
DA:69,480
DA:70,120
DA:71,117
DA:74,117
DA:75,117
DA:76,117
DA:78,124
DA:79,124
DA:80,156
DA:81,156
DA:82,156
DA:83,124
DA:84,117
DA:89,117
DA:90,117
DA:92,129
DA:95,129
DA:96,129
DA:97,129
DA:98,129
DA:99,520
DA:100,130
DA:101,139
DA:102,129
DA:103,130
DA:104,130
DA:105,130
DA:106,130
DA:107,130
DA:108,138
DA:109,129
DA:110,130
DA:111,130
DA:112,130
DA:113,130
DA:114,130
DA:117,138
DA:118,129
DA:120,137
DA:123,137
DA:124,137
DA:125,137
DA:126,129
DA:129,136
DA:132,136
DA:133,544
DA:134,544
DA:135,544
DA:136,408
DA:137,136
DA:140,129
DA:141,248
DA:142,1004
DA:143,248
DA:145,136
DA:146,129
DA:147,520
DA:148,130
DA:151,135
DA:152,129
DA:154,670
DA:155,117
DA:158,117
DA:159,117
DA:160,117
DA:161,117
DA:162,117
LH:104
LF:104
end_of_record
SF:/home/user/git/tickets/src/lib/bulk-replace.ts
FN:46,applyNameReplacement
FN:57,computeDayOffset
FN:66,shiftUtcIsoByDays
FN:72,buildDuplicatePreview
FN:92,formatIsoForPreview
FNDA:11,applyNameReplacement
FNDA:12,computeDayOffset
FNDA:13,shiftUtcIsoByDays
FNDA:5,buildDuplicatePreview
FNDA:474,formatIsoForPreview
FNF:5
FNH:5
BRDA:50,1,0,6
BRDA:50,1,1,5
BRDA:58,2,0,7
BRDA:58,2,1,6
BRDA:67,3,0,9
BRDA:67,3,1,9
BRDA:67,3,2,8
BRDA:67,3,3,5
BRDA:93,6,0,473
BRDA:93,6,1,3
BRDA:93,6,2,471
BRF:11
BRH:11
DA:39,189
DA:46,189
DA:47,189
DA:48,189
DA:49,189
DA:50,189
DA:57,189
DA:58,201
DA:59,207
DA:60,189
DA:66,189
DA:67,202
DA:68,216
DA:69,189
DA:72,189
DA:73,189
DA:74,189
DA:76,194
DA:77,194
DA:78,199
DA:79,199
DA:80,199
DA:81,199
DA:82,199
DA:83,194
DA:84,189
DA:92,189
DA:93,663
DA:94,1607
DA:95,1607
DA:96,1607
DA:97,1607
DA:98,1607
DA:99,1607
DA:100,1607
DA:101,1607
DA:102,1607
DA:103,1607
DA:104,189
LH:39
LF:39
end_of_record
SF:/home/user/git/tickets/src/lib/bunny-cdn.ts
FN:45,getEdgeScriptImpl
FN:64,withEdgeScript
FN:75,findPullZoneIdImpl
FN:93,toCnameTarget
FN:96,getCdnHostnameImpl
FN:103,okOrError
FN:107,parseBunnyError
FN:128,pullZonePost
FN:150,loadFreeCertificate
FN:169,validateCustomDomainImpl
FN:237,getDnsZoneImpl
FN:257,buildSubdomainRecordName
FN:264,checkSubdomainAvailableImpl
FN:281,delay
FN:288,certRetryDelay
FN:295,registerBunnySubdomainImpl
FN:391,deleteDnsRecordImpl
FN:409,computeScriptRequest
FN:424,scriptAction
FN:437,publishScript
FN:459,createEdgeScriptImpl
FN:490,setEdgeScriptSecretImpl
FN:508,publishEdgeScriptImpl
FN:515,updatePullZoneImpl
FN:529,deployScriptCodeImpl
FN:564,validateCustomDomain
FN:569,checkSubdomainAvailable
FN:573,registerBunnySubdomain
FN:577,getCdnHostname
FN:581,deployScriptCode
FN:585,createEdgeScript
FN:592,setEdgeScriptSecret
FN:600,publishEdgeScript
FNDA:9,getEdgeScriptImpl
FNDA:6,withEdgeScript
FNDA:3,findPullZoneIdImpl
FNDA:2,toCnameTarget
FNDA:3,getCdnHostnameImpl
FNDA:25,okOrError
FNDA:19,parseBunnyError
FNDA:12,pullZonePost
FNDA:4,loadFreeCertificate
FNDA:8,validateCustomDomainImpl
FNDA:2,getDnsZoneImpl
FNDA:12,buildSubdomainRecordName
FNDA:4,checkSubdomainAvailableImpl
FNDA:0,delay
FNDA:20,certRetryDelay
FNDA:9,registerBunnySubdomainImpl
FNDA:2,deleteDnsRecordImpl
FNDA:12,computeScriptRequest
FNDA:9,scriptAction
FNDA:4,publishScript
FNDA:3,createEdgeScriptImpl
FNDA:2,setEdgeScriptSecretImpl
FNDA:2,publishEdgeScriptImpl
FNDA:2,updatePullZoneImpl
FNDA:3,deployScriptCodeImpl
FNDA:11,validateCustomDomain
FNDA:8,checkSubdomainAvailable
FNDA:11,registerBunnySubdomain
FNDA:10,getCdnHostname
FNDA:2,deployScriptCode
FNDA:0,createEdgeScript
FNDA:0,setEdgeScriptSecret
FNDA:0,publishEdgeScript
FNF:33
FNH:29
BRDA:55,1,0,4
BRDA:57,1,1,5
BRDA:68,2,0,2
BRDA:68,2,1,4
BRDA:80,4,0,1
BRDA:104,8,0,13
BRDA:104,8,1,12
BRDA:115,9,0,12
BRDA:115,9,1,4
BRDA:116,9,2,3
BRDA:117,9,3,15
BRDA:134,10,0,10
BRDA:134,10,1,2
BRDA:173,12,0,1
BRDA:176,12,1,7
BRDA:187,12,2,4
BRDA:189,12,3,3
BRDA:192,12,4,4
BRDA:195,12,5,1
BRDA:198,12,6,3
BRDA:206,12,7,1
BRDA:209,12,8,2
BRDA:245,13,0,1
BRDA:272,15,0,1
BRDA:272,15,1,3
BRDA:300,19,0,1
BRDA:300,19,1,8
BRDA:301,19,2,1
BRDA:303,19,3,7
BRDA:310,19,4,1
BRDA:313,19,5,6
BRDA:338,19,6,1
BRDA:347,19,7,5
BRDA:353,19,8,1
BRDA:354,19,9,4
BRDA:356,19,10,5
BRDA:363,19,11,13
BRDA:365,19,12,10
BRDA:374,19,13,5
BRDA:376,19,14,2
BRDA:378,19,15,1
BRDA:382,19,16,3
BRDA:474,24,0,1
BRDA:476,24,1,2
BRDA:480,24,2,1
BRDA:538,28,0,1
BRDA:540,28,1,2
BRF:47
BRH:47
DA:8,177
DA:9,177
DA:10,177
DA:11,177
DA:12,177
DA:13,177
DA:14,177
DA:15,177
DA:17,177
DA:27,177
DA:45,177
DA:49,186
DA:50,186
DA:51,186
DA:52,930
DA:55,186
DA:56,190
DA:57,190
DA:59,191
DA:60,764
DA:61,177
DA:64,177
DA:65,177
DA:67,183
DA:68,183
DA:69,187
DA:70,177
DA:75,177
DA:78,177
DA:79,182
DA:80,182
DA:81,183
DA:82,183
DA:83,183
DA:84,183
DA:85,183
DA:86,732
DA:87,177
DA:93,177
DA:94,177
DA:96,177
DA:97,177
DA:98,182
DA:99,182
DA:100,177
DA:103,177
DA:104,569
DA:107,177
DA:108,177
DA:109,177
DA:111,196
DA:112,196
DA:113,196
DA:114,196
DA:115,196
DA:116,208
DA:117,196
DA:119,211
DA:120,196
DA:121,196
DA:122,196
DA:123,196
DA:124,196
DA:125,177
DA:128,177
DA:129,177
DA:130,177
DA:131,177
DA:132,177
DA:134,189
DA:135,189
DA:137,189
DA:138,189
DA:139,189
DA:140,189
DA:141,189
DA:142,189
DA:143,189
DA:144,189
DA:146,189
DA:147,177
DA:150,177
DA:151,177
DA:153,181
DA:154,181
DA:155,181
DA:157,181
DA:158,543
DA:159,181
DA:160,181
DA:162,181
DA:163,177
DA:169,177
DA:170,177
DA:172,185
DA:173,185
DA:174,744
DA:175,186
DA:176,186
DA:178,192
DA:180,192
DA:181,192
DA:182,192
DA:183,576
DA:184,192
DA:186,185
DA:187,185
DA:188,185
DA:189,185
DA:190,752
DA:191,188
DA:192,188
DA:194,189
DA:195,185
DA:196,744
DA:197,186
DA:198,186
DA:200,188
DA:201,188
DA:202,188
DA:203,752
DA:204,188
DA:206,185
DA:207,744
DA:208,186
DA:209,186
DA:211,561
DA:212,177
DA:232,177
DA:237,177
DA:240,179
DA:241,179
DA:242,537
DA:243,179
DA:245,179
DA:246,180
DA:247,180
DA:249,180
DA:250,720
DA:251,177
DA:257,177
DA:258,177
DA:264,177
DA:265,177
DA:271,181
DA:272,181
DA:274,184
DA:275,184
DA:276,184
DA:277,920
DA:278,177
DA:281,0
DA:282,0
DA:285,177
DA:288,177
DA:295,177
DA:296,177
DA:299,186
DA:300,186
DA:301,186
DA:302,748
DA:303,187
DA:305,193
DA:306,193
DA:309,193
DA:310,186
DA:311,748
DA:312,187
DA:313,187
DA:314,192
DA:317,192
DA:318,192
DA:319,192
DA:320,192
DA:321,192
DA:322,192
DA:323,192
DA:324,192
DA:325,192
DA:326,192
DA:327,192
DA:329,192
DA:330,192
DA:331,192
DA:332,192
DA:333,192
DA:334,192
DA:335,192
DA:336,192
DA:338,186
DA:339,187
DA:340,187
DA:341,187
DA:342,187
DA:343,187
DA:345,187
DA:346,187
DA:347,187
DA:350,191
DA:351,191
DA:352,191
DA:353,186
DA:354,186
DA:356,190
DA:360,191
DA:361,186
DA:362,186
DA:363,186
DA:364,186
DA:365,186
DA:366,196
DA:367,196
DA:368,196
DA:369,196
DA:370,196
DA:372,196
DA:373,196
DA:374,196
DA:376,186
DA:378,188
DA:379,189
DA:380,189
DA:381,188
DA:382,188
DA:384,756
DA:385,177
DA:391,177
DA:392,177
DA:393,177
DA:395,179
DA:396,179
DA:397,179
DA:398,537
DA:399,179
DA:400,179
DA:401,179
DA:402,177
DA:409,177
DA:410,177
DA:411,177
DA:412,177
DA:414,177
DA:415,189
DA:416,189
DA:417,189
DA:418,189
DA:419,189
DA:420,189
DA:421,177
DA:424,177
DA:425,177
DA:426,177
DA:427,177
DA:428,177
DA:430,177
DA:431,177
DA:432,177
DA:433,177
DA:437,177
DA:438,177
DA:439,177
DA:441,177
DA:459,177
DA:460,177
DA:461,177
DA:463,180
DA:464,180
DA:465,180
DA:466,180
DA:467,180
DA:468,180
DA:469,180
DA:470,180
DA:471,180
DA:474,180
DA:475,181
DA:476,181
DA:478,182
DA:479,182
DA:480,180
DA:481,180
DA:482,180
DA:483,180
DA:484,180
DA:485,177
DA:490,177
DA:491,177
DA:492,177
DA:493,177
DA:495,177
DA:496,177
DA:497,177
DA:498,177
DA:499,177
DA:500,712
DA:502,177
DA:508,177
DA:509,177
DA:515,177
DA:516,177
DA:517,177
DA:519,177
DA:529,177
DA:530,180
DA:532,180
DA:533,180
DA:534,180
DA:535,180
DA:536,540
DA:538,180
DA:539,181
DA:540,181
DA:542,182
DA:543,177
DA:546,177
DA:547,177
DA:548,177
DA:549,177
DA:550,177
DA:551,177
DA:552,177
DA:553,177
DA:554,177
DA:555,177
DA:556,177
DA:557,177
DA:558,177
DA:559,177
DA:560,177
DA:561,177
DA:564,177
DA:565,177
DA:566,177
DA:569,177
DA:570,177
DA:573,177
DA:574,177
DA:577,177
DA:578,177
DA:581,177
DA:582,177
DA:585,0
DA:586,0
DA:587,0
DA:589,0
DA:592,0
DA:593,0
DA:594,0
DA:595,0
DA:597,0
DA:600,0
DA:601,0
LH:339
LF:352
end_of_record
SF:/home/user/git/tickets/src/lib/business-email.ts
FN:6,isValidBusinessEmail
FN:18,normalizeBusinessEmail
FN:27,updateBusinessEmail
FNDA:56,isValidBusinessEmail
FNDA:37,normalizeBusinessEmail
FNDA:37,updateBusinessEmail
FNF:3
FNH:3
BRDA:8,1,0,2
BRDA:8,1,1,54
BRDA:28,3,0,4
BRDA:31,3,1,33
BRDA:35,3,2,4
BRDA:37,3,3,29
BRF:6
BRH:6
DA:1,103
DA:6,103
DA:7,159
DA:8,159
DA:11,213
DA:12,213
DA:13,159
DA:18,103
DA:19,140
DA:20,140
DA:27,103
DA:28,140
DA:29,144
DA:30,144
DA:31,144
DA:33,173
DA:35,140
DA:36,144
DA:37,144
DA:39,169
DA:40,140
LH:21
LF:21
end_of_record
SF:/home/user/git/tickets/src/lib/cache-registry.ts
FN:19,registerCache
FN:24,getAllCacheStats
FN:27,resetCacheRegistry
FNDA:1590,registerCache
FNDA:594,getAllCacheStats
FNDA:13,resetCacheRegistry
FNF:3
FNH:3
BRF:0
BRH:0
DA:16,188
DA:19,188
DA:20,1778
DA:21,188
DA:24,188
DA:27,188
DA:28,201
DA:29,188
LH:8
LF:8
end_of_record
SF:/home/user/git/tickets/src/lib/column-order.ts
FN:72,parseTagBody
FN:87,parseColumnTemplate
FN:129,validateColumnTemplate
FN:141,buildDefaultTemplate
FN:148,resolveColumnLayout
FN:169,renderFilteredValue
FN:191,renderCells
FN:220,getHeaderText
FNDA:66,parseTagBody
FNDA:27,parseColumnTemplate
FNDA:10,validateColumnTemplate
FNDA:299,buildDefaultTemplate
FNDA:361,resolveColumnLayout
FNDA:11,renderFilteredValue
FNDA:271,renderCells
FNDA:2271,getHeaderText
FNF:8
FNH:8
BRDA:76,2,0,57
BRDA:76,2,1,9
BRDA:101,3,0,66
BRDA:103,3,1,5
BRDA:110,3,2,63
BRDA:110,3,3,61
BRDA:111,3,4,60
BRDA:114,3,5,9
BRDA:116,3,6,22
BRDA:118,3,7,1
BRDA:120,3,8,21
BRDA:134,4,0,6
BRDA:134,4,1,4
BRDA:153,7,0,344
BRDA:155,7,1,75
BRDA:155,7,2,17
BRDA:157,7,3,15
BRDA:158,7,4,2
BRDA:177,8,0,9
BRDA:177,8,1,8
BRDA:179,8,2,6
BRDA:200,9,0,1832
BRDA:203,9,1,5
BRDA:204,9,2,5
BRDA:205,9,3,1827
BRDA:207,9,4,430
BRDA:207,9,5,1402
BRDA:209,9,6,5
BRDA:209,9,7,1827
BRDA:211,9,8,1111
BRDA:212,9,9,721
BRDA:222,10,0,1690
BRF:32
BRH:32
DA:13,107
DA:14,107
DA:51,1
DA:54,428
DA:57,1
DA:58,107
DA:61,1
DA:65,107
DA:72,107
DA:73,107
DA:75,173
DA:76,863
DA:77,728
DA:78,107
DA:87,107
DA:88,107
DA:89,107
DA:96,134
DA:97,134
DA:98,134
DA:99,134
DA:101,134
DA:102,200
DA:103,200
DA:104,205
DA:105,205
DA:106,205
DA:107,205
DA:108,205
DA:109,205
DA:110,205
DA:111,263
DA:112,323
DA:113,323
DA:114,323
DA:115,323
DA:116,200
DA:118,134
DA:119,540
DA:120,135
DA:122,775
DA:123,107
DA:129,107
DA:130,107
DA:131,107
DA:133,117
DA:134,117
DA:135,107
DA:141,107
DA:142,107
DA:148,107
DA:149,107
DA:150,107
DA:151,107
DA:153,468
DA:154,4872
DA:155,812
DA:156,560
DA:157,543
DA:158,2127
DA:159,2816
DA:160,107
DA:169,107
DA:170,107
DA:171,107
DA:172,107
DA:176,118
DA:177,118
DA:178,126
DA:179,126
DA:180,126
DA:181,118
DA:182,118
DA:183,118
DA:184,118
DA:185,107
DA:191,107
DA:192,107
DA:193,107
DA:194,107
DA:195,107
DA:196,107
DA:197,107
DA:199,378
DA:200,378
DA:201,2210
DA:202,2210
DA:203,2210
DA:204,2210
DA:205,2210
DA:206,2210
DA:207,2210
DA:209,2210
DA:210,2210
DA:211,2210
DA:212,2210
DA:213,2210
DA:215,2210
DA:216,378
DA:217,107
DA:220,107
DA:221,107
DA:222,107
LH:103
LF:103
end_of_record
SF:/home/user/git/tickets/src/lib/columns/attendee-columns.ts
FN:18,componentRenderedCol
FN:39,cell
FN:47,cell
FN:50,rawValue
FN:54,cell
FN:60,cell
FN:66,cell
FN:80,cell
FN:86,cell
FN:92,getAnswerDisplay
FN:114,cell
FN:130,cell
FN:136,cell
FN:144,cell
FN:147,rawValue
FN:161,formatAddressInline
FN:174,formatInstructionsInline
FNDA:216,componentRenderedCol
FNDA:65,cell
FNDA:34,cell
FNDA:2,rawValue
FNDA:206,cell
FNDA:184,cell
FNDA:27,cell
FNDA:18,cell
FNDA:21,cell
FNDA:8,getAnswerDisplay
FNDA:8,cell
FNDA:204,cell
FNDA:202,cell
FNDA:204,cell
FNDA:2,rawValue
FNDA:23,formatAddressInline
FNDA:21,formatInstructionsInline
FNF:17
FNH:17
BRDA:47,4,0,24
BRDA:47,4,1,10
BRDA:50,5,0,1
BRDA:60,7,0,4
BRDA:67,8,0,5
BRDA:67,8,1,22
BRDA:70,8,2,1
BRDA:98,11,0,2
BRDA:101,11,1,9
BRDA:162,18,0,4
BRDA:162,18,1,19
BRDA:168,21,0,24
BRDA:168,21,1,19
BRDA:168,21,2,6
BRDA:169,21,3,1
BRDA:169,21,4,5
BRDA:175,22,0,20
BRDA:175,22,1,5
BRDA:175,22,2,16
BRF:19
BRH:19
DA:9,108
DA:10,108
DA:13,108
DA:18,108
DA:19,108
DA:20,108
DA:21,108
DA:22,108
DA:23,324
DA:24,324
DA:25,324
DA:26,324
DA:27,324
DA:28,324
DA:29,324
DA:30,108
DA:32,108
DA:33,108
DA:34,108
DA:35,108
DA:38,108
DA:39,108
DA:40,108
DA:41,108
DA:42,108
DA:43,108
DA:44,108
DA:46,108
DA:47,108
DA:48,108
DA:49,108
DA:50,108
DA:51,108
DA:53,108
DA:54,108
DA:55,108
DA:56,108
DA:57,108
DA:59,108
DA:60,108
DA:61,108
DA:62,108
DA:63,108
DA:65,108
DA:66,108
DA:67,135
DA:68,135
DA:69,135
DA:70,135
DA:72,135
DA:73,108
DA:74,108
DA:75,108
DA:76,108
DA:77,108
DA:79,108
DA:80,108
DA:81,108
DA:82,108
DA:83,108
DA:85,108
DA:86,108
DA:87,108
DA:88,108
DA:89,108
DA:92,108
DA:93,108
DA:94,108
DA:95,108
DA:96,108
DA:98,116
DA:99,116
DA:100,116
DA:101,116
DA:102,125
DA:103,125
DA:104,125
DA:105,125
DA:106,125
DA:107,116
DA:108,116
DA:109,116
DA:110,116
DA:111,108
DA:113,108
DA:114,108
DA:115,116
DA:116,116
DA:117,116
DA:118,116
DA:119,116
DA:121,116
DA:122,108
DA:123,108
DA:124,108
DA:125,108
DA:126,108
DA:127,108
DA:129,108
DA:130,108
DA:131,108
DA:132,108
DA:133,108
DA:135,108
DA:136,108
DA:137,108
DA:138,108
DA:139,108
DA:140,108
DA:141,108
DA:143,108
DA:144,108
DA:145,108
DA:146,108
DA:147,108
DA:148,108
DA:150,108
DA:151,108
DA:152,108
DA:153,108
DA:161,108
DA:162,131
DA:163,150
DA:164,150
DA:165,150
DA:166,150
DA:167,150
DA:168,175
DA:169,175
DA:170,150
DA:171,108
DA:174,108
DA:175,129
DA:176,165
DA:177,108
DA:184,108
DA:187,108
DA:188,108
DA:189,108
DA:190,108
DA:191,108
DA:192,108
DA:193,108
DA:194,108
DA:195,108
DA:196,108
DA:197,108
DA:198,108
DA:199,108
DA:200,108
DA:201,108
DA:204,108
DA:205,108
DA:206,108
DA:207,108
DA:208,108
DA:209,108
DA:210,108
DA:211,108
DA:212,108
DA:213,108
DA:214,108
DA:215,108
DA:216,108
DA:217,108
DA:218,108
LH:166
LF:166
end_of_record
SF:/home/user/git/tickets/src/lib/columns/event-columns.ts
FN:17,cell
FN:28,cell
FN:35,cell
FN:41,cell
FN:47,cell
FN:50,rawValue
FN:54,cell
FN:57,rawValue
FN:61,cell
FN:67,cell
FN:70,rawValue
FNDA:62,cell
FNDA:59,cell
FNDA:61,cell
FNDA:60,cell
FNDA:60,cell
FNDA:2,rawValue
FNDA:3,cell
FNDA:3,rawValue
FNDA:1,cell
FNDA:3,cell
FNDA:1,rawValue
FNF:11
FNH:11
BRDA:35,3,0,57
BRDA:35,3,1,4
BRDA:54,7,0,2
BRDA:54,7,1,1
BRDA:57,8,0,1
BRDA:67,10,0,1
BRDA:67,10,1,2
BRF:7
BRH:7
DA:11,105
DA:12,105
DA:16,105
DA:17,105
DA:18,105
DA:19,105
DA:20,105
DA:21,105
DA:22,105
DA:23,105
DA:24,105
DA:25,105
DA:27,105
DA:28,105
DA:29,105
DA:30,105
DA:31,105
DA:32,105
DA:34,105
DA:35,105
DA:36,105
DA:37,105
DA:38,105
DA:40,105
DA:41,105
DA:42,105
DA:43,105
DA:44,105
DA:46,105
DA:47,105
DA:48,105
DA:49,105
DA:50,105
DA:51,105
DA:53,105
DA:54,105
DA:55,105
DA:56,105
DA:57,105
DA:58,105
DA:60,105
DA:61,105
DA:62,105
DA:63,105
DA:64,105
DA:66,105
DA:67,105
DA:68,105
DA:69,105
DA:70,105
DA:71,105
DA:78,105
DA:79,105
DA:80,105
DA:81,105
DA:82,105
DA:83,105
DA:84,105
DA:85,105
DA:86,105
DA:87,105
DA:90,105
DA:91,105
DA:92,105
DA:93,105
DA:94,105
DA:95,105
DA:96,105
LH:68
LF:68
end_of_record
SF:/home/user/git/tickets/src/lib/config.ts
FN:13,isPaymentsEnabled
FN:24,getBookingFee
FN:35,loadEffectiveDomain
FN:49,getEffectiveDomain
FN:53,resetEffectiveDomain
FN:58,setEffectiveDomainForTest
FN:66,getEmbedHosts
FN:77,isBunnyCdnEnabled
FN:83,getBunnyApiKey
FN:89,isBunnyDnsEnabled
FN:93,getBunnyDnsZoneId
FN:96,getBunnyDnsSubdomainSuffix
FN:102,getBunnyScriptId
FNDA:340,isPaymentsEnabled
FNDA:94,getBookingFee
FNDA:4791,loadEffectiveDomain
FNDA:11997,getEffectiveDomain
FNDA:3398,resetEffectiveDomain
FNDA:48,setEffectiveDomainForTest
FNDA:802,getEmbedHosts
FNDA:92,isBunnyCdnEnabled
FNDA:47,getBunnyApiKey
FNDA:126,isBunnyDnsEnabled
FNDA:8,getBunnyDnsZoneId
FNDA:46,getBunnyDnsSubdomainSuffix
FNDA:14,getBunnyScriptId
FNF:13
FNH:13
BRDA:15,1,0,36
BRDA:15,1,1,334
BRDA:15,1,2,304
BRDA:16,1,3,2
BRDA:16,1,4,302
BRDA:25,2,0,90
BRDA:37,3,0,16
BRDA:37,3,1,4775
BRDA:38,3,2,16
BRDA:38,3,3,6
BRDA:40,3,4,4785
BRDA:40,3,5,4
BRDA:42,3,6,4781
BRDA:50,4,0,606
BRDA:68,7,0,796
BRDA:68,7,1,6
BRDA:78,8,0,30
BRDA:90,10,0,23
BRDA:97,12,0,31
BRF:19
BRH:19
DA:7,185
DA:8,185
DA:13,185
DA:14,525
DA:15,525
DA:16,859
DA:17,1161
DA:18,185
DA:24,185
DA:25,185
DA:32,555
DA:35,185
DA:36,4976
DA:37,4976
DA:38,4976
DA:39,4982
DA:40,4976
DA:41,9765
DA:42,9761
DA:43,14542
DA:44,14542
DA:45,4976
DA:46,185
DA:49,185
DA:50,185
DA:53,185
DA:54,3583
DA:55,185
DA:58,185
DA:59,233
DA:60,185
DA:66,185
DA:67,987
DA:68,987
DA:69,993
DA:70,993
DA:71,185
DA:77,185
DA:78,185
DA:83,185
DA:89,185
DA:90,185
DA:93,185
DA:96,185
DA:97,185
DA:102,185
LH:46
LF:46
end_of_record
SF:/home/user/git/tickets/src/lib/cookies.ts
FN:4,isSecureMode
FN:6,secureAttribute
FN:8,sessionCookieName
FN:11,getSessionCookieName
FN:13,buildSessionCookie
FN:21,clearSessionCookie
FN:28,flashCookieName
FN:31,buildFlashCookie
FN:48,clearFlashCookie
FN:54,parseFlashValue
FNDA:6494,isSecureMode
FNDA:2694,secureAttribute
FNDA:3798,sessionCookieName
FNDA:3614,getSessionCookieName
FNDA:170,buildSessionCookie
FNDA:14,clearSessionCookie
FNDA:2510,flashCookieName
FNDA:2445,buildFlashCookie
FNDA:65,clearFlashCookie
FNDA:580,parseFlashValue
FNF:10
FNH:10
BRDA:6,2,0,4
BRDA:6,2,1,2690
BRDA:9,3,0,8
BRDA:9,3,1,3790
BRDA:17,5,0,1
BRDA:17,5,1,169
BRDA:37,8,0,2143
BRDA:37,8,1,302
BRDA:39,8,2,4
BRDA:39,8,3,2441
BRDA:60,10,0,280
BRDA:60,10,1,299
BRDA:62,10,2,299
BRDA:62,10,3,280
BRF:14
BRH:14
DA:1,177
DA:2,177
DA:4,177
DA:6,177
DA:8,177
DA:9,177
DA:11,177
DA:13,177
DA:14,177
DA:15,177
DA:17,347
DA:18,347
DA:19,177
DA:21,177
DA:22,177
DA:25,177
DA:28,177
DA:31,177
DA:32,177
DA:33,177
DA:34,177
DA:35,177
DA:37,2622
DA:38,2622
DA:39,25870
DA:41,2622
DA:42,2622
DA:43,2622
DA:44,2622
DA:45,177
DA:48,177
DA:49,177
DA:50,177
DA:51,177
DA:54,177
DA:55,177
DA:57,757
DA:58,757
DA:59,757
DA:60,757
DA:61,757
DA:62,757
DA:63,757
DA:64,177
LH:44
LF:44
end_of_record
SF:/home/user/git/tickets/src/lib/countries.ts
FN:158,getCountry
FN:162,isValidCountry
FNDA:3290,getCountry
FNDA:17,isValidCountry
FNF:2
FNH:2
BRDA:159,1,0,7
BRF:1
BRH:1
DA:14,187
DA:15,187
DA:16,187
DA:17,187
DA:18,187
DA:19,187
DA:20,187
DA:21,187
DA:22,187
DA:23,187
DA:24,187
DA:25,187
DA:26,187
DA:27,187
DA:28,187
DA:29,187
DA:30,187
DA:31,187
DA:32,187
DA:33,187
DA:34,187
DA:35,187
DA:36,187
DA:37,187
DA:38,187
DA:39,187
DA:40,187
DA:41,187
DA:42,187
DA:43,187
DA:44,187
DA:45,187
DA:46,187
DA:47,187
DA:48,187
DA:49,187
DA:50,187
DA:51,187
DA:52,187
DA:53,187
DA:54,187
DA:55,187
DA:56,187
DA:57,187
DA:58,187
DA:59,187
DA:60,187
DA:61,187
DA:62,187
DA:63,187
DA:64,187
DA:65,187
DA:66,187
DA:67,187
DA:68,187
DA:69,187
DA:70,187
DA:71,187
DA:72,187
DA:73,187
DA:74,187
DA:75,187
DA:76,187
DA:77,187
DA:78,187
DA:79,187
DA:80,187
DA:81,187
DA:82,187
DA:83,187
DA:84,187
DA:85,187
DA:86,187
DA:87,187
DA:88,187
DA:89,187
DA:90,187
DA:91,187
DA:92,187
DA:93,187
DA:94,187
DA:95,187
DA:96,187
DA:97,187
DA:98,187
DA:99,187
DA:100,187
DA:101,187
DA:102,187
DA:103,187
DA:104,187
DA:105,187
DA:106,187
DA:107,187
DA:108,187
DA:109,187
DA:110,187
DA:111,187
DA:112,187
DA:113,187
DA:114,187
DA:115,187
DA:116,187
DA:117,187
DA:118,187
DA:119,187
DA:120,187
DA:121,187
DA:122,187
DA:123,187
DA:124,187
DA:125,187
DA:126,187
DA:127,187
DA:128,187
DA:129,187
DA:130,187
DA:131,187
DA:132,187
DA:133,187
DA:134,187
DA:135,187
DA:136,187
DA:137,187
DA:138,187
DA:139,187
DA:140,187
DA:141,187
DA:142,187
DA:143,187
DA:144,187
DA:145,187
DA:146,187
DA:147,187
DA:148,187
DA:149,187
DA:150,187
DA:151,187
DA:152,187
DA:153,187
DA:155,187
DA:158,187
DA:159,187
DA:162,187
LH:144
LF:144
end_of_record
SF:/home/user/git/tickets/src/lib/crypto/encryption.ts
FN:15,decodeKeyBytes
FN:42,onEncryptionKeyChange
FN:51,setEncryptionKeyForTest
FN:62,getEncryptionKeyString
FN:80,importKey
FN:102,importEncryptionKey
FN:114,validateEncryptionKey
FN:119,aesGcmEncryptRaw
FN:133,aesGcmDecryptRaw
FN:145,formatPrefixed
FN:153,symmetricEncrypt
FN:169,encrypt
FN:178,parseEncryptedPayload
FN:200,symmetricDecrypt
FN:217,decrypt
FN:237,encryptBytes
FN:249,isBinaryFormat
FN:260,decryptBytes
FN:280,encryptWithKey
FN:288,decryptWithKey
FN:300,importHmacKey
FNDA:10932,decodeKeyBytes
FNDA:187,onEncryptionKeyChange
FNDA:3505,setEncryptionKeyForTest
FNDA:6064,getEncryptionKeyString
FNDA:4869,importKey
FNDA:33193,importEncryptionKey
FNDA:3,validateEncryptionKey
FNDA:12826,aesGcmEncryptRaw
FNDA:23088,aesGcmDecryptRaw
FNDA:12803,formatPrefixed
FNDA:11582,symmetricEncrypt
FNDA:11432,encrypt
FNDA:22746,parseEncryptedPayload
FNDA:22036,symmetricDecrypt
FNDA:21729,decrypt
FNDA:23,encryptBytes
FNDA:11,isBinaryFormat
FNDA:11,decryptBytes
FNDA:150,encryptWithKey
FNDA:307,decryptWithKey
FNDA:15536,importHmacKey
FNF:21
FNH:21
BRDA:18,1,0,1
BRDA:22,1,1,10931
BRDA:63,5,0,1
BRDA:65,5,1,1
BRDA:69,5,2,6063
BRDA:104,8,0,33175
BRDA:104,8,1,30595
BRDA:104,8,2,2598
BRDA:183,15,0,10
BRDA:185,15,1,22736
BRDA:188,15,2,4
BRDA:190,15,3,22732
BRDA:209,16,0,22029
BRDA:250,19,0,10
BRDA:251,19,1,10
BRDA:252,19,2,10
BRDA:253,19,3,10
BRDA:263,20,0,1
BRDA:265,20,1,10
BRDA:267,20,2,1
BRDA:269,20,3,9
BRDA:302,24,0,13265
BRDA:302,24,1,2271
BRF:23
BRH:23
DA:5,191
DA:6,191
DA:7,191
DA:13,191
DA:15,191
DA:16,11123
DA:18,11123
DA:19,11124
DA:20,11124
DA:22,11124
DA:24,22054
DA:25,191
DA:33,191
DA:35,191
DA:41,191
DA:42,191
DA:43,378
DA:44,191
DA:51,191
DA:52,3696
DA:53,3696
DA:54,3696
DA:55,3696
DA:56,191
DA:62,191
DA:63,6255
DA:65,6255
DA:66,6256
DA:67,6256
DA:69,6256
DA:72,12318
DA:74,12318
DA:75,191
DA:80,191
DA:81,191
DA:82,191
DA:84,5060
DA:85,5060
DA:86,5060
DA:87,5060
DA:88,5060
DA:89,5060
DA:90,5060
DA:92,191
DA:98,191
DA:99,191
DA:102,191
DA:103,33384
DA:104,33384
DA:105,414942
DA:106,69157
DA:107,69157
DA:108,191
DA:114,191
DA:115,194
DA:116,191
DA:119,191
DA:120,191
DA:121,191
DA:123,13017
DA:124,13017
DA:125,52068
DA:126,13017
DA:127,13017
DA:129,52068
DA:130,191
DA:133,191
DA:134,191
DA:135,191
DA:136,191
DA:138,191
DA:139,46940
DA:140,191
DA:141,191
DA:145,191
DA:146,191
DA:147,191
DA:148,191
DA:153,191
DA:154,191
DA:155,191
DA:157,11773
DA:158,11773
DA:159,11773
DA:161,11773
DA:162,191
DA:169,191
DA:170,11623
DA:171,11623
DA:172,191
DA:178,191
DA:179,191
DA:180,191
DA:181,191
DA:183,22937
DA:184,22947
DA:185,22947
DA:186,45673
DA:187,45673
DA:188,22937
DA:189,22941
DA:190,22941
DA:191,45669
DA:192,45669
DA:193,45669
DA:194,45669
DA:195,191
DA:200,191
DA:201,191
DA:202,191
DA:204,22227
DA:205,22227
DA:206,22227
DA:207,22227
DA:209,22227
DA:210,44256
DA:211,191
DA:217,191
DA:218,21920
DA:219,21920
DA:220,191
DA:228,1146
DA:229,191
DA:230,191
DA:237,191
DA:238,214
DA:239,214
DA:240,214
DA:241,214
DA:242,214
DA:243,214
DA:244,214
DA:245,214
DA:246,191
DA:249,191
DA:250,191
DA:251,191
DA:252,191
DA:253,191
DA:254,191
DA:260,191
DA:261,191
DA:263,202
DA:264,203
DA:265,203
DA:266,212
DA:267,202
DA:268,203
DA:269,203
DA:270,211
DA:271,211
DA:272,211
DA:273,211
DA:274,211
DA:275,191
DA:280,191
DA:281,191
DA:282,191
DA:283,191
DA:288,191
DA:289,191
DA:290,191
DA:291,191
DA:296,191
DA:297,191
DA:300,191
DA:301,15727
DA:302,15727
DA:303,107988
DA:304,17998
DA:305,17998
DA:306,191
LH:172
LF:172
end_of_record
SF:/home/user/git/tickets/src/lib/crypto/hashing.ts
FN:20,setFastPbkdf2ForTest
FN:23,getPbkdf2Iterations
FN:32,constantTimeEqualBytes
FN:43,derivePbkdf2Hash
FN:68,hashPassword
FN:79,verifyPassword
FN:121,hashSessionToken
FN:133,hmacHash
FN:150,computeTicketTokenIndex
FNDA:3502,setFastPbkdf2ForTest
FNDA:539,getPbkdf2Iterations
FNDA:237,constantTimeEqualBytes
FNDA:402,derivePbkdf2Hash
FNDA:165,hashPassword
FNDA:241,verifyPassword
FNDA:3530,hashSessionToken
FNDA:15536,hmacHash
FNDA:927,computeTicketTokenIndex
FNF:9
FNH:9
BRDA:24,3,0,534
BRDA:24,3,1,5
BRDA:34,4,0,7584
BRDA:83,7,0,1
BRDA:85,7,1,240
BRDA:88,7,2,1
BRDA:90,7,3,239
BRDA:95,7,4,238
BRDA:95,7,5,238
BRDA:95,7,6,1
BRDA:95,7,7,238
BRDA:101,7,8,1
BRDA:103,7,9,237
BRF:13
BRH:13
DA:5,190
DA:6,190
DA:7,190
DA:13,190
DA:14,190
DA:17,190
DA:20,190
DA:21,190
DA:23,190
DA:24,190
DA:25,190
DA:26,190
DA:32,190
DA:33,427
DA:34,427
DA:35,8011
DA:36,8011
DA:37,427
DA:38,190
DA:43,190
DA:44,190
DA:45,190
DA:46,190
DA:48,592
DA:49,592
DA:50,592
DA:51,592
DA:52,592
DA:53,592
DA:54,1776
DA:56,592
DA:57,3552
DA:58,592
DA:59,592
DA:61,592
DA:62,190
DA:68,190
DA:69,355
DA:70,355
DA:71,355
DA:72,355
DA:73,190
DA:79,190
DA:80,190
DA:81,190
DA:83,431
DA:84,432
DA:85,432
DA:87,671
DA:88,431
DA:89,432
DA:90,432
DA:92,670
DA:93,670
DA:94,670
DA:95,431
DA:97,669
DA:98,669
DA:99,669
DA:101,431
DA:102,432
DA:103,432
DA:105,668
DA:106,668
DA:107,190
DA:121,190
DA:122,3720
DA:123,3720
DA:124,3720
DA:125,3720
DA:126,190
DA:133,190
DA:134,15726
DA:136,15726
DA:137,15726
DA:138,15726
DA:139,15726
DA:140,15726
DA:143,15726
DA:144,190
DA:150,190
DA:151,190
LH:82
LF:82
end_of_record
SF:/home/user/git/tickets/src/lib/crypto/keys.ts
FN:31,deriveKEK
FN:72,generateDataKey
FN:83,exportAndWrapKey
FN:95,unwrapAndImportKey
FN:118,wrapKey
FN:127,unwrapKey
FN:137,deriveTokenKey
FN:167,wrapKeyWithToken
FN:178,unwrapKeyWithToken
FN:199,setRsaKeySizeForTest
FN:206,generateKeyPair
FN:234,importRsaKey
FN:251,importPublicKey
FN:257,importPrivateKey
FN:269,hybridEncrypt
FN:307,hybridDecrypt
FN:358,encryptAttendeePII
FN:379,getPrivateKeyFromSession
FN:404,decryptAttendeePII
FNDA:374,deriveKEK
FNDA:906,generateDataKey
FNDA:472,exportAndWrapKey
FNDA:710,unwrapAndImportKey
FNDA:157,wrapKey
FNDA:217,unwrapKey
FNDA:808,deriveTokenKey
FNDA:315,wrapKeyWithToken
FNDA:493,unwrapKeyWithToken
FNDA:3504,setRsaKeySizeForTest
FNDA:149,generateKeyPair
FNDA:1047,importRsaKey
FNDA:744,importPublicKey
FNDA:303,importPrivateKey
FNDA:749,hybridEncrypt
FNDA:428,hybridDecrypt
FNDA:743,encryptAttendeePII
FNDA:396,getPrivateKeyFromSession
FNDA:423,decryptAttendeePII
FNF:19
FNH:19
BRDA:104,4,0,696
BRDA:213,12,0,1
BRDA:312,18,0,426
BRDA:312,18,1,78
BRDA:312,18,2,350
BRDA:314,18,3,1
BRDA:316,18,4,349
BRDA:320,18,5,1
BRDA:324,18,6,350
BRDA:324,18,7,348
BRDA:332,18,8,347
BRDA:385,21,0,111
BRDA:385,21,1,285
BRDA:388,21,2,284
BRF:14
BRH:14
DA:5,187
DA:6,187
DA:7,187
DA:8,187
DA:9,187
DA:10,187
DA:11,187
DA:12,187
DA:13,187
DA:14,187
DA:15,187
DA:16,187
DA:17,187
DA:31,187
DA:32,561
DA:33,561
DA:36,561
DA:38,561
DA:39,561
DA:40,561
DA:41,561
DA:42,561
DA:43,2244
DA:46,561
DA:47,561
DA:48,561
DA:49,561
DA:50,561
DA:51,561
DA:52,561
DA:53,561
DA:54,2244
DA:55,561
DA:56,2244
DA:58,187
DA:67,187
DA:72,187
DA:73,4372
DA:74,1093
DA:75,1093
DA:76,1093
DA:77,187
DA:83,187
DA:84,187
DA:85,187
DA:87,659
DA:88,659
DA:89,659
DA:90,187
DA:95,187
DA:96,187
DA:97,187
DA:99,897
DA:100,897
DA:101,897
DA:102,897
DA:104,897
DA:105,1593
DA:106,1593
DA:107,1593
DA:108,6372
DA:109,1593
DA:110,6372
DA:112,187
DA:118,187
DA:119,187
DA:120,187
DA:121,187
DA:127,187
DA:128,187
DA:129,187
DA:130,187
DA:137,187
DA:138,187
DA:139,187
DA:141,995
DA:142,995
DA:143,995
DA:144,995
DA:145,2985
DA:146,995
DA:147,2985
DA:149,995
DA:150,995
DA:151,995
DA:152,995
DA:153,995
DA:154,995
DA:155,995
DA:156,995
DA:157,995
DA:158,3980
DA:159,995
DA:160,2985
DA:162,187
DA:167,187
DA:168,187
DA:169,187
DA:171,502
DA:172,502
DA:173,187
DA:178,187
DA:179,187
DA:180,187
DA:182,680
DA:183,680
DA:184,187
DA:196,187
DA:199,187
DA:200,187
DA:206,187
DA:210,336
DA:211,336
DA:212,336
DA:213,336
DA:214,336
DA:215,1680
DA:216,336
DA:217,336
DA:218,1344
DA:221,336
DA:222,336
DA:223,336
DA:224,336
DA:227,336
DA:228,336
DA:229,336
DA:230,336
DA:231,187
DA:234,187
DA:235,187
DA:236,187
DA:238,1234
DA:239,1234
DA:240,1234
DA:241,1234
DA:242,4936
DA:243,1234
DA:244,3702
DA:246,187
DA:251,187
DA:252,187
DA:257,187
DA:258,187
DA:260,187
DA:269,187
DA:270,187
DA:271,187
DA:274,936
DA:275,936
DA:276,936
DA:277,936
DA:281,936
DA:282,936
DA:283,2808
DA:286,936
DA:287,187
DA:294,187
DA:295,187
DA:297,187
DA:298,771
DA:299,771
DA:300,187
DA:307,187
DA:308,187
DA:309,187
DA:311,615
DA:312,615
DA:314,615
DA:315,616
DA:316,616
DA:318,964
DA:319,964
DA:320,615
DA:321,616
DA:322,616
DA:324,616
DA:326,1313
DA:329,1313
DA:330,3939
DA:331,1313
DA:332,1313
DA:336,1312
DA:337,1312
DA:338,1312
DA:339,5248
DA:340,1312
DA:341,3936
DA:343,1312
DA:344,1312
DA:345,1312
DA:346,1312
DA:349,1312
DA:350,1312
DA:351,1312
DA:352,187
DA:358,187
DA:359,187
DA:360,187
DA:362,930
DA:363,930
DA:364,187
DA:370,187
DA:372,1916
DA:379,187
DA:380,187
DA:381,187
DA:382,187
DA:384,583
DA:385,583
DA:388,868
DA:391,1152
DA:394,1152
DA:396,1152
DA:397,1152
DA:398,187
DA:404,187
DA:405,187
DA:406,187
DA:408,610
DA:409,187
DA:416,187
DA:417,3692
DA:418,3692
DA:419,187
LH:225
LF:225
end_of_record
SF:/home/user/git/tickets/src/lib/crypto/utils.ts
FN:10,constantTimeEqual
FN:26,getRandomBytes
FN:35,toBase64
FN:47,base64ToBase64Url
FN:53,toBase64Url
FN:59,fromBase64
FN:72,generateSecureToken
FN:81,toUpperHex
FN:92,generateTicketToken
FNDA:2900,constantTimeEqual
FNDA:20475,getRandomBytes
FNDA:52471,toBase64
FNDA:15731,base64ToBase64Url
FNDA:6662,toBase64Url
FNDA:57940,fromBase64
FNDA:6662,generateSecureToken
FNDA:822,toUpperHex
FNDA:822,generateTicketToken
FNF:9
FNH:9
BRDA:17,1,0,124200
BRDA:18,1,1,4
BRDA:18,1,2,152
BRDA:37,3,0,1945876
BRDA:62,6,0,1629454
BRDA:64,6,1,57939
BRDA:83,8,0,4110
BRF:7
BRH:7
DA:10,192
DA:11,3092
DA:12,3092
DA:13,3092
DA:15,3092
DA:16,3092
DA:17,3092
DA:18,127292
DA:19,127292
DA:20,3092
DA:21,192
DA:26,192
DA:27,20667
DA:28,20667
DA:29,20667
DA:30,192
DA:35,192
DA:36,52663
DA:37,52663
DA:38,1998539
DA:39,1998539
DA:40,52663
DA:41,192
DA:47,192
DA:48,192
DA:53,192
DA:54,192
DA:59,192
DA:60,58132
DA:61,58132
DA:62,58132
DA:63,1687586
DA:64,1687586
DA:65,116071
DA:66,192
DA:72,192
DA:73,6854
DA:75,6854
DA:76,192
DA:81,192
DA:82,1014
DA:83,1014
DA:84,5124
DA:85,5124
DA:86,1014
DA:87,192
DA:92,192
LH:47
LF:47
end_of_record
SF:/home/user/git/tickets/src/lib/csrf.ts
FN:29,buildMessage
FN:33,signCsrfToken
FN:43,getCurrentCsrfToken
FN:46,isSignedCsrfToken
FN:50,verifySignedCsrfToken
FNDA:8926,buildMessage
FNDA:6083,signCsrfToken
FNDA:2958,getCurrentCsrfToken
FNDA:3,isSignedCsrfToken
FNDA:2892,verifySignedCsrfToken
FNF:5
FNH:5
BRDA:54,5,0,43
BRDA:54,5,1,2849
BRDA:58,5,2,2
BRDA:58,5,3,2851
BRDA:58,5,4,2847
BRDA:63,5,5,2846
BRDA:63,5,6,2846
BRDA:63,5,7,1
BRDA:63,5,8,2846
BRDA:66,5,9,1
BRDA:66,5,10,2845
BRDA:70,5,11,1
BRDA:70,5,12,2844
BRDA:72,5,13,1
BRDA:72,5,14,2843
BRF:15
BRH:15
DA:10,188
DA:11,188
DA:12,188
DA:13,188
DA:14,188
DA:15,188
DA:16,188
DA:18,188
DA:19,188
DA:22,564
DA:25,188
DA:26,188
DA:29,188
DA:30,188
DA:33,188
DA:34,6271
DA:35,6271
DA:36,6271
DA:37,6271
DA:38,6271
DA:39,6271
DA:40,188
DA:43,188
DA:46,188
DA:47,188
DA:50,188
DA:51,188
DA:52,188
DA:54,3080
DA:56,5929
DA:57,5929
DA:58,3080
DA:60,8778
DA:61,8778
DA:62,8778
DA:63,3080
DA:65,5926
DA:66,3080
DA:69,5925
DA:70,3080
DA:72,3080
DA:75,5923
DA:76,5923
DA:77,5923
DA:78,188
LH:45
LF:45
end_of_record
SF:/home/user/git/tickets/src/lib/currency.ts
FN:11,getDecimalPlaces
FN:21,formatCurrency
FN:36,toMinorUnits
FN:45,toMajorUnits
FN:60,validatePrice
FNDA:3914,getDecimalPlaces
FNDA:387,formatCurrency
FNDA:1695,toMinorUnits
FNDA:1821,toMajorUnits
FNDA:35,validatePrice
FNF:5
FNH:5
BRDA:15,1,0,1
BRDA:65,5,0,4
BRDA:66,5,1,2
BRDA:67,5,2,2
BRDA:69,5,3,31
BRDA:71,5,4,29
BRDA:71,5,5,3
BRDA:73,5,6,28
BRDA:75,5,7,4
BRDA:80,5,8,24
BRDA:81,5,9,5
BRDA:83,5,10,19
BRF:12
BRH:12
DA:8,187
DA:11,187
DA:12,187
DA:13,4101
DA:14,4101
DA:15,187
DA:21,187
DA:22,574
DA:23,574
DA:24,574
DA:25,574
DA:26,574
DA:27,574
DA:28,574
DA:29,574
DA:30,187
DA:36,187
DA:37,1882
DA:38,1882
DA:39,187
DA:45,187
DA:46,2008
DA:47,2008
DA:48,187
DA:60,187
DA:61,187
DA:62,187
DA:63,187
DA:65,222
DA:66,226
DA:67,908
DA:68,908
DA:69,226
DA:70,253
DA:71,222
DA:72,900
DA:73,225
DA:74,250
DA:75,222
DA:76,226
DA:77,226
DA:78,226
DA:79,226
DA:80,226
DA:81,222
DA:82,908
DA:83,227
DA:84,964
DA:85,187
LH:49
LF:49
end_of_record
SF:/home/user/git/tickets/src/lib/dates.ts
FN:44,startOfHour
FN:54,addDays
FN:61,getDayName
FN:65,isHoliday
FN:69,dateRange
FN:80,bookableRange
FN:92,isBookable
FN:104,getAvailableDates
FN:119,getNextBookableDate
FN:138,normalizeDatetime
FN:150,formatDateLabel
FN:161,formatDatetimeLabel
FN:168,formatDatetimeShort
FN:176,daysAgo
FN:191,eventDateToCalendarDate
FN:198,pad
FNDA:45,startOfHour
FNDA:5782,addDays
FNDA:5372,getDayName
FNDA:5302,isHoliday
FNDA:165,dateRange
FNDA:191,bookableRange
FNDA:5372,isBookable
FNDA:165,getAvailableDates
FNDA:26,getNextBookableDate
FNDA:61,normalizeDatetime
FNDA:2294,formatDateLabel
FNDA:34,formatDatetimeLabel
FNDA:465,formatDatetimeShort
FNDA:23,daysAgo
FNDA:42,eventDateToCalendarDate
FNDA:74,pad
FNF:16
FNH:16
BRDA:66,5,0,39
BRDA:72,6,0,5332
BRDA:86,7,0,9
BRDA:86,7,1,182
BRDA:97,8,0,5302
BRDA:124,11,0,6
BRDA:124,11,1,20
BRDA:127,11,2,40
BRDA:128,11,3,19
BRDA:128,11,4,21
BRDA:130,11,5,1
BRDA:141,12,0,2
BRDA:177,16,0,1
BRDA:177,16,1,22
BRDA:180,16,2,20
BRDA:180,16,3,17
BRDA:180,16,4,5
BRDA:193,17,0,3
BRDA:193,17,1,39
BRDA:196,17,2,1
BRDA:196,17,3,38
BRDA:200,17,4,1
BRF:22
BRH:22
DA:5,187
DA:6,187
DA:7,187
DA:8,187
DA:9,187
DA:10,187
DA:11,187
DA:12,187
DA:13,187
DA:17,187
DA:18,187
DA:19,187
DA:20,187
DA:21,187
DA:22,187
DA:23,187
DA:24,187
DA:25,187
DA:28,187
DA:29,187
DA:30,187
DA:31,187
DA:32,187
DA:33,187
DA:34,187
DA:35,187
DA:36,187
DA:37,187
DA:38,187
DA:39,187
DA:40,187
DA:41,187
DA:44,187
DA:45,232
DA:46,232
DA:47,232
DA:48,187
DA:51,187
DA:54,187
DA:55,5969
DA:56,5969
DA:57,5969
DA:58,187
DA:61,187
DA:62,187
DA:65,187
DA:66,187
DA:69,187
DA:70,352
DA:71,352
DA:72,352
DA:73,5684
DA:74,5684
DA:75,5684
DA:76,352
DA:77,187
DA:80,187
DA:81,187
DA:83,378
DA:84,378
DA:85,378
DA:86,378
DA:87,378
DA:88,1890
DA:89,187
DA:92,187
DA:93,187
DA:94,187
DA:95,187
DA:97,187
DA:104,187
DA:105,187
DA:106,187
DA:108,352
DA:109,352
DA:110,352
DA:112,187
DA:119,187
DA:120,187
DA:121,187
DA:123,213
DA:124,213
DA:126,233
DA:127,213
DA:128,253
DA:129,274
DA:130,274
DA:131,214
DA:132,187
DA:138,187
DA:139,248
DA:140,248
DA:141,248
DA:142,250
DA:143,250
DA:144,187
DA:150,187
DA:151,2481
DA:152,2481
DA:153,2481
DA:154,2481
DA:155,187
DA:161,187
DA:162,187
DA:168,187
DA:169,187
DA:176,187
DA:177,210
DA:178,232
DA:179,232
DA:180,210
DA:181,235
DA:182,235
DA:183,235
DA:184,187
DA:191,187
DA:192,229
DA:193,229
DA:194,268
DA:195,268
DA:196,229
DA:197,267
DA:198,267
DA:199,267
DA:200,229
DA:201,230
DA:202,230
DA:203,187
LH:128
LF:128
end_of_record
SF:/home/user/git/tickets/src/lib/db/activityLog.ts
FN:50,toEventId
FN:56,logActivity
FN:66,queryActivityLog
FN:82,getEventActivityLog
FN:90,getAllActivityLog
FN:103,getEventWithActivityLog
FNDA:2859,toEventId
FNDA:2859,logActivity
FNDA:63,queryActivityLog
FNDA:8,getEventActivityLog
FNDA:55,getAllActivityLog
FNDA:5,getEventWithActivityLog
FNF:6
FNH:6
BRDA:51,2,0,908
BRDA:51,2,1,1951
BRDA:51,2,2,199
BRDA:51,2,3,1752
BRDA:70,4,0,8
BRDA:70,4,1,55
BRDA:71,4,2,8
BRDA:71,4,3,55
BRDA:124,8,0,3
BRDA:124,8,1,2
BRF:10
BRH:10
DA:8,185
DA:9,185
DA:10,185
DA:11,185
DA:12,185
DA:33,185
DA:34,185
DA:35,185
DA:36,185
DA:37,185
DA:38,185
DA:39,185
DA:40,185
DA:41,185
DA:42,185
DA:43,185
DA:50,185
DA:51,185
DA:56,185
DA:57,185
DA:58,185
DA:60,185
DA:61,3044
DA:62,3044
DA:63,185
DA:66,185
DA:67,185
DA:68,185
DA:70,248
DA:71,1559
DA:72,248
DA:73,248
DA:74,248
DA:76,248
DA:77,185
DA:82,185
DA:83,185
DA:84,185
DA:85,185
DA:90,185
DA:91,185
DA:103,185
DA:104,185
DA:105,185
DA:107,190
DA:108,190
DA:109,570
DA:110,190
DA:114,190
DA:115,190
DA:116,190
DA:117,760
DA:118,190
DA:119,190
DA:120,190
DA:122,190
DA:123,190
DA:124,190
DA:127,193
DA:128,193
DA:129,193
DA:130,193
DA:131,193
DA:133,193
DA:134,193
DA:135,193
DA:138,772
DA:139,185
LH:68
LF:68
end_of_record
SF:/home/user/git/tickets/src/lib/db/api-keys.ts
FN:30,createApiKey
FN:59,getApiKeyByToken
FN:72,getApiKeysForUser
FN:95,getApiKeyForUser
FN:110,countApiKeysForUser
FN:121,deleteApiKey
FN:135,deleteAllApiKeysForUser
FN:142,touchApiKeyLastUsed
FNDA:109,createApiKey
FNDA:100,getApiKeyByToken
FNDA:11,getApiKeysForUser
FNDA:7,getApiKeyForUser
FNDA:7,countApiKeysForUser
FNDA:3,deleteApiKey
FNDA:1,deleteAllApiKeysForUser
FNDA:94,touchApiKeyLastUsed
FNF:8
FNH:8
BRDA:103,5,0,3
BRDA:103,5,1,4
BRF:2
BRH:2
DA:12,177
DA:13,177
DA:14,177
DA:15,177
DA:16,177
DA:17,177
DA:18,177
DA:19,177
DA:20,177
DA:21,177
DA:22,177
DA:30,177
DA:31,177
DA:32,177
DA:33,177
DA:34,177
DA:36,286
DA:37,286
DA:38,286
DA:39,286
DA:41,286
DA:42,286
DA:43,286
DA:44,286
DA:45,286
DA:46,286
DA:47,286
DA:48,286
DA:49,286
DA:52,1144
DA:53,177
DA:59,177
DA:60,177
DA:62,277
DA:63,277
DA:64,277
DA:65,831
DA:67,177
DA:72,177
DA:73,177
DA:77,188
DA:78,188
DA:79,564
DA:82,188
DA:83,188
DA:84,193
DA:85,193
DA:86,193
DA:87,193
DA:88,188
DA:90,177
DA:95,177
DA:96,177
DA:97,177
DA:99,184
DA:100,184
DA:101,736
DA:103,184
DA:104,752
DA:105,177
DA:110,177
DA:111,184
DA:112,184
DA:113,552
DA:115,184
DA:116,177
DA:121,177
DA:122,177
DA:123,177
DA:125,180
DA:126,720
DA:127,180
DA:128,180
DA:129,180
DA:130,177
DA:135,177
DA:136,177
DA:142,177
DA:143,271
DA:144,1084
DA:145,271
DA:146,271
DA:147,177
DA:149,177
DA:150,177
DA:151,177
DA:152,177
DA:153,177
DA:154,177
DA:155,177
DA:156,177
DA:157,177
DA:158,177
LH:93
LF:93
end_of_record
SF:/home/user/git/tickets/src/lib/db/attendees.ts
FN:91,hasAvailableSpots
FN:96,createAttendeeAtomic
FN:101,checkBatchAvailability
FNDA:23,hasAvailableSpots
FNDA:721,createAttendeeAtomic
FNDA:41,checkBatchAvailability
FNF:3
FNH:3
BRF:0
BRH:0
DA:19,185
DA:20,185
DA:21,185
DA:22,185
DA:23,185
DA:37,185
DA:38,185
DA:39,185
DA:40,185
DA:41,185
DA:42,185
DA:43,185
DA:44,185
DA:45,185
DA:46,185
DA:47,185
DA:48,185
DA:49,185
DA:50,185
DA:51,185
DA:52,185
DA:53,185
DA:54,185
DA:55,185
DA:56,185
DA:57,185
DA:58,185
DA:59,185
DA:60,185
DA:61,185
DA:62,185
DA:63,185
DA:64,185
DA:65,185
DA:66,185
DA:67,185
DA:68,185
DA:69,185
DA:70,185
DA:71,185
DA:72,185
DA:74,185
DA:75,185
DA:76,185
DA:77,185
DA:78,185
DA:79,185
DA:80,185
DA:81,185
DA:84,185
DA:85,185
DA:86,185
DA:87,185
DA:88,185
DA:91,185
DA:92,185
DA:93,185
DA:96,185
DA:97,185
DA:98,185
DA:101,185
DA:102,185
DA:103,185
DA:104,185
LH:64
LF:64
end_of_record
SF:/home/user/git/tickets/src/lib/db/attendees/capacity.ts
FN:22,dateToStartEnd
FN:31,getDateAttendeeCount
FN:44,getGroupMaxAttendees
FN:58,getGroupAttendeeCount
FN:79,buildCapacityCheckedInsert
FN:100,checkCapacityResult
FN:113,checkBatchAvailabilityImpl
FN:164,hasAvailableSpotsImpl
FNDA:751,dateToStartEnd
FNDA:9,getDateAttendeeCount
FNDA:17,getGroupMaxAttendees
FNDA:15,getGroupAttendeeCount
FNDA:742,buildCapacityCheckedInsert
FNDA:17,checkCapacityResult
FNDA:40,checkBatchAvailabilityImpl
FNDA:23,hasAvailableSpotsImpl
FNF:8
FNH:8
BRDA:25,1,0,666
BRDA:25,1,1,85
BRDA:51,3,0,16
BRDA:51,3,1,1
BRDA:62,4,0,5
BRDA:62,4,1,10
BRDA:69,4,2,5
BRDA:69,4,3,10
BRDA:69,4,4,5
BRDA:69,4,5,10
BRDA:88,5,0,8
BRDA:103,6,0,3
BRDA:103,6,1,14
BRDA:117,7,0,1
BRDA:117,7,1,39
BRDA:119,7,2,5
BRDA:119,7,3,34
BRDA:134,7,4,5
BRDA:134,7,5,34
BRDA:134,7,6,5
BRDA:134,7,7,34
BRDA:134,7,8,39
BRDA:142,7,9,2
BRDA:142,7,10,37
BRDA:146,7,11,55
BRDA:147,7,12,16
BRDA:149,7,13,11
BRDA:151,7,14,1
BRDA:151,7,15,10
BRDA:152,7,16,8
BRDA:152,7,17,10
BRDA:158,7,18,4
BRDA:159,7,19,33
BRDA:140,10,0,56
BRDA:140,10,1,1
BRDA:156,11,0,14
BRDA:156,11,1,3
BRDA:170,12,0,1
BRDA:170,12,1,22
BRDA:171,12,2,5
BRDA:173,12,3,1
BRDA:174,12,4,17
BRDA:175,12,5,5
BRDA:176,12,6,22
BRDA:176,12,7,16
BRDA:178,12,8,6
BRDA:180,12,9,5
BRDA:183,12,10,2
BRDA:185,12,11,2
BRDA:187,12,12,14
BRF:50
BRH:50
DA:11,185
DA:12,185
DA:13,185
DA:16,185
DA:17,185
DA:18,185
DA:19,185
DA:22,185
DA:23,185
DA:25,5742
DA:26,1021
DA:27,4084
DA:28,185
DA:31,185
DA:32,185
DA:33,185
DA:35,194
DA:36,194
DA:37,194
DA:38,970
DA:40,194
DA:41,185
DA:44,185
DA:45,185
DA:47,202
DA:48,202
DA:49,606
DA:51,202
DA:52,185
DA:58,185
DA:59,185
DA:60,185
DA:62,200
DA:63,200
DA:64,200
DA:68,200
DA:69,1200
DA:71,200
DA:72,185
DA:79,185
DA:80,185
DA:81,185
DA:82,185
DA:84,927
DA:85,927
DA:86,927
DA:87,2781
DA:88,927
DA:89,927
DA:91,927
DA:92,927
DA:93,927
DA:94,927
DA:95,927
DA:96,927
DA:97,185
DA:100,185
DA:103,202
DA:104,216
DA:105,648
DA:106,185
DA:113,185
DA:114,185
DA:115,185
DA:117,225
DA:118,264
DA:119,225
DA:120,225
DA:126,225
DA:132,225
DA:133,225
DA:134,1125
DA:136,1168
DA:138,264
DA:139,321
DA:140,321
DA:141,264
DA:142,225
DA:145,262
DA:146,262
DA:147,317
DA:148,317
DA:149,225
DA:150,236
DA:151,236
DA:152,236
DA:154,246
DA:155,263
DA:156,263
DA:157,246
DA:158,236
DA:159,236
DA:160,258
DA:161,185
DA:164,185
DA:165,185
DA:166,185
DA:167,185
DA:169,208
DA:170,208
DA:171,208
DA:172,213
DA:173,213
DA:174,208
DA:175,225
DA:176,225
DA:178,230
DA:179,236
DA:180,236
DA:181,241
DA:182,241
DA:183,241
DA:185,241
DA:186,241
DA:187,236
DA:188,222
DA:189,185
LH:117
LF:117
end_of_record
SF:/home/user/git/tickets/src/lib/db/attendees/create.ts
FN:19,buildAttendeeInsert
FN:27,buildAttendeeResult
FN:52,createAttendeeAtomicImpl
FNDA:720,buildAttendeeInsert
FNDA:719,buildAttendeeResult
FNDA:712,createAttendeeAtomicImpl
FNF:3
FNH:3
BRDA:64,3,0,1
BRDA:66,3,1,711
BRDA:73,3,2,569
BRDA:74,3,3,711
BRDA:75,3,4,1
BRDA:77,3,5,710
BRDA:118,3,6,734
BRDA:119,3,7,719
BRDA:127,3,8,639
BRDA:129,3,9,573
BRDA:130,3,10,63
BRDA:136,3,11,710
BRDA:138,3,12,11
BRDA:140,3,13,699
BRF:14
BRH:14
DA:12,185
DA:13,185
DA:14,185
DA:15,185
DA:19,185
DA:20,185
DA:21,905
DA:22,905
DA:23,905
DA:24,185
DA:27,185
DA:28,904
DA:29,904
DA:30,904
DA:31,904
DA:32,904
DA:33,904
DA:34,904
DA:35,904
DA:36,904
DA:37,904
DA:38,904
DA:39,904
DA:40,904
DA:41,904
DA:42,185
DA:52,185
DA:53,185
DA:55,897
DA:56,897
DA:57,897
DA:58,897
DA:59,897
DA:60,897
DA:61,897
DA:62,897
DA:63,897
DA:64,897
DA:65,3592
DA:66,898
DA:68,11256
DA:70,1608
DA:71,1608
DA:72,1608
DA:73,897
DA:74,897
DA:75,897
DA:76,3592
DA:77,898
DA:82,1607
DA:83,1607
DA:84,1607
DA:85,2341
DA:88,2341
DA:89,2341
DA:90,2341
DA:91,2341
DA:92,2341
DA:93,9364
DA:94,1607
DA:98,1607
DA:100,1607
DA:102,1607
DA:104,1607
DA:105,6428
DA:106,1607
DA:112,1607
DA:113,1607
DA:114,1607
DA:117,1607
DA:118,897
DA:119,1631
DA:120,2350
DA:121,2350
DA:122,2350
DA:123,2350
DA:124,2350
DA:125,2350
DA:126,2350
DA:127,2350
DA:128,2350
DA:129,2350
DA:130,2350
DA:131,2350
DA:132,2350
DA:133,2350
DA:135,2350
DA:136,1631
DA:138,897
DA:139,3632
DA:140,908
DA:142,1596
DA:143,6384
DA:144,185
LH:94
LF:94
end_of_record
SF:/home/user/git/tickets/src/lib/db/attendees/delete.ts
FN:9,purgeAttendee
FN:29,deleteAttendee
FN:39,unlinkAttendeeFromEvent
FNDA:13,purgeAttendee
FNDA:12,deleteAttendee
FNDA:5,unlinkAttendeeFromEvent
FNF:3
FNH:3
BRDA:53,3,0,4
BRDA:53,3,1,1
BRF:2
BRH:2
DA:5,185
DA:6,185
DA:9,185
DA:10,185
DA:11,198
DA:12,594
DA:13,198
DA:14,198
DA:15,198
DA:16,594
DA:17,198
DA:18,198
DA:19,198
DA:20,594
DA:21,198
DA:22,198
DA:23,1188
DA:24,185
DA:29,185
DA:30,197
DA:31,197
DA:32,185
DA:39,185
DA:40,185
DA:41,185
DA:43,190
DA:44,760
DA:45,190
DA:46,190
DA:48,190
DA:49,190
DA:50,570
DA:53,190
DA:54,195
DA:55,195
DA:56,585
DA:57,195
DA:59,194
DA:60,582
DA:61,185
LH:40
LF:40
end_of_record
SF:/home/user/git/tickets/src/lib/db/attendees/pii.ts
FN:25,buildPiiBlob
FN:40,parsePiiBlob
FN:47,encryptPiiBlob
FN:53,decryptPiiBlob
FN:84,decryptAttendeeFields
FN:101,contactFields
FN:116,encryptAttendeeFields
FN:146,decryptAttendees
FN:161,decryptAttendeeOrNull
FNDA:743,buildPiiBlob
FNDA:423,parsePiiBlob
FNDA:743,encryptPiiBlob
FNDA:423,decryptPiiBlob
FNDA:423,decryptAttendeeFields
FNDA:1439,contactFields
FNDA:721,encryptAttendeeFields
FNDA:246,decryptAttendees
FNDA:148,decryptAttendeeOrNull
FNF:9
FNH:9
BRDA:72,4,0,405
BRDA:72,4,1,18
BRDA:96,5,0,405
BRDA:96,5,1,18
BRDA:120,7,0,1
BRDA:120,7,1,720
BRDA:165,10,0,137
BRDA:165,10,1,11
BRF:8
BRH:8
DA:9,185
DA:10,185
DA:11,185
DA:12,185
DA:17,185
DA:18,185
DA:22,185
DA:25,185
DA:26,185
DA:28,185
DA:29,928
DA:30,928
DA:31,928
DA:32,928
DA:33,928
DA:34,928
DA:35,928
DA:36,928
DA:37,185
DA:40,185
DA:41,608
DA:42,608
DA:43,608
DA:44,185
DA:47,185
DA:48,185
DA:49,185
DA:50,185
DA:53,185
DA:54,185
DA:55,185
DA:56,185
DA:66,608
DA:67,608
DA:68,608
DA:69,608
DA:70,608
DA:71,608
DA:72,608
DA:73,608
DA:74,608
DA:75,608
DA:76,608
DA:77,185
DA:84,185
DA:85,185
DA:86,185
DA:87,185
DA:89,608
DA:90,608
DA:91,608
DA:92,608
DA:93,608
DA:94,608
DA:95,608
DA:96,608
DA:97,608
DA:98,185
DA:101,185
DA:102,185
DA:103,185
DA:104,185
DA:105,185
DA:106,185
DA:107,185
DA:108,1624
DA:109,1624
DA:110,1624
DA:111,1624
DA:112,1624
DA:113,185
DA:116,185
DA:117,185
DA:119,906
DA:120,906
DA:122,1626
DA:123,1626
DA:124,1626
DA:125,1626
DA:126,1626
DA:127,1626
DA:129,1626
DA:130,1626
DA:131,1626
DA:132,1626
DA:134,1626
DA:135,1626
DA:136,1626
DA:137,1626
DA:138,1626
DA:139,1626
DA:140,185
DA:146,185
DA:147,185
DA:148,185
DA:149,185
DA:151,185
DA:152,185
DA:153,185
DA:161,185
DA:162,185
DA:163,185
DA:165,185
LH:103
LF:103
end_of_record
SF:/home/user/git/tickets/src/lib/db/attendees/queries.ts
FN:38,getAttendeesRaw
FN:52,getNewestAttendeesRaw
FN:66,getAttendeeRaw
FN:80,getAttendee
FN:94,getAttendeesByTokens
FNDA:297,getAttendeesRaw
FNDA:37,getNewestAttendeesRaw
FNDA:20,getAttendeeRaw
FNDA:5,getAttendee
FNDA:198,getAttendeesByTokens
FNF:5
FNH:5
BRDA:85,4,0,3
BRDA:85,4,1,2
BRDA:118,5,0,197
BRDA:118,5,1,49
BRDA:120,5,2,192
BRDA:120,5,3,191
BRDA:120,5,4,149
BRDA:135,5,5,152
BRDA:136,5,6,151
BRDA:148,5,7,149
BRDA:152,5,8,154
BRDA:154,5,9,3
BRDA:161,5,10,149
BRDA:165,9,0,1
BRDA:167,10,0,1
BRF:15
BRH:15
DA:5,185
DA:6,185
DA:11,185
DA:12,185
DA:19,185
DA:22,185
DA:23,185
DA:27,185
DA:32,185
DA:38,185
DA:39,185
DA:40,185
DA:44,482
DA:45,1149
DA:52,185
DA:53,185
DA:54,185
DA:57,222
DA:58,629
DA:66,185
DA:67,205
DA:68,205
DA:71,205
DA:72,615
DA:74,185
DA:80,185
DA:81,185
DA:82,185
DA:84,190
DA:85,190
DA:86,185
DA:94,185
DA:95,185
DA:98,1149
DA:99,383
DA:100,383
DA:110,383
DA:111,383
DA:112,383
DA:113,383
DA:114,383
DA:115,383
DA:118,383
DA:119,629
DA:120,629
DA:123,1112
DA:124,1112
DA:127,1112
DA:128,1112
DA:129,1112
DA:130,1112
DA:134,1112
DA:135,963
DA:136,1115
DA:137,1115
DA:138,1115
DA:139,1115
DA:140,1115
DA:141,1115
DA:142,1115
DA:143,1115
DA:144,1115
DA:145,1115
DA:146,1115
DA:147,1115
DA:148,1115
DA:151,1112
DA:152,772
DA:153,926
DA:154,926
DA:155,926
DA:156,926
DA:157,926
DA:158,926
DA:159,926
DA:160,926
DA:161,926
DA:164,532
DA:165,2438
DA:167,532
DA:168,185
LH:81
LF:81
end_of_record
SF:/home/user/git/tickets/src/lib/db/attendees/stats.ts
FN:16,getActiveEventStats
FNDA:38,getActiveEventStats
FNF:1
FNH:1
BRDA:20,1,0,37
BRDA:20,1,1,21
BRDA:22,1,2,17
BRF:3
BRH:3
DA:5,185
DA:7,185
DA:16,185
DA:17,185
DA:19,223
DA:20,223
DA:21,1405
DA:22,281
DA:23,277
DA:24,277
DA:25,277
DA:26,277
DA:27,277
DA:29,277
DA:30,277
DA:33,277
DA:34,277
DA:36,277
DA:37,277
DA:38,277
DA:39,277
DA:40,277
DA:41,185
LH:23
LF:23
end_of_record
SF:/home/user/git/tickets/src/lib/db/attendees/update.ts
FN:23,updateEventAttendeeField
FN:38,markRefunded
FN:47,updateCheckedIn
FN:57,incrementAttachmentDownloads
FN:71,updateAttendeePII
FN:93,updateEventLink
FN:115,addEventLink
FNDA:370,updateEventAttendeeField
FNDA:45,markRefunded
FNDA:30,updateCheckedIn
FNDA:3,incrementAttachmentDownloads
FNDA:23,updateAttendeePII
FNDA:9,updateEventLink
FNDA:8,addEventLink
FNF:7
FNH:7
BRDA:51,4,0,26
BRDA:51,4,1,4
BRF:2
BRH:2
DA:11,185
DA:12,185
DA:13,185
DA:14,185
DA:15,185
DA:16,185
DA:17,185
DA:18,185
DA:19,185
DA:22,185
DA:23,185
DA:24,185
DA:25,630
DA:26,3150
DA:27,630
DA:28,630
DA:29,185
DA:31,185
DA:32,185
DA:38,185
DA:39,185
DA:40,185
DA:41,185
DA:47,185
DA:48,185
DA:49,185
DA:50,185
DA:51,185
DA:57,185
DA:58,185
DA:59,185
DA:61,188
DA:62,752
DA:63,188
DA:64,188
DA:65,185
DA:71,185
DA:72,185
DA:73,185
DA:75,208
DA:76,208
DA:77,208
DA:78,208
DA:79,208
DA:80,208
DA:81,208
DA:83,208
DA:84,832
DA:85,208
DA:86,208
DA:87,185
DA:93,185
DA:94,185
DA:95,185
DA:96,185
DA:98,194
DA:99,194
DA:100,194
DA:102,194
DA:103,1552
DA:104,194
DA:105,194
DA:106,194
DA:108,194
DA:109,185
DA:115,185
DA:116,185
DA:117,185
DA:119,185
DA:120,185
LH:70
LF:70
end_of_record
SF:/home/user/git/tickets/src/lib/db/backup.ts
FN:47,quoteId
FN:50,getColumns
FN:54,tableExists
FN:63,escapeSql
FN:73,splitStatements
FN:84,isRemoteDatabase
FN:95,dbName
FN:115,exportTable
FN:140,createBackup
FN:151,backupFilename
FN:155,backupTimestamp
FN:159,buildManifest
FN:175,createBackupZip
FN:191,createAndUploadBackup
FN:202,isValidManifest
FN:212,readManifest
FN:221,countZipStatements
FN:239,restoreFromSql
FN:257,restoreFromZip
FNDA:1202,quoteId
FNDA:274,getColumns
FNDA:270,tableExists
FNDA:864,escapeSql
FNDA:31,splitStatements
FNDA:13,isRemoteDatabase
FNDA:28,dbName
FNDA:274,exportTable
FNDA:15,createBackup
FNDA:7,backupFilename
FNDA:7,backupTimestamp
FNDA:13,buildManifest
FNDA:13,createBackupZip
FNDA:6,createAndUploadBackup
FNDA:6,isValidManifest
FNDA:7,readManifest
FNDA:5,countZipStatements
FNDA:8,restoreFromSql
FNDA:6,restoreFromZip
FNF:19
FNH:19
BRDA:64,4,0,813
BRDA:64,4,1,51
BRDA:64,4,2,813
BRDA:65,4,3,243
BRDA:65,4,4,570
BRDA:74,5,0,3
BRDA:74,5,1,28
BRDA:80,8,0,24
BRDA:80,8,1,111
BRDA:86,9,0,0
BRDA:87,9,1,12
BRDA:97,10,0,0
BRDA:101,10,1,25
BRDA:103,10,2,3
BRDA:108,10,3,6
BRDA:108,10,4,1
BRDA:108,10,5,2
BRDA:122,11,0,210
BRDA:122,11,1,64
BRDA:127,11,2,189
BRDA:134,11,3,64
BRDA:142,14,0,270
BRDA:143,14,1,1
BRDA:143,14,2,269
BRDA:168,18,0,178
BRDA:168,18,1,56
BRDA:184,19,0,234
BRDA:195,20,0,5
BRDA:205,21,0,5
BRDA:206,21,1,5
BRDA:207,21,2,4
BRDA:208,21,3,4
BRDA:215,22,0,1
BRDA:215,22,1,6
BRDA:217,22,2,4
BRDA:217,22,3,2
BRDA:225,23,0,59
BRDA:226,23,1,4
BRDA:226,23,2,55
BRDA:228,23,3,36
BRDA:228,23,4,19
BRDA:230,23,5,4
BRDA:248,24,0,1
BRDA:248,24,1,7
BRDA:250,24,2,6
BRDA:263,26,0,108
BRDA:265,26,1,74
BRDA:268,26,2,5
BRF:48
BRH:46
DA:13,171
DA:14,171
DA:15,171
DA:16,171
DA:17,171
DA:18,171
DA:19,171
DA:20,171
DA:21,171
DA:22,171
DA:23,171
DA:24,171
DA:47,171
DA:50,171
DA:51,171
DA:54,171
DA:55,441
DA:56,1323
DA:57,441
DA:58,441
DA:59,441
DA:60,171
DA:63,171
DA:64,1035
DA:65,1035
DA:66,1605
DA:67,171
DA:73,171
DA:74,202
DA:75,230
DA:76,230
DA:77,230
DA:78,230
DA:79,230
DA:80,230
DA:81,171
DA:84,171
DA:85,184
DA:86,0
DA:87,184
DA:88,171
DA:95,171
DA:96,199
DA:97,0
DA:98,199
DA:99,199
DA:100,199
DA:101,199
DA:102,224
DA:103,224
DA:104,227
DA:105,227
DA:107,227
DA:108,199
DA:109,207
DA:110,171
DA:115,171
DA:116,445
DA:117,445
DA:118,445
DA:119,445
DA:122,445
DA:124,509
DA:125,509
DA:126,509
DA:127,445
DA:128,634
DA:129,634
DA:130,634
DA:131,634
DA:132,634
DA:134,634
DA:135,509
DA:136,171
DA:140,171
DA:141,186
DA:142,186
DA:143,456
DA:144,725
DA:145,2900
DA:146,725
DA:147,186
DA:148,171
DA:151,171
DA:152,171
DA:155,171
DA:156,171
DA:159,171
DA:160,171
DA:161,171
DA:162,171
DA:163,184
DA:164,184
DA:165,184
DA:166,184
DA:167,418
DA:168,418
DA:169,184
DA:171,184
DA:172,171
DA:175,171
DA:176,184
DA:177,184
DA:178,184
DA:179,184
DA:181,184
DA:182,184
DA:183,184
DA:184,184
DA:185,418
DA:186,418
DA:187,184
DA:188,171
DA:191,171
DA:192,177
DA:193,177
DA:194,177
DA:195,177
DA:196,182
DA:197,171
DA:202,171
DA:203,171
DA:204,171
DA:205,171
DA:206,171
DA:207,171
DA:208,171
DA:209,171
DA:212,171
DA:213,178
DA:214,178
DA:215,178
DA:216,184
DA:217,178
DA:218,171
DA:221,171
DA:222,176
DA:223,176
DA:224,176
DA:225,176
DA:226,235
DA:227,290
DA:228,235
DA:229,254
DA:230,254
DA:231,180
DA:232,171
DA:239,171
DA:240,179
DA:241,179
DA:245,179
DA:247,179
DA:248,179
DA:250,900
DA:251,171
DA:257,171
DA:258,177
DA:259,177
DA:260,177
DA:263,177
DA:264,285
DA:265,285
DA:266,285
DA:268,177
DA:269,171
LH:163
LF:165
end_of_record
SF:/home/user/git/tickets/src/lib/db/built-sites.ts
FN:88,buildSiteDataBlob
FN:105,toRawInput
FN:118,parseSiteDataBlob
FN:122,rowToBuiltSite
FN:145,invalidateBuiltSitesCache
FN:150,queryAndDecrypt
FN:171,deleteById
FN:173,findAll
FN:175,findById
FN:182,fromDb
FN:192,insert
FN:211,rowToInput
FN:235,toDbValues
FN:249,update
FN:272,insertBuiltSite
FN:285,getAllBuiltSites
FN:289,countAssignableSites
FN:299,getAssignableBuiltSites
FN:305,assignBuiltSite
FNDA:85,buildSiteDataBlob
FNDA:76,toRawInput
FNDA:172,parseSiteDataBlob
FNDA:168,rowToBuiltSite
FNDA:92,invalidateBuiltSitesCache
FNDA:68,queryAndDecrypt
FNDA:3,deleteById
FNDA:1,findAll
FNDA:52,findById
FNDA:1,fromDb
FNDA:29,insert
FNDA:1,rowToInput
FNDA:3,toDbValues
FNDA:9,update
FNDA:39,insertBuiltSite
FNDA:67,getAllBuiltSites
FNDA:4,countAssignableSites
FNDA:10,getAssignableBuiltSites
FNDA:14,assignBuiltSite
FNF:19
FNH:19
BRDA:99,3,0,8
BRDA:99,3,1,77
BRDA:100,3,2,8
BRDA:100,3,3,77
BRDA:101,3,4,15
BRDA:101,3,5,70
BRDA:113,4,0,23
BRDA:113,4,1,53
BRDA:126,6,0,148
BRDA:127,6,1,148
BRDA:128,6,2,139
BRDA:131,6,3,161
BRDA:132,6,4,161
BRDA:178,15,0,9
BRDA:178,15,1,43
BRDA:239,19,0,1
BRDA:239,19,1,2
BRDA:241,19,2,1
BRDA:242,19,3,1
BRDA:243,19,4,1
BRDA:244,19,5,1
BRDA:245,19,6,1
BRDA:254,20,0,1
BRDA:254,20,1,8
BRDA:255,20,2,2
BRDA:256,20,3,4
BRDA:257,20,4,5
BRDA:258,20,5,5
BRDA:259,20,6,4
BRDA:260,20,7,5
BRDA:264,20,8,8
BRDA:311,26,0,13
BRDA:311,26,1,1
BRF:33
BRH:33
DA:7,117
DA:8,117
DA:9,117
DA:11,117
DA:12,117
DA:13,117
DA:68,117
DA:69,117
DA:71,117
DA:72,117
DA:74,117
DA:75,117
DA:76,117
DA:77,117
DA:78,117
DA:79,117
DA:80,117
DA:81,117
DA:82,117
DA:83,117
DA:84,117
DA:85,117
DA:88,117
DA:89,117
DA:90,117
DA:91,117
DA:92,117
DA:93,117
DA:95,117
DA:96,202
DA:97,202
DA:98,202
DA:99,614
DA:100,614
DA:101,621
DA:102,117
DA:105,117
DA:106,117
DA:107,117
DA:108,117
DA:109,117
DA:110,117
DA:111,117
DA:112,117
DA:113,193
DA:114,193
DA:115,117
DA:118,117
DA:119,117
DA:122,117
DA:123,285
DA:124,285
DA:125,285
DA:126,285
DA:127,285
DA:128,285
DA:129,285
DA:130,285
DA:131,285
DA:132,285
DA:133,285
DA:134,285
DA:135,285
DA:136,117
DA:138,117
DA:139,117
DA:142,1632
DA:145,117
DA:146,209
DA:147,117
DA:150,117
DA:151,185
DA:152,185
DA:153,185
DA:155,185
DA:156,185
DA:157,185
DA:158,117
DA:161,117
DA:162,117
DA:163,117
DA:170,117
DA:171,117
DA:173,117
DA:175,117
DA:177,169
DA:178,169
DA:179,212
DA:180,117
DA:182,117
DA:183,117
DA:184,117
DA:185,117
DA:186,117
DA:187,117
DA:188,117
DA:189,117
DA:190,117
DA:192,117
DA:193,146
DA:194,146
DA:195,146
DA:196,146
DA:197,146
DA:198,146
DA:199,146
DA:200,146
DA:204,146
DA:205,117
DA:206,117
DA:207,117
DA:208,117
DA:211,117
DA:212,117
DA:213,117
DA:214,117
DA:215,118
DA:216,118
DA:217,118
DA:218,118
DA:219,118
DA:220,118
DA:221,117
DA:222,117
DA:223,117
DA:224,117
DA:225,117
DA:226,117
DA:227,117
DA:228,117
DA:229,117
DA:230,117
DA:231,117
DA:232,117
DA:233,117
DA:235,117
DA:236,117
DA:238,117
DA:239,120
DA:240,120
DA:241,120
DA:242,120
DA:243,120
DA:244,120
DA:245,120
DA:247,117
DA:249,117
DA:250,117
DA:251,117
DA:253,126
DA:254,126
DA:255,126
DA:256,126
DA:257,126
DA:258,126
DA:259,126
DA:260,126
DA:262,126
DA:263,126
DA:264,126
DA:267,134
DA:268,126
DA:269,117
DA:272,117
DA:273,117
DA:274,117
DA:275,117
DA:276,117
DA:277,117
DA:278,117
DA:280,117
DA:281,117
DA:285,117
DA:286,117
DA:289,117
DA:291,121
DA:292,121
DA:293,121
DA:295,121
DA:296,117
DA:299,117
DA:300,127
DA:301,127
DA:302,117
DA:304,117
DA:305,117
DA:306,117
DA:307,117
DA:308,117
DA:310,131
DA:311,131
DA:312,144
DA:313,144
DA:314,144
DA:315,144
DA:316,144
DA:317,144
DA:318,117
LH:198
LF:198
end_of_record
SF:/home/user/git/tickets/src/lib/db/capacity.ts
FN:14,dateToRange
FN:26,buildCapacityCondition
FNDA:205,dateToRange
FNDA:751,buildCapacityCondition
FNF:2
FNH:2
BRDA:32,2,0,85
BRDA:32,2,1,666
BRDA:33,2,2,85
BRDA:33,2,3,666
BRDA:34,2,4,85
BRDA:34,2,5,666
BRDA:36,2,6,9
BRDA:36,2,7,742
BRDA:37,2,8,85
BRDA:38,2,9,666
BRDA:40,2,10,85
BRDA:41,2,11,2
BRDA:42,2,12,83
BRDA:43,2,13,666
BRDA:44,2,14,7
BRDA:45,2,15,659
BRDA:48,2,16,9
BRDA:49,2,17,742
BRDA:69,2,18,9
BRDA:70,2,19,742
BRF:20
BRH:20
DA:14,185
DA:15,185
DA:17,390
DA:18,390
DA:19,1560
DA:20,185
DA:26,185
DA:27,185
DA:28,185
DA:29,185
DA:30,185
DA:32,936
DA:33,936
DA:34,936
DA:36,936
DA:37,936
DA:38,936
DA:39,936
DA:40,936
DA:41,936
DA:42,6049
DA:43,5269
DA:44,936
DA:45,5756
DA:46,4799
DA:48,936
DA:49,936
DA:50,936
DA:51,936
DA:61,936
DA:68,936
DA:69,936
DA:70,7542
DA:71,10262
DA:73,936
DA:74,5616
DA:75,936
DA:76,936
DA:77,185
LH:39
LF:39
end_of_record
SF:/home/user/git/tickets/src/lib/db/client.ts
FN:24,createDbClient
FN:40,getDb
FN:45,setDb
FN:48,resultRows
FN:52,queryOne
FN:62,queryAll
FN:73,deleteByField
FN:83,deleteByFieldBatch
FN:94,trackedBatch
FN:108,batchFor
FN:123,executeBatch
FN:130,inPlaceholders
FN:138,rawSql
FN:157,insert
FNDA:3,createDbClient
FNDA:274760,getDb
FNDA:6650,setDb
FNDA:17233,resultRows
FNDA:3479,queryOne
FNDA:12754,queryAll
FNDA:122,deleteByField
FNDA:3,deleteByFieldBatch
FNDA:1095,trackedBatch
FNDA:376,batchFor
FNDA:214,executeBatch
FNDA:1374,inPlaceholders
FNDA:11,rawSql
FNDA:23848,insert
FNF:14
FNH:14
BRDA:26,1,0,2
BRDA:26,1,1,1
BRDA:58,5,0,294
BRDA:58,5,1,3185
BRDA:67,7,0,12753
BRDA:67,8,0,2449
BRDA:67,8,1,10305
BRDA:98,13,0,984
BRDA:98,13,1,579
BRDA:98,13,2,111
BRDA:102,13,3,241
BRDA:102,13,4,111
BRDA:126,16,0,213
BRDA:165,20,0,74992
BRDA:167,20,1,68652
BRDA:167,20,2,11
BRDA:167,20,3,11
BRDA:169,20,4,74981
BRF:18
BRH:18
DA:9,188
DA:11,188
DA:15,188
DA:16,188
DA:17,188
DA:18,188
DA:19,188
DA:20,188
DA:21,188
DA:22,188
DA:24,188
DA:25,191
DA:26,191
DA:27,194
DA:28,194
DA:29,193
DA:30,193
DA:31,193
DA:32,193
DA:33,188
DA:35,188
DA:40,188
DA:45,188
DA:48,188
DA:49,188
DA:52,188
DA:53,188
DA:54,188
DA:56,21626
DA:57,3667
DA:58,3667
DA:59,188
DA:62,188
DA:63,188
DA:64,188
DA:66,12942
DA:67,82174
DA:69,25695
DA:70,188
DA:73,188
DA:74,188
DA:75,188
DA:76,188
DA:78,310
DA:79,2348
DA:80,188
DA:83,188
DA:84,188
DA:86,188
DA:87,188
DA:88,600
DA:89,200
DA:90,188
DA:94,188
DA:95,188
DA:96,188
DA:98,1283
DA:99,1973
DA:100,1973
DA:101,1973
DA:102,1862
DA:103,1973
DA:104,188
DA:107,188
DA:108,188
DA:109,188
DA:110,188
DA:113,188
DA:120,188
DA:123,188
DA:124,188
DA:126,402
DA:127,188
DA:130,188
DA:131,188
DA:134,188
DA:138,575
DA:157,188
DA:158,188
DA:159,188
DA:161,24036
DA:162,24036
DA:163,24036
DA:165,24036
DA:166,99028
DA:167,99028
DA:168,99039
DA:169,99028
DA:170,174009
DA:171,174009
DA:172,174009
DA:173,99028
DA:175,24036
DA:176,24036
DA:177,24036
DA:178,24036
DA:179,24036
DA:180,24036
DA:181,188
LH:99
LF:99
end_of_record
SF:/home/user/git/tickets/src/lib/db/common-schema.ts
FN:10,idAndEncryptedSlugSchema
FN:20,encryptedNameSchema
FNDA:357,idAndEncryptedSlugSchema
FNDA:357,encryptedNameSchema
FNF:2
FNH:2
BRF:0
BRH:0
DA:1,185
DA:3,185
DA:4,185
DA:10,185
DA:11,185
DA:12,185
DA:13,185
DA:14,542
DA:15,542
DA:16,542
DA:17,185
DA:20,185
DA:21,185
DA:22,185
DA:23,185
DA:24,542
DA:25,185
LH:17
LF:17
end_of_record
SF:/home/user/git/tickets/src/lib/db/define-id-table.ts
FN:6,defineIdTable
FNDA:357,defineIdTable
FNF:1
FNH:1
BRF:0
BRH:0
DA:1,185
DA:6,185
DA:7,185
DA:8,185
DA:10,185
DA:11,542
DA:12,542
DA:13,542
DA:14,185
LH:9
LF:9
end_of_record
SF:/home/user/git/tickets/src/lib/db/events.ts
FN:77,computeSlugIndex
FN:86,normalizeUtcDatetime
FN:108,encryptDatetime
FN:112,decryptDatetime
FN:119,writeClosesAt
FN:123,readClosesAt
FN:130,writeEventDate
FN:146,default
FN:147,read
FN:151,write
FN:156,default
FN:181,findCachedEventById
FN:191,getEvent
FN:198,isSlugTaken
FN:218,deleteEvent
FN:242,decryptAndAttachCount
FN:251,extractEventRow
FN:255,withBatchEvent
FN:266,queryEventsWithCounts
FN:287,invalidateEventsCache
FN:294,getAllEvents
FN:300,getEventWithCount
FN:306,getEventWithCountBySlug
FN:326,getEventWithAttendeesRaw
FN:344,withBatchEvent.attendeesRaw.attendeesRaw
FN:350,getCachedEventsByType
FN:360,getAllDailyEvents
FN:367,getAllStandardEvents
FN:374,getDailyEventAttendeeDates
FN:388,getDailyEventAttendeesByDate
FN:408,getAttendeesByEventIds
FN:431,getEventWithAttendeeRaw
FN:465,getEventsBySlugsBatch
FNDA:3773,computeSlugIndex
FNDA:1699,normalizeUtcDatetime
FNDA:1516,encryptDatetime
FNDA:3916,decryptDatetime
FNDA:45,writeClosesAt
FNDA:110,readClosesAt
FNDA:1471,writeEventDate
FNDA:1341,default
FNDA:3806,read
FNDA:1466,write
FNDA:86,default
FNDA:747,findCachedEventById
FNDA:48,getEvent
FNDA:1402,isSlugTaken
FNDA:24,deleteEvent
FNDA:3529,decryptAndAttachCount
FNDA:166,extractEventRow
FNDA:166,withBatchEvent
FNDA:2991,queryEventsWithCounts
FNDA:8926,invalidateEventsCache
FNDA:1471,getAllEvents
FNDA:699,getEventWithCount
FNDA:64,getEventWithCountBySlug
FNDA:101,getEventWithAttendeesRaw
FNDA:94,withBatchEvent.attendeesRaw.attendeesRaw
FNDA:50,getCachedEventsByType
FNDA:25,getAllDailyEvents
FNDA:25,getAllStandardEvents
FNDA:19,getDailyEventAttendeeDates
FNDA:16,getDailyEventAttendeesByDate
FNDA:16,getAttendeesByEventIds
FNDA:65,getEventWithAttendeeRaw
FNDA:790,getEventsBySlugsBatch
FNF:33
FNH:33
BRDA:87,2,0,1443
BRDA:87,2,1,1009
BRDA:87,2,2,256
BRDA:89,2,3,4
BRDA:95,2,4,256
BRDA:97,2,5,1
BRDA:103,2,6,255
BRDA:114,4,0,3733
BRDA:114,4,1,183
BRDA:120,5,0,1
BRDA:126,6,0,33
BRDA:126,6,1,77
BRDA:149,9,0,3805
BRDA:149,9,1,1
BRDA:185,22,0,53
BRDA:203,25,0,61
BRDA:204,25,1,1341
BRDA:206,25,2,61
BRDA:207,25,3,1341
BRDA:252,28,0,14
BRDA:261,29,0,164
BRDA:261,29,1,14
BRDA:261,29,2,152
BRDA:275,30,0,2990
BRDA:311,37,0,9
BRDA:454,53,0,8
BRDA:468,54,0,1
BRDA:468,54,1,789
BRDA:473,54,2,788
BRDA:475,54,3,961
BRDA:477,54,4,788
BRDA:480,55,0,25
BRF:32
BRH:32
DA:6,185
DA:7,185
DA:8,185
DA:9,185
DA:10,185
DA:11,185
DA:12,185
DA:13,185
DA:14,185
DA:15,185
DA:16,185
DA:17,185
DA:18,185
DA:19,185
DA:20,185
DA:21,185
DA:22,185
DA:23,185
DA:24,185
DA:25,185
DA:26,185
DA:27,185
DA:28,185
DA:29,185
DA:30,185
DA:31,185
DA:39,185
DA:42,555
DA:77,185
DA:78,185
DA:80,185
DA:86,185
DA:87,1884
DA:88,3149
DA:89,2893
DA:90,2897
DA:91,2897
DA:92,2897
DA:93,2897
DA:94,2897
DA:95,2897
DA:96,3149
DA:97,2893
DA:98,2894
DA:99,2894
DA:100,2894
DA:101,2894
DA:102,2894
DA:103,2894
DA:104,3148
DA:105,185
DA:108,185
DA:109,185
DA:111,185
DA:112,185
DA:113,4101
DA:114,4101
DA:115,4284
DA:116,185
DA:118,185
DA:119,185
DA:120,185
DA:122,185
DA:123,185
DA:125,295
DA:126,295
DA:127,185
DA:130,185
DA:131,185
DA:138,185
DA:139,185
DA:140,185
DA:141,185
DA:142,185
DA:143,185
DA:144,185
DA:145,185
DA:146,1896
DA:147,185
DA:148,3991
DA:149,3991
DA:150,185
DA:151,185
DA:152,185
DA:153,185
DA:154,185
DA:155,185
DA:156,925
DA:157,185
DA:158,185
DA:159,185
DA:160,185
DA:161,185
DA:162,185
DA:163,185
DA:164,185
DA:165,185
DA:166,185
DA:167,185
DA:168,185
DA:169,185
DA:170,185
DA:171,185
DA:172,185
DA:173,185
DA:174,185
DA:176,185
DA:177,185
DA:181,185
DA:182,185
DA:184,932
DA:185,932
DA:186,185
DA:191,185
DA:192,185
DA:198,185
DA:199,185
DA:200,185
DA:202,1587
DA:203,1587
DA:204,1587
DA:205,1587
DA:206,1587
DA:207,8118
DA:208,9030
DA:209,6348
DA:210,1587
DA:211,185
DA:218,185
DA:219,209
DA:221,1254
DA:223,209
DA:224,209
DA:225,209
DA:226,209
DA:227,209
DA:228,209
DA:229,209
DA:230,209
DA:231,209
DA:232,209
DA:233,209
DA:234,209
DA:235,1254
DA:236,1254
DA:237,209
DA:238,209
DA:239,185
DA:242,185
DA:243,185
DA:244,185
DA:246,3714
DA:247,14856
DA:248,185
DA:251,185
DA:252,185
DA:255,185
DA:256,185
DA:257,185
DA:258,185
DA:260,351
DA:261,351
DA:262,667
DA:263,185
DA:266,185
DA:267,185
DA:269,3176
DA:270,3176
DA:273,3176
DA:275,3176
DA:277,6166
DA:278,6166
DA:280,185
DA:282,185
DA:284,1908
DA:287,185
DA:288,9111
DA:289,185
DA:294,185
DA:295,185
DA:300,185
DA:301,185
DA:306,185
DA:307,185
DA:309,249
DA:310,249
DA:311,249
DA:312,185
DA:326,185
DA:327,185
DA:329,286
DA:330,1716
DA:331,286
DA:332,858
DA:333,286
DA:337,286
DA:338,286
DA:339,286
DA:341,286
DA:342,286
DA:343,286
DA:344,286
DA:345,1332
DA:347,185
DA:350,185
DA:351,185
DA:353,235
DA:354,235
DA:355,185
DA:360,185
DA:361,185
DA:367,185
DA:368,185
DA:374,185
DA:375,204
DA:376,204
DA:379,204
DA:381,204
DA:382,185
DA:388,185
DA:389,185
DA:391,201
DA:392,201
DA:393,201
DA:398,201
DA:399,804
DA:401,185
DA:408,185
DA:409,185
DA:411,185
DA:412,185
DA:415,201
DA:416,185
DA:417,185
DA:431,185
DA:432,185
DA:433,185
DA:435,250
DA:436,1500
DA:437,250
DA:438,750
DA:439,250
DA:442,250
DA:443,250
DA:444,250
DA:445,750
DA:446,250
DA:447,250
DA:448,250
DA:450,250
DA:451,250
DA:452,250
DA:453,250
DA:454,308
DA:455,308
DA:456,250
DA:458,185
DA:465,185
DA:466,185
DA:468,975
DA:471,1764
DA:473,1764
DA:474,2552
DA:475,975
DA:476,1936
DA:477,1936
DA:480,1763
DA:481,185
LH:268
LF:268
end_of_record
SF:/home/user/git/tickets/src/lib/db/groups.ts
FN:33,computeGroupSlugIndex
FN:58,invalidateGroupsCache
FN:71,getAllGroups
FN:76,getGroupBySlugIndex
FN:87,isGroupSlugTaken
FN:108,decryptEventWithCount
FN:119,queryGroupEvents
FN:142,getActiveEventsByGroupId
FN:149,getEventsByGroupId
FN:158,validateGroupEventType
FN:175,getUngroupedEvents
FN:191,assignEventsToGroup
FN:207,resetGroupEvents
FN:219,setGroupEventsActive
FNDA:555,computeGroupSlugIndex
FNDA:6916,invalidateGroupsCache
FNDA:210,getAllGroups
FNDA:30,getGroupBySlugIndex
FNDA:268,isGroupSlugTaken
FNDA:88,decryptEventWithCount
FNDA:158,queryGroupEvents
FNDA:16,getActiveEventsByGroupId
FNDA:142,getEventsByGroupId
FNDA:106,validateGroupEventType
FNDA:19,getUngroupedEvents
FNDA:2,assignEventsToGroup
FNDA:6,resetGroupEvents
FNDA:3,setGroupEventsActive
FNF:14
FNH:14
BRDA:80,7,0,12
BRDA:97,9,0,1
BRDA:97,9,1,267
BRDA:99,9,2,109
BRDA:100,9,3,158
BRDA:102,9,4,109
BRDA:102,9,5,158
BRDA:103,9,6,267
BRDA:123,11,0,16
BRDA:124,11,1,142
BRDA:167,14,0,5
BRDA:168,14,1,101
BRDA:224,19,0,1
BRDA:224,19,1,2
BRF:14
BRH:14
DA:5,172
DA:6,172
DA:7,172
DA:8,172
DA:9,172
DA:10,172
DA:11,172
DA:12,172
DA:13,172
DA:14,172
DA:15,172
DA:16,172
DA:17,172
DA:18,172
DA:33,172
DA:34,172
DA:37,172
DA:38,172
DA:39,172
DA:40,172
DA:41,172
DA:42,172
DA:43,172
DA:44,172
DA:47,172
DA:48,172
DA:51,172
DA:52,172
DA:55,1856
DA:58,172
DA:59,7088
DA:60,172
DA:62,172
DA:63,172
DA:64,172
DA:65,172
DA:66,172
DA:71,172
DA:76,172
DA:77,172
DA:79,202
DA:80,202
DA:81,172
DA:87,172
DA:88,172
DA:89,172
DA:91,440
DA:93,440
DA:94,1320
DA:95,440
DA:96,440
DA:97,440
DA:99,440
DA:100,440
DA:101,440
DA:102,3016
DA:103,1760
DA:104,707
DA:105,172
DA:108,172
DA:109,172
DA:111,260
DA:112,260
DA:113,260
DA:114,260
DA:115,260
DA:116,172
DA:119,172
DA:120,172
DA:121,172
DA:123,330
DA:124,330
DA:125,330
DA:126,330
DA:127,330
DA:130,330
DA:132,330
DA:133,990
DA:136,330
DA:137,172
DA:142,172
DA:143,172
DA:144,172
DA:149,172
DA:150,172
DA:151,172
DA:158,172
DA:159,172
DA:160,172
DA:161,172
DA:163,278
DA:164,278
DA:165,278
DA:167,278
DA:168,278
DA:169,278
DA:170,172
DA:175,172
DA:176,191
DA:177,191
DA:182,191
DA:185,191
DA:186,172
DA:191,172
DA:192,172
DA:193,172
DA:195,174
DA:196,174
DA:197,696
DA:198,174
DA:199,174
DA:200,174
DA:201,174
DA:202,172
DA:207,172
DA:208,178
DA:209,534
DA:210,178
DA:211,178
DA:212,178
DA:213,172
DA:219,172
DA:220,172
DA:221,172
DA:223,175
DA:224,700
DA:225,175
DA:226,175
DA:227,175
DA:228,175
DA:229,172
LH:131
LF:131
end_of_record
SF:/home/user/git/tickets/src/lib/db/holidays.ts
FN:46,invalidateHolidaysCache
FN:59,getAllHolidays
FN:65,getActiveHolidays
FNDA:6694,invalidateHolidaysCache
FNDA:41,getAllHolidays
FNDA:332,getActiveHolidays
FNF:3
FNH:3
BRF:0
BRH:0
DA:5,173
DA:6,173
DA:7,173
DA:8,173
DA:9,173
DA:10,173
DA:11,173
DA:12,173
DA:22,173
DA:23,173
DA:24,173
DA:25,173
DA:26,173
DA:27,173
DA:28,173
DA:29,173
DA:30,173
DA:31,173
DA:32,173
DA:35,173
DA:36,173
DA:39,173
DA:40,173
DA:43,1860
DA:46,173
DA:47,6867
DA:48,173
DA:50,173
DA:51,173
DA:52,173
DA:53,173
DA:54,173
DA:59,173
DA:65,173
DA:66,505
DA:67,505
DA:68,505
DA:69,173
LH:38
LF:38
end_of_record
SF:/home/user/git/tickets/src/lib/db/login-attempts.ts
FN:13,withHashedIpAttempts
FN:26,checkLockout
FN:48,recordAttempt
FN:73,isLoginRateLimited
FN:80,recordFailedLogin
FN:86,clearLoginAttempts
FNDA:92,withHashedIpAttempts
FNDA:59,checkLockout
FNDA:33,recordAttempt
FNDA:59,isLoginRateLimited
FNDA:33,recordFailedLogin
FNDA:39,clearLoginAttempts
FNF:6
FNH:6
BRDA:30,2,0,51
BRDA:30,2,1,33
BRDA:30,2,2,8
BRDA:35,2,3,4
BRDA:35,2,4,37
BRDA:35,2,5,3
BRDA:37,2,6,31
BRDA:37,2,7,5
BRDA:40,2,8,1
BRDA:40,2,9,31
BRDA:40,2,10,1
BRDA:42,2,11,5
BRDA:52,3,0,18
BRDA:52,3,1,15
BRDA:54,3,2,4
BRDA:61,3,3,29
BRF:16
BRH:16
DA:5,99
DA:6,99
DA:7,99
DA:8,99
DA:13,99
DA:14,99
DA:15,99
DA:17,191
DA:18,191
DA:19,191
DA:20,573
DA:22,191
DA:23,99
DA:26,99
DA:27,99
DA:28,99
DA:30,158
DA:32,199
DA:35,158
DA:36,198
DA:37,198
DA:40,158
DA:41,190
DA:42,190
DA:44,194
DA:45,99
DA:48,99
DA:49,99
DA:50,99
DA:52,132
DA:54,132
DA:55,136
DA:56,136
DA:57,680
DA:58,136
DA:59,136
DA:60,136
DA:61,136
DA:63,161
DA:64,644
DA:65,161
DA:66,161
DA:67,161
DA:68,99
DA:73,99
DA:74,99
DA:80,99
DA:81,99
DA:86,99
DA:87,138
DA:88,138
DA:89,99
LH:52
LF:52
end_of_record
SF:/home/user/git/tickets/src/lib/db/migrations.ts
FN:401,djb2
FN:414,runMigration
FN:436,getExistingColumns
FN:444,getDbState
FN:463,createIndexesForTable
FN:489,recreateTable
FN:520,getSchemaColumns
FN:531,dropDeprecatedAttendeeColumns
FN:562,applySchemaChanges
FN:578,syncIndexes
FN:604,acquireMigrationLock
FN:615,releaseMigrationLock
FN:627,initDb
FN:700,resetDatabase
FNDA:171,djb2
FNDA:119362,runMigration
FNDA:62985,getExistingColumns
FNDA:6635,getDbState
FNDA:59678,createIndexesForTable
FNDA:8,recreateTable
FNDA:3315,getSchemaColumns
FNDA:3315,dropDeprecatedAttendeeColumns
FNDA:3315,applySchemaChanges
FNDA:3315,syncIndexes
FNDA:3316,acquireMigrationLock
FNDA:3315,releaseMigrationLock
FNDA:3319,initDb
FNDA:17,resetDatabase
FNF:14
FNH:14
BRDA:403,2,0,1058832
BRDA:416,3,0,116048
BRDA:417,3,1,3314
BRDA:418,3,2,0
BRDA:424,3,3,0
BRDA:428,3,4,0
BRDA:447,6,0,119
BRDA:447,6,1,117
BRDA:447,6,2,19
BRDA:449,6,3,6
BRDA:449,6,4,13
BRDA:454,6,5,3
BRDA:455,6,6,10
BRDA:457,6,7,6616
BRDA:467,8,0,53054
BRDA:468,8,1,26526
BRDA:468,8,2,26528
BRDA:516,9,0,2
BRDA:499,13,0,6
BRDA:499,13,1,40
BRDA:535,17,0,3313
BRDA:541,17,1,2
BRDA:563,19,0,59670
BRDA:569,19,1,381225
BRDA:570,19,2,7
BRDA:580,21,0,59670
BRDA:581,21,1,23205
BRDA:582,21,2,53040
BRDA:588,21,3,53041
BRDA:590,21,4,1
BRDA:611,22,0,8
BRDA:629,25,0,3
BRDA:629,25,1,3316
BRDA:632,25,2,0
[...]
DA:62,337
DA:63,171
DA:65,171
DA:66,508
DA:67,508
DA:68,508
DA:69,508
DA:70,508
DA:71,508
DA:72,508
DA:73,508
DA:74,508
DA:75,508
DA:76,508
DA:77,508
DA:78,508
DA:79,508
DA:80,508
DA:81,508
DA:82,508
DA:83,508
DA:84,508
DA:85,171
DA:87,171
DA:88,173
DA:89,173
DA:90,173
DA:91,173
DA:92,173
DA:93,173
DA:94,173
DA:95,173
DA:96,173
DA:97,171
DA:99,171
DA:100,172
DA:101,172
DA:102,172
DA:103,172
DA:104,172
DA:105,171
DA:107,171
DA:108,171
DA:109,171
DA:110,173
DA:111,173
DA:112,173
DA:113,173
DA:114,173
DA:115,173
DA:116,173
DA:117,173
DA:118,173
DA:119,173
DA:120,173
DA:121,171
DA:123,171
DA:124,171
DA:125,171
DA:126,1481
DA:127,1481
DA:128,1481
DA:129,1481
DA:130,1481
DA:131,171
DA:133,171
DA:134,171
DA:135,171
DA:136,171
DA:137,171
DA:138,171
DA:140,171
DA:141,171
DA:142,171
DA:143,218
DA:144,218
DA:145,218
DA:146,218
DA:147,218
DA:148,218
DA:149,218
DA:150,218
DA:151,218
DA:152,171
DA:154,171
DA:155,171
DA:156,171
DA:157,171
DA:158,1442
DA:160,1368
DA:162,1026
DA:164,171
DA:165,171
DA:166,171
DA:167,261
DA:168,261
DA:169,261
DA:170,261
DA:171,261
DA:172,261
DA:173,261
DA:174,261
DA:175,261
DA:176,261
DA:177,261
DA:178,261
DA:179,261
DA:180,171
DA:182,171
DA:183,171
DA:184,171
DA:185,261
DA:186,261
DA:187,261
DA:188,261
DA:189,261
DA:190,261
DA:191,261
DA:192,261
DA:193,261
DA:194,261
DA:195,261
DA:196,261
DA:197,171
DA:199,171
DA:200,171
DA:201,171
DA:202,171
DA:203,258
DA:204,258
DA:205,171
LH:178
LF:178
end_of_record
SF:/home/user/git/tickets/src/test-utils/internal.ts
FN:29,getCachedSetupSettings
FN:30,setCachedSetupSettings
FN:35,getCachedSetupUsers
FN:36,setCachedSetupUsers
FN:39,getCachedAdminSession
FN:40,setCachedAdminSession
FN:48,getInternalTestSession
FN:49,setTestSession
FN:53,resetTestSession
FN:57,resetTestSlugCounter
FN:61,generateTestEventName
FNDA:5955,getCachedSetupSettings
FNDA:138,setCachedSetupSettings
FNDA:5824,getCachedSetupUsers
FNDA:138,setCachedSetupUsers
FNDA:1897,getCachedAdminSession
FNDA:138,setCachedAdminSession
FNDA:3247,getInternalTestSession
FNDA:5377,setTestSession
FNDA:3297,resetTestSession
FNDA:3086,resetTestSlugCounter
FNDA:1315,generateTestEventName
FNF:11
FNH:11
BRF:0
BRH:0
DA:3,171
DA:5,171
DA:7,171
DA:8,171
DA:20,171
DA:21,171
DA:22,171
DA:25,171
DA:26,171
DA:27,513
DA:29,171
DA:30,171
DA:31,171
DA:33,309
DA:34,171
DA:35,171
DA:36,171
DA:37,309
DA:38,171
DA:39,171
DA:40,171
DA:41,171
DA:46,309
DA:47,171
DA:48,171
DA:49,171
DA:50,5548
DA:51,171
DA:53,171
DA:54,3468
DA:55,171
DA:57,171
DA:58,9771
DA:59,171
DA:61,171
DA:62,1486
DA:63,1486
DA:64,171
LH:38
LF:38
end_of_record
SF:/home/user/git/tickets/src/test-utils/mocks.ts
FN:10,mockRequestWithHost
FN:20,mockRequest
FN:23,mockFormRequest
FN:43,mockAdminLoginRequest
FN:51,mockMultipartRequest
FN:80,mockWebhookRequest
FN:94,mockSetupFormRequest
FN:105,mockTicketFormRequest
FN:116,urlFromFetchInput
FN:133,globalThis.fetch
FN:143,withMocks
FN:165,withMockBunnyCdnApi
FN:183,installUrlHandler
FN:187,globalThis.fetch
FN:196,testRequest
FN:225,awaitTestRequest
FN:237,successResponse
FN:241,errorResponse
FN:245,cdnOkResponse
FN:248,withStorageMock
FN:265,withCdnProxy
FN:280,withCdnRejecting
FN:293,withStorageDisabled
FN:296,withStorageEnabled
FN:299,withLocalStorageEnabled
FN:313,mockProviderType
FN:317,stubFetchJson
FN:322,stubFetchRecorder
FN:334,restore
FN:337,useFetchStub
FN:355,restubFetch
FN:360,callCount
FN:362,getFetchArgs
FN:365,getFetchJsonBody
FN:368,getFetchFormBody
FN:371,getFetchHeaders
FN:374,findCallBodyByRecipient
FN:384,allRecipients
FN:402,wait
FN:405,randomString
FNDA:845,mockRequestWithHost
FNDA:842,mockRequest
FNDA:1503,mockFormRequest
FNDA:45,mockAdminLoginRequest
FNDA:1376,mockMultipartRequest
FNDA:60,mockWebhookRequest
FNDA:12,mockSetupFormRequest
FNDA:300,mockTicketFormRequest
FNDA:52,urlFromFetchInput
FNDA:50,globalThis.fetch
FNDA:177,withMocks
FNDA:27,withMockBunnyCdnApi
FNDA:47,installUrlHandler
FNDA:48,globalThis.fetch
FNDA:701,testRequest
FNDA:682,awaitTestRequest
FNDA:18,successResponse
FNDA:4,errorResponse
FNDA:19,cdnOkResponse
FNDA:24,withStorageMock
FNDA:5,withCdnProxy
FNDA:2,withCdnRejecting
FNDA:12,withStorageDisabled
FNDA:6,withStorageEnabled
FNDA:26,withLocalStorageEnabled
FNDA:17,mockProviderType
FNDA:7,stubFetchJson
FNDA:6,stubFetchRecorder
FNDA:6,restore
FNDA:4,useFetchStub
FNDA:4,restubFetch
FNDA:12,callCount
FNDA:30,getFetchArgs
FNDA:13,getFetchJsonBody
FNDA:4,getFetchFormBody
FNDA:6,getFetchHeaders
FNDA:3,findCallBodyByRecipient
FNDA:1,allRecipients
FNDA:3,wait
FNDA:4,randomString
FNF:40
FNH:40
BRDA:33,3,0,1039
BRDA:47,4,0,21
BRDA:47,4,1,21
BRDA:63,5,0,33757
BRDA:66,5,1,23
BRDA:72,5,2,1373
BRDA:117,9,0,5
BRDA:118,9,1,47
BRDA:119,9,2,46
BRDA:120,9,3,1
BRDA:154,14,0,149
BRDA:156,14,1,28
BRDA:157,14,2,88
BRDA:161,14,3,11
BRDA:170,15,0,45
BRDA:192,17,0,1
BRDA:204,18,0,20
BRDA:206,18,1,681
BRDA:206,18,2,542
BRDA:210,18,3,23
BRDA:215,18,4,14
BRDA:217,18,5,688
BRDA:217,18,6,678
BRDA:221,18,7,674
BRDA:230,19,0,552
BRDA:230,19,1,680
BRDA:230,19,2,552
BRDA:232,19,3,130
BRDA:238,21,0,4
BRDA:256,28,0,0
BRDA:258,28,1,0
BRDA:273,32,0,0
BRDA:287,36,0,0
BRDA:409,63,0,150
BRF:34
BRH:30
DA:1,171
DA:2,171
DA:3,171
DA:4,171
DA:5,171
DA:6,171
DA:7,171
DA:10,171
DA:11,171
DA:12,171
DA:13,171
DA:15,1016
DA:16,1016
DA:17,4064
DA:18,171
DA:20,171
DA:21,171
DA:23,171
DA:24,171
DA:25,171
DA:26,171
DA:28,1674
DA:29,1674
DA:30,1674
DA:31,1674
DA:32,1674
DA:33,1674
DA:34,2713
DA:35,2713
DA:36,1674
DA:37,1674
DA:38,1674
DA:39,1674
DA:40,1674
DA:41,171
DA:43,171
DA:44,171
DA:45,171
DA:47,216
DA:48,948
DA:49,171
DA:51,171
DA:52,171
DA:53,171
DA:54,171
DA:55,171
DA:62,1547
DA:63,1547
DA:64,35304
DA:65,35304
DA:66,1547
DA:68,7850
DA:69,1570
DA:70,1570
DA:71,4641
DA:72,1547
DA:73,1547
DA:74,1547
DA:75,1547
DA:76,1547
DA:77,1547
DA:78,171
DA:80,171
DA:81,171
DA:82,171
DA:84,171
DA:85,231
DA:86,231
DA:87,231
DA:88,231
DA:89,231
DA:90,231
DA:91,231
DA:92,171
DA:94,171
DA:95,171
DA:96,171
DA:98,183
DA:99,183
DA:100,183
DA:101,183
DA:102,183
DA:103,171
DA:105,171
DA:106,171
DA:107,171
DA:108,171
DA:110,471
DA:111,471
DA:112,471
DA:113,471
DA:114,171
DA:116,171
DA:117,171
DA:118,171
DA:119,171
DA:120,171
DA:121,171
DA:123,171
DA:124,171
DA:125,177
DA:126,171
DA:127,171
DA:128,177
DA:129,171
DA:132,171
DA:133,171
DA:134,171
DA:135,221
DA:136,171
DA:143,171
DA:146,171
DA:147,171
DA:148,171
DA:150,348
DA:151,348
DA:152,348
DA:153,348
DA:154,348
DA:155,497
DA:156,348
DA:157,376
DA:158,464
DA:159,464
DA:160,376
DA:161,348
DA:162,348
DA:163,171
DA:165,171
DA:166,171
DA:167,171
DA:169,198
DA:170,198
DA:172,243
DA:174,243
DA:175,243
DA:176,198
DA:177,198
DA:178,198
DA:179,198
DA:180,198
DA:181,171
DA:183,171
DA:184,171
DA:185,171
DA:187,218
DA:188,218
DA:189,218
DA:191,266
DA:192,266
DA:193,218
DA:194,171
DA:196,171
DA:197,171
DA:198,171
DA:199,171
DA:201,872
DA:202,2616
DA:204,872
DA:205,892
DA:206,872
DA:207,2095
DA:208,2095
DA:210,872
DA:211,895
DA:212,895
DA:213,895
DA:214,895
DA:215,895
DA:216,895
DA:217,895
DA:219,2238
DA:220,2238
DA:221,1560
DA:222,872
DA:223,171
DA:225,171
DA:226,171
DA:227,171
DA:229,853
DA:230,853
DA:231,2085
DA:232,2085
DA:233,1663
DA:234,171
DA:236,171
DA:237,171
DA:238,536
DA:240,171
DA:241,171
DA:242,171
DA:243,519
DA:245,171
DA:246,532
DA:248,171
DA:249,171
DA:251,756
DA:252,195
DA:253,243
DA:254,243
DA:255,261
DA:256,0
DA:257,261
DA:258,261
DA:259,0
DA:260,0
DA:261,243
DA:262,171
DA:265,171
DA:266,171
DA:267,171
DA:269,699
DA:270,176
DA:271,0
DA:272,0
DA:273,0
DA:274,0
DA:276,186
DA:277,171
DA:280,171
DA:281,171
DA:282,171
DA:284,690
DA:285,173
DA:286,0
DA:287,0
DA:289,177
DA:290,171
DA:293,171
DA:294,891
DA:296,171
DA:297,696
DA:299,171
DA:300,171
DA:302,197
DA:303,197
DA:304,197
DA:305,985
DA:306,197
DA:308,197
DA:309,591
DA:310,197
DA:311,171
DA:313,171
DA:314,171
DA:315,171
DA:317,171
DA:318,171
DA:319,171
DA:322,171
DA:323,177
DA:324,177
DA:325,177
DA:326,177
DA:327,177
DA:328,736
DA:329,184
DA:330,736
DA:332,177
DA:334,708
DA:335,171
DA:337,171
DA:340,525
DA:341,175
DA:343,175
DA:344,205
DA:345,205
DA:346,205
DA:348,175
DA:350,175
DA:351,205
DA:352,205
DA:353,175
DA:355,175
DA:356,179
DA:357,179
DA:358,175
DA:360,175
DA:362,175
DA:363,175
DA:365,175
DA:366,175
DA:368,175
DA:369,175
DA:371,175
DA:372,175
DA:374,175
DA:375,178
DA:376,183
DA:377,183
DA:379,183
DA:380,178
DA:381,178
DA:382,175
DA:384,175
DA:385,175
DA:386,175
DA:387,175
DA:390,175
DA:391,175
DA:392,175
DA:393,175
DA:394,175
DA:395,175
DA:396,175
DA:397,175
DA:398,175
DA:399,175
DA:400,171
DA:402,171
DA:403,171
DA:405,171
DA:406,175
DA:407,175
DA:408,175
DA:409,175
DA:410,325
DA:411,325
DA:412,175
DA:413,171
LH:311
LF:320
end_of_record
SF:/home/user/git/tickets/src/test-utils/session.ts
FN:18,loginAsAdmin
FN:52,getTestSession
FN:83,testCookie
FN:86,testCsrfToken
FN:89,createTestManagerSession
FN:150,createTestApiKeyToken
FN:161,createTestApiKeyFull
FN:174,getTestDataKey
FN:185,requestAsApiKey
FN:196,requestAsSession
FN:208,apiRequest
FN:229,setupEventAndLogin
FN:242,adminFormPost
FN:255,adminGet
FN:264,setupAdminTest
FN:285,adminAttendeeAction
FN:304,adminEventPage
FNDA:25,loginAsAdmin
FNDA:3247,getTestSession
FNDA:554,testCookie
FNDA:199,testCsrfToken
FNDA:19,createTestManagerSession
FNDA:86,createTestApiKeyToken
FNDA:19,createTestApiKeyFull
FNDA:105,getTestDataKey
FNDA:99,requestAsApiKey
FNDA:22,requestAsSession
FNDA:90,apiRequest
FNDA:138,setupEventAndLogin
FNDA:391,adminFormPost
FNDA:261,adminGet
FNDA:27,setupAdminTest
FNDA:3,adminAttendeeAction
FNDA:8,adminEventPage
FNF:17
FNH:17
BRDA:32,1,0,1
BRDA:34,1,1,24
BRDA:42,1,2,0
BRDA:46,1,3,0
BRDA:46,1,4,24
BRDA:57,3,0,3237
BRDA:57,3,1,1350
BRDA:57,3,2,1917
BRDA:57,3,3,1897
BRDA:60,3,4,1896
BRDA:76,3,5,1
BRDA:108,6,0,0
BRDA:110,6,1,0
BRDA:112,6,2,0
BRDA:217,12,0,81
BRDA:217,12,1,81
BRDA:218,12,2,10
BRDA:220,12,3,80
BRDA:220,12,4,10
BRDA:222,12,5,80
BRDA:222,12,6,8
BRDA:222,12,7,10
BRDA:250,14,0,390
BRF:23
BRH:18
DA:2,171
DA:3,171
DA:4,171
DA:5,171
DA:7,171
DA:10,171
DA:11,171
DA:12,171
DA:13,171
DA:14,171
DA:15,171
DA:16,171
DA:18,171
DA:22,196
DA:23,196
DA:24,196
DA:26,196
DA:28,196
DA:29,196
DA:30,196
DA:32,196
DA:33,197
DA:34,197
DA:36,220
DA:37,220
DA:38,880
DA:39,220
DA:42,0
DA:43,196
DA:44,196
DA:45,196
DA:46,0
DA:47,220
DA:49,880
DA:50,171
DA:52,171
DA:56,3418
DA:57,3418
DA:59,10469
DA:60,8572
DA:61,10468
DA:62,10468
DA:63,10468
DA:64,10468
DA:65,10468
DA:66,10468
DA:67,10468
DA:68,10468
DA:69,10468
DA:70,10468
DA:72,10468
DA:73,41872
DA:74,10468
DA:75,10468
DA:76,10468
DA:78,3419
DA:79,3419
DA:80,3419
DA:81,171
DA:83,171
DA:84,171
DA:86,171
DA:87,171
DA:89,171
DA:90,171
DA:91,171
DA:93,190
DA:94,190
DA:95,190
DA:96,190
DA:98,190
DA:99,190
DA:100,190
DA:101,190
DA:102,190
DA:103,190
DA:104,190
DA:105,190
DA:107,190
DA:108,0
DA:109,190
DA:110,0
DA:111,190
DA:112,0
DA:113,0
DA:114,0
DA:115,190
DA:117,190
DA:118,190
DA:119,190
DA:120,190
DA:122,190
DA:123,190
DA:124,190
DA:125,190
DA:126,190
DA:127,190
DA:128,190
DA:129,190
DA:131,190
DA:133,190
DA:134,190
DA:136,190
DA:138,190
DA:139,190
DA:140,190
DA:141,190
DA:142,190
DA:143,190
DA:144,190
DA:147,190
DA:148,171
DA:150,171
DA:151,257
DA:152,257
DA:153,257
DA:154,257
DA:155,257
DA:156,257
DA:158,257
DA:159,171
DA:161,171
DA:162,171
DA:164,190
DA:165,190
DA:166,190
DA:167,190
DA:168,190
DA:169,190
DA:171,950
DA:172,171
DA:174,171
DA:175,276
DA:176,276
DA:177,276
DA:178,276
DA:180,276
DA:181,276
DA:182,276
DA:183,171
DA:185,171
DA:186,171
DA:187,171
DA:188,171
DA:190,270
DA:191,270
DA:192,270
DA:193,1080
DA:194,171
DA:196,171
DA:197,171
DA:198,171
DA:199,171
DA:201,193
DA:202,193
DA:203,193
DA:204,193
DA:205,772
DA:206,171
DA:208,171
DA:209,171
DA:210,171
DA:214,171
DA:216,261
DA:217,261
DA:218,261
DA:219,261
DA:220,863
DA:221,261
DA:222,261
DA:223,261
DA:224,261
DA:225,261
DA:226,261
DA:227,171
DA:229,171
DA:230,171
DA:236,309
DA:237,309
DA:238,309
DA:239,1545
DA:240,171
DA:242,171
DA:243,171
DA:244,171
DA:246,562
DA:247,562
DA:248,562
DA:249,562
DA:250,2248
DA:252,4760
DA:253,171
DA:255,171
DA:256,171
DA:258,432
DA:259,432
DA:260,1296
DA:261,2160
DA:262,171
DA:264,171
DA:265,171
DA:267,198
DA:268,198
DA:269,198
DA:270,198
DA:271,198
DA:272,198
DA:273,198
DA:274,198
DA:275,198
DA:276,198
DA:277,198
DA:278,198
DA:280,198
DA:281,1188
DA:282,171
DA:284,171
DA:285,171
DA:286,171
DA:287,171
DA:288,171
DA:290,210
DA:291,210
DA:292,210
DA:293,210
DA:294,210
DA:295,210
DA:296,840
DA:297,210
DA:300,840
DA:301,171
DA:303,171
DA:304,171
DA:305,171
DA:306,171
DA:308,187
DA:309,187
DA:310,187
DA:311,187
DA:312,187
DA:313,748
DA:314,171
LH:235
LF:242
end_of_record
SF:/home/user/git/tickets/src/test-utils/settings.ts
FN:6,withSetting
FN:20,useSetting
FN:30,testWithSetting
FN:38,setupStripe
FN:44,stubWebhookVerify
FNDA:36,withSetting
FNDA:3,useSetting
FNDA:30,testWithSetting
FNDA:142,setupStripe
FNDA:4,stubWebhookVerify
FNF:5
FNH:5
BRF:0
BRH:0
DA:1,171
DA:2,171
DA:4,171
DA:6,171
DA:7,171
DA:8,171
DA:10,207
DA:11,207
DA:12,207
DA:13,207
DA:14,207
DA:15,207
DA:17,207
DA:18,171
DA:20,171
DA:21,174
DA:22,174
DA:23,229
DA:24,174
DA:25,174
DA:26,229
DA:27,174
DA:28,171
DA:30,171
DA:31,171
DA:32,171
DA:33,171
DA:35,201
DA:36,171
DA:38,171
DA:39,313
DA:40,313
DA:41,313
DA:42,171
DA:44,171
DA:49,175
DA:50,175
DA:51,708
DA:53,171
LH:39
LF:39
end_of_record
SF:/home/user/git/tickets/src/test-utils/stripe-mock.ts
FN:22,getPlatform
FN:25,getArch
FN:31,downloadStripeMock
FN:82,isStripeMockRunning
FN:97,waitForStripeMock
FN:113,<instance_members_initializer>
FN:116,StripeMockManager
FN:125,start
FN:152,stop
FN:162,isManaged
FNDA:2,getPlatform
FNDA:2,getArch
FNDA:4,downloadStripeMock
FNDA:26,isStripeMockRunning
FNDA:4,waitForStripeMock
FNDA:6,<instance_members_initializer>
FNDA:6,StripeMockManager
FNDA:3,start
FNDA:4,stop
FNDA:6,isManaged
FNF:10
FNH:10
BRDA:33,3,0,3
BRDA:35,3,1,1
BRDA:86,4,0,6
BRDA:89,4,1,20
BRDA:102,5,0,16
BRDA:103,5,1,2
BRDA:103,5,2,14
BRDA:105,5,3,14
BRDA:127,9,0,1
BRDA:129,9,1,2
BRDA:144,9,2,1
BRDA:153,10,0,2
BRF:12
BRH:12
DA:6,1
DA:7,1
DA:8,1
DA:10,1
DA:11,1
DA:13,1
DA:14,1
DA:15,1
DA:18,3
DA:19,3
DA:22,1
DA:25,1
DA:31,1
DA:32,5
DA:33,5
DA:34,8
DA:35,5
DA:37,6
DA:39,18
DA:41,6
DA:42,6
DA:44,6
DA:47,6
DA:48,36
DA:49,6
DA:50,6
DA:51,6
DA:52,6
DA:53,6
DA:55,6
DA:56,6
DA:59,6
DA:60,36
DA:61,6
DA:62,6
DA:63,6
DA:64,6
DA:67,6
DA:68,24
DA:69,6
DA:70,6
DA:71,6
DA:72,6
DA:75,6
DA:76,1
DA:82,1
DA:83,1
DA:85,27
DA:86,108
DA:87,33
DA:88,33
DA:89,27
DA:90,47
DA:91,47
DA:92,1
DA:97,1
DA:98,1
DA:99,1
DA:100,1
DA:102,5
DA:103,21
DA:104,35
DA:105,35
DA:106,19
DA:107,1
DA:112,1
DA:113,1
DA:114,1
DA:116,1
DA:117,7
DA:118,7
DA:125,1
DA:127,4
DA:128,5
DA:129,5
DA:132,6
DA:135,6
DA:136,24
DA:137,6
DA:138,6
DA:139,6
DA:140,6
DA:143,6
DA:144,4
DA:145,5
DA:146,5
DA:147,4
DA:152,1
DA:153,5
DA:154,7
DA:155,7
DA:156,7
DA:157,5
DA:162,1
DA:163,7
DA:164,7
DA:165,1
LH:97
LF:97
end_of_record
SF:/home/user/git/tickets/src/test-utils/test-browser.ts
FN:11,parseCookies
FN:29,buildCookieHeader
FN:33,stripTags
FN:40,decodeEntities
FN:52,regexCollect
FN:69,findAllLinks
FN:76,findLinkByText
FN:84,extractHiddenInputs
FN:103,findForms
FN:111,extractCheckboxValues
FN:122,findFormByButton
FN:137,throwNoForm
FN:142,formatCookies
FN:149,isRedirect
FN:153,toPath
FN:162,<instance_members_initializer>
FN:171,getHandler
FN:183,buildRequest
FN:196,send
FN:212,request
FN:247,visit
FN:256,clickLink
FN:272,findForm
FN:294,submitForm
FN:337,get pageText
FN:342,containsText
FN:347,findLink
FN:352,debugCookies
FN:357,get links
FN:362,getCheckboxValues
FN:370,downloadBytes
FN:383,submitFormWithFile
FNDA:135,parseCookies
FNDA:135,buildCookieHeader
FNDA:723,stripTags
FNDA:791,decodeEntities
FNDA:113,regexCollect
FNDA:35,findAllLinks
FNDA:26,findLinkByText
FNDA:38,extractHiddenInputs
FNDA:38,findForms
FNDA:2,extractCheckboxValues
FNDA:38,findFormByButton
FNDA:0,throwNoForm
FNDA:0,formatCookies
FNDA:134,isRedirect
FNDA:135,toPath
FNDA:4,<instance_members_initializer>
FNDA:135,getHandler
FNDA:135,buildRequest
FNDA:134,send
FNDA:90,request
FNDA:52,visit
FNDA:26,clickLink
FNDA:38,findForm
FNDA:37,submitForm
FNDA:80,get pageText
FNDA:80,containsText
FNDA:0,findLink
FNDA:0,debugCookies
FNDA:9,get links
FNDA:2,getCheckboxValues
FNDA:1,downloadBytes
FNDA:1,submitFormWithFile
FNF:32
FNH:28
BRDA:12,1,0,70
BRDA:14,1,1,0
BRDA:19,1,2,0
BRDA:20,1,3,38
BRDA:20,1,4,32
BRDA:22,1,5,38
BRDA:59,6,0,711
BRDA:79,9,0,0
BRDA:90,11,0,43
BRDA:94,11,1,0
BRDA:127,17,0,0
BRDA:150,22,0,90
BRDA:154,23,0,0
BRDA:172,25,0,4
BRDA:187,26,0,111
BRDA:199,27,0,0
BRDA:217,28,0,52
BRDA:221,28,1,44
BRDA:221,28,2,44
BRDA:224,28,3,0
BRDA:236,28,4,0
BRDA:236,28,5,0
BRDA:258,30,0,0
BRDA:279,32,0,0
BRDA:304,33,0,42
BRDA:309,33,1,87
BRDA:311,33,2,0
BRDA:314,33,3,3
BRDA:318,33,4,84
BRDA:318,33,5,0
BRDA:396,41,0,0
BRF:31
BRH:16
DA:8,171
DA:11,171
DA:12,306
DA:13,376
DA:14,0
DA:15,376
DA:16,376
DA:18,376
DA:19,0
DA:20,376
DA:21,408
DA:22,376
DA:23,414
DA:24,414
DA:25,376
DA:26,171
DA:29,171
DA:30,648
DA:33,171
DA:34,171
DA:35,171
DA:36,171
DA:37,171
DA:40,171
DA:41,171
DA:42,171
DA:43,171
DA:44,171
DA:45,171
DA:46,171
DA:47,171
DA:48,171
DA:49,171
DA:52,171
DA:53,171
DA:54,171
DA:55,171
DA:57,284
DA:58,284
DA:59,284
DA:60,995
DA:61,995
DA:62,284
DA:63,171
DA:69,171
DA:70,171
DA:71,770
DA:72,770
DA:73,171
DA:76,171
DA:77,197
DA:78,0
DA:79,0
DA:81,171
DA:84,171
DA:85,209
DA:86,209
DA:87,209
DA:88,209
DA:89,209
DA:90,209
DA:91,252
DA:92,252
DA:93,252
DA:94,0
DA:95,252
DA:96,252
DA:97,209
DA:98,171
DA:103,171
DA:104,171
DA:105,171
DA:106,171
DA:107,964
DA:111,171
DA:112,171
DA:113,171
DA:114,171
DA:115,171
DA:117,171
DA:118,171
DA:122,171
DA:123,209
DA:124,209
DA:125,209
DA:127,209
DA:128,0
DA:129,0
DA:130,0
DA:131,0
DA:132,0
DA:134,171
DA:136,0
DA:137,0
DA:138,0
DA:139,0
DA:142,0
DA:143,0
DA:144,0
DA:145,0
DA:146,0
DA:147,0
DA:149,171
DA:150,171
DA:153,0
DA:154,0
DA:160,171
DA:162,171
DA:164,175
DA:166,175
DA:168,175
DA:171,175
DA:172,310
DA:173,314
DA:174,314
DA:175,314
DA:176,310
DA:177,310
DA:180,171
DA:183,171
DA:184,306
DA:185,306
DA:186,306
DA:187,306
DA:188,306
DA:189,306
DA:190,306
DA:191,306
DA:192,306
DA:193,306
DA:196,171
DA:197,305
DA:198,305
DA:199,0
DA:201,0
DA:202,0
DA:203,0
DA:204,0
DA:206,0
DA:207,305
DA:208,305
DA:209,305
DA:212,171
DA:213,171
DA:214,171
DA:215,171
DA:216,261
DA:217,261
DA:220,261
DA:221,261
DA:222,305
DA:223,305
DA:224,0
DA:225,305
DA:226,305
DA:227,305
DA:228,305
DA:230,305
DA:232,261
DA:233,261
DA:234,261
DA:235,261
DA:236,0
DA:237,0
DA:238,0
DA:239,261
DA:240,261
DA:241,261
DA:247,171
DA:248,223
DA:249,223
DA:256,171
DA:257,197
DA:258,0
DA:259,0
DA:260,0
DA:261,0
DA:262,0
DA:263,0
DA:264,0
DA:265,0
DA:267,0
DA:268,197
DA:269,197
DA:272,171
DA:276,171
DA:277,209
DA:278,0
DA:279,0
DA:280,0
DA:281,209
DA:282,209
DA:283,209
DA:284,209
DA:285,209
DA:286,209
DA:294,171
DA:295,171
DA:296,171
DA:297,171
DA:298,208
DA:301,208
DA:304,208
DA:305,250
DA:306,250
DA:309,208
DA:311,0
DA:312,0
DA:313,0
DA:314,295
DA:315,298
DA:316,298
DA:317,298
DA:318,0
DA:320,0
DA:321,0
DA:322,0
DA:323,0
DA:324,0
DA:325,379
DA:326,379
DA:327,295
DA:329,208
DA:330,208
DA:331,624
DA:332,208
DA:333,208
DA:334,208
DA:337,171
DA:338,251
DA:339,251
DA:342,171
DA:343,251
DA:344,251
DA:347,0
DA:348,0
DA:349,0
DA:352,0
DA:353,0
DA:354,0
DA:357,171
DA:358,180
DA:359,180
DA:362,171
DA:363,173
DA:364,173
DA:370,171
DA:371,172
DA:372,172
DA:373,172
DA:374,172
DA:375,172
DA:376,172
DA:383,171
DA:384,171
DA:385,171
DA:386,171
DA:387,171
DA:388,171
DA:389,171
DA:390,172
DA:391,172
DA:393,172
DA:394,172
DA:395,172
DA:396,0
DA:397,0
DA:398,0
DA:399,172
DA:400,172
DA:401,516
DA:404,172
DA:405,172
DA:406,172
DA:407,172
DA:408,172
DA:409,171
LH:215
LF:277
end_of_record
SF:/home/user/git/tickets/src/test-utils/validation.ts
FN:6,validateFormData
FN:9,expectValid
FN:19,expectInvalid
FN:26,expectInvalidForm
FNDA:42,validateFormData
FNDA:21,expectValid
FNDA:21,expectInvalid
FNDA:0,expectInvalidForm
FNF:4
FNH:3
BRF:0
BRH:0
DA:1,171
DA:2,171
DA:4,171
DA:6,171
DA:7,171
DA:9,171
DA:10,171
DA:11,171
DA:13,192
DA:14,192
DA:15,192
DA:16,171
DA:18,171
DA:19,171
DA:20,171
DA:21,213
DA:22,213
DA:23,213
DA:24,171
DA:26,0
DA:27,0
DA:28,0
DA:30,0
DA:31,0
LH:19
LF:24
end_of_record
