SF:/home/user/tickets/src/shared/caldav/pacing.ts
FN:33,leaseTimeLeftMs
FNDA:4,leaseTimeLeftMs
FNF:1
FNH:1
BRF:0
BRH:0
DA:14,1
DA:20,1
DA:23,1
DA:33,1
DA:34,1
LH:5
LF:5
end_of_record
SF:/home/user/tickets/src/shared/caldav/push-plan.ts
FN:105,byAttemptAsc
FN:110,sortByReadiness
FN:119,isDue
FN:134,chooseWithinBudget
FN:164,shareBudget
FN:182,splitPending
FN:202,refreshReserve
FN:206,pendingActionOf
FN:213,planPush
FNDA:1,byAttemptAsc
FNDA:60,sortByReadiness
FNDA:14,isDue
FNDA:40,chooseWithinBudget
FNDA:20,shareBudget
FNDA:20,splitPending
FNDA:20,refreshReserve
FNDA:40,pendingActionOf
FNDA:20,planPush
FNF:9
FNH:9
BRDA:139,7,0,21
BRDA:141,7,1,19
BRDA:143,7,2,15
BRDA:144,7,3,4
BRDA:169,8,0,15
BRDA:171,8,1,5
BRDA:172,8,2,1
BRDA:174,8,3,4
BRDA:192,10,0,3
BRDA:197,13,0,3
BRDA:203,14,0,16
BRDA:203,14,1,4
BRDA:256,17,0,1
BRDA:257,17,1,19
BRDA:283,17,2,13
BRF:15
BRH:15
DA:105,1
DA:106,1
DA:107,1
DA:108,1
DA:110,1
DA:111,1
DA:112,1
DA:113,1
DA:115,61
DA:116,61
DA:117,61
DA:119,61
DA:120,61
DA:121,61
DA:122,61
DA:123,61
DA:124,61
DA:125,61
DA:126,1
DA:134,1
DA:135,1
DA:136,1
DA:137,1
DA:139,41
DA:140,248
DA:141,62
DA:142,41
DA:143,41
DA:144,41
DA:145,41
DA:146,41
DA:148,41
DA:149,41
DA:150,41
DA:152,41
DA:153,41
DA:154,41
DA:155,123
DA:156,41
DA:157,1
DA:164,1
DA:165,1
DA:166,1
DA:167,1
DA:169,21
DA:170,144
DA:171,36
DA:172,21
DA:173,88
DA:174,22
DA:175,25
DA:176,25
DA:177,25
DA:178,100
DA:179,1
DA:182,1
DA:183,1
DA:188,1
DA:191,21
DA:192,21
DA:193,88
DA:195,21
DA:197,21
DA:198,1
DA:202,1
DA:203,1
DA:205,1
DA:206,1
DA:207,1
DA:208,78
DA:209,78
DA:210,78
DA:211,1
DA:213,1
DA:214,21
DA:215,21
DA:217,21
DA:218,21
DA:220,21
DA:221,21
DA:224,21
DA:225,84
DA:227,21
DA:228,21
DA:230,21
DA:231,21
DA:232,21
DA:234,21
DA:235,21
DA:236,21
DA:237,21
DA:239,21
DA:240,21
DA:241,21
DA:242,21
DA:245,21
DA:246,21
DA:247,21
DA:249,21
DA:250,21
DA:251,21
DA:252,21
DA:253,88
DA:255,21
DA:256,21
DA:257,130
DA:258,21
DA:259,21
DA:260,21
DA:261,22
DA:262,22
DA:263,21
DA:264,21
DA:265,33
DA:266,33
DA:267,33
DA:268,21
DA:269,21
DA:270,21
DA:271,27
DA:272,27
DA:273,21
DA:274,21
DA:275,21
DA:277,21
DA:278,21
DA:280,21
DA:282,21
DA:283,21
DA:284,21
DA:285,21
DA:286,1
LH:132
LF:132
end_of_record
SF:/home/user/tickets/src/shared/caldav/vevent.ts
FN:38,buildListingEvent
FNDA:6,buildListingEvent
FNF:1
FNH:1
BRDA:46,1,0,5
BRDA:49,1,1,5
BRF:2
BRH:2
DA:12,1
DA:38,1
DA:39,7
DA:40,7
DA:41,7
DA:42,7
DA:43,7
DA:44,7
DA:45,7
DA:46,7
DA:47,12
DA:48,12
DA:49,7
DA:50,7
DA:51,7
DA:52,7
DA:53,7
DA:54,7
DA:55,7
DA:56,7
DA:57,7
DA:58,7
DA:59,1
LH:23
LF:23
end_of_record
SF:/home/user/tickets/src/shared/ics.ts
FN:13,escapeIcs
FN:22,formatIcsDate
FN:32,appendItemSchedule
FNDA:27,escapeIcs
FNDA:15,formatIcsDate
FNDA:9,appendItemSchedule
FNF:3
FNH:3
BRDA:36,3,0,8
BRF:1
BRH:1
DA:13,2
DA:14,2
DA:15,2
DA:16,2
DA:17,2
DA:18,2
DA:19,2
DA:22,2
DA:23,2
DA:24,2
DA:25,2
DA:26,2
DA:32,2
DA:33,2
DA:34,2
DA:36,11
DA:37,11
DA:38,2
LH:18
LF:18
end_of_record
